#! /c/Source/iverilog-install/bin/vvp
:ivl_version "12.0 (devel)" "(s20150603-1539-g2693dd32b)";
:ivl_delay_selection "TYPICAL";
:vpi_time_precision - 12;
:vpi_module "C:\iverilog\lib\ivl\system.vpi";
:vpi_module "C:\iverilog\lib\ivl\vhdl_sys.vpi";
:vpi_module "C:\iverilog\lib\ivl\vhdl_textio.vpi";
:vpi_module "C:\iverilog\lib\ivl\v2005_math.vpi";
:vpi_module "C:\iverilog\lib\ivl\va_math.vpi";
S_00000217e45966c0 .scope module, "AND" "AND" 2 2;
 .timescale -9 -12;
    .port_info 0 /INPUT 16 "A";
    .port_info 1 /INPUT 16 "B";
    .port_info 2 /OUTPUT 16 "Output1";
o00000217e45e6858 .functor BUFZ 16, C4<zzzzzzzzzzzzzzzz>; HiZ drive
o00000217e45e6888 .functor BUFZ 16, C4<zzzzzzzzzzzzzzzz>; HiZ drive
L_00000217e4596ff0 .functor AND 16, o00000217e45e6858, o00000217e45e6888, C4<1111111111111111>, C4<1111111111111111>;
v00000217e4596850_0 .net "A", 15 0, o00000217e45e6858;  0 drivers
v00000217e45968f0_0 .net "B", 15 0, o00000217e45e6888;  0 drivers
v00000217e4596990_0 .net "Output1", 15 0, L_00000217e4596ff0;  1 drivers
# The file index is used to find the file name in the following table.
:file_names 3;
    "N/A";
    "<interactive>";
    "and.v";
