#! /c/Source/iverilog-install/bin/vvp
:ivl_version "12.0 (devel)" "(s20150603-1539-g2693dd32b)";
:ivl_delay_selection "TYPICAL";
:vpi_time_precision - 12;
:vpi_module "C:\iverilog\lib\ivl\system.vpi";
:vpi_module "C:\iverilog\lib\ivl\vhdl_sys.vpi";
:vpi_module "C:\iverilog\lib\ivl\vhdl_textio.vpi";
:vpi_module "C:\iverilog\lib\ivl\v2005_math.vpi";
:vpi_module "C:\iverilog\lib\ivl\va_math.vpi";
S_000001e2302266c0 .scope module, "NAND" "NAND" 2 2;
 .timescale -9 -12;
    .port_info 0 /INPUT 16 "A";
    .port_info 1 /INPUT 16 "B";
    .port_info 2 /OUTPUT 16 "Output5";
o000001e230346a18 .functor BUFZ 16, C4<zzzzzzzzzzzzzzzz>; HiZ drive
o000001e230346a48 .functor BUFZ 16, C4<zzzzzzzzzzzzzzzz>; HiZ drive
L_000001e230226ad0 .functor AND 16, o000001e230346a18, o000001e230346a48, C4<1111111111111111>, C4<1111111111111111>;
L_000001e230226ff0 .functor NOT 16, L_000001e230226ad0, C4<0000000000000000>, C4<0000000000000000>, C4<0000000000000000>;
v000001e230226850_0 .net "A", 15 0, o000001e230346a18;  0 drivers
v000001e2302268f0_0 .net "B", 15 0, o000001e230346a48;  0 drivers
v000001e230226990_0 .net "Output5", 15 0, L_000001e230226ff0;  1 drivers
v000001e230226a30_0 .net *"_ivl_0", 15 0, L_000001e230226ad0;  1 drivers
# The file index is used to find the file name in the following table.
:file_names 3;
    "N/A";
    "<interactive>";
    "nand.v";
