#! /c/Source/iverilog-install/bin/vvp
:ivl_version "12.0 (devel)" "(s20150603-1539-g2693dd32b)";
:ivl_delay_selection "TYPICAL";
:vpi_time_precision - 12;
:vpi_module "C:\iverilog\lib\ivl\system.vpi";
:vpi_module "C:\iverilog\lib\ivl\vhdl_sys.vpi";
:vpi_module "C:\iverilog\lib\ivl\vhdl_textio.vpi";
:vpi_module "C:\iverilog\lib\ivl\v2005_math.vpi";
:vpi_module "C:\iverilog\lib\ivl\va_math.vpi";
S_000001f7cb1366c0 .scope module, "NOT" "NOT" 2 2;
 .timescale -9 -12;
    .port_info 0 /INPUT 16 "A";
    .port_info 1 /OUTPUT 16 "Output3";
o000001f7cb476538 .functor BUFZ 16, C4<zzzzzzzzzzzzzzzz>; HiZ drive
L_000001f7cb136f50 .functor NOT 16, o000001f7cb476538, C4<0000000000000000>, C4<0000000000000000>, C4<0000000000000000>;
v000001f7cb136850_0 .net "A", 15 0, o000001f7cb476538;  0 drivers
v000001f7cb1368f0_0 .net "Output3", 15 0, L_000001f7cb136f50;  1 drivers
# The file index is used to find the file name in the following table.
:file_names 3;
    "N/A";
    "<interactive>";
    "not.v";
