#! /c/Source/iverilog-install/bin/vvp
:ivl_version "12.0 (devel)" "(s20150603-1539-g2693dd32b)";
:ivl_delay_selection "TYPICAL";
:vpi_time_precision - 12;
:vpi_module "C:\iverilog\lib\ivl\system.vpi";
:vpi_module "C:\iverilog\lib\ivl\vhdl_sys.vpi";
:vpi_module "C:\iverilog\lib\ivl\vhdl_textio.vpi";
:vpi_module "C:\iverilog\lib\ivl\v2005_math.vpi";
:vpi_module "C:\iverilog\lib\ivl\va_math.vpi";
S_0000021e1fd066c0 .scope module, "OR" "OR" 2 2;
 .timescale -9 -12;
    .port_info 0 /INPUT 16 "A";
    .port_info 1 /INPUT 16 "B";
    .port_info 2 /OUTPUT 16 "Output2";
o0000021e1fd56858 .functor BUFZ 16, C4<zzzzzzzzzzzzzzzz>; HiZ drive
o0000021e1fd56888 .functor BUFZ 16, C4<zzzzzzzzzzzzzzzz>; HiZ drive
L_0000021e1fd06ff0 .functor OR 16, o0000021e1fd56858, o0000021e1fd56888, C4<0000000000000000>, C4<0000000000000000>;
v0000021e1fd06850_0 .net "A", 15 0, o0000021e1fd56858;  0 drivers
v0000021e1fd068f0_0 .net "B", 15 0, o0000021e1fd56888;  0 drivers
v0000021e1fd06990_0 .net "Output2", 15 0, L_0000021e1fd06ff0;  1 drivers
# The file index is used to find the file name in the following table.
:file_names 3;
    "N/A";
    "<interactive>";
    "or.v";
