#! /c/Source/iverilog-install/bin/vvp
:ivl_version "12.0 (devel)" "(s20150603-1539-g2693dd32b)";
:ivl_delay_selection "TYPICAL";
:vpi_time_precision + 0;
:vpi_module "C:\iverilog\lib\ivl\system.vpi";
:vpi_module "C:\iverilog\lib\ivl\vhdl_sys.vpi";
:vpi_module "C:\iverilog\lib\ivl\vhdl_textio.vpi";
:vpi_module "C:\iverilog\lib\ivl\v2005_math.vpi";
:vpi_module "C:\iverilog\lib\ivl\va_math.vpi";
S_0000025ee6f25770 .scope module, "CLA" "CLA" 2 18;
 .timescale 0 0;
    .port_info 0 /INPUT 4 "a";
    .port_info 1 /INPUT 4 "b";
    .port_info 2 /INPUT 1 "cin";
    .port_info 3 /OUTPUT 4 "Sum";
    .port_info 4 /OUTPUT 1 "Cout";
L_0000025ee6f8c260 .functor XOR 1, L_0000025ee6f222a0, L_0000025ee6f220e0, C4<0>, C4<0>;
L_0000025ee6f8c500 .functor XOR 1, L_0000025ee6f21a50, L_0000025ee6f22460, C4<0>, C4<0>;
L_0000025ee6f8c6c0 .functor XOR 1, L_0000025ee6f21e40, L_0000025ee6f21c10, C4<0>, C4<0>;
L_0000025ee6f8c960 .functor XOR 1, L_0000025ee6f22310, L_0000025ee6f217b0, C4<0>, C4<0>;
L_0000025ee6f8cb20 .functor BUFZ 1, L_0000025ee6f8cce0, C4<0>, C4<0>, C4<0>;
v0000025ee6f88420_0 .net "Cout", 0 0, L_0000025ee6f8cb20;  1 drivers
v0000025ee6f887e0_0 .net "Sum", 3 0, L_0000025ee6f88880;  1 drivers
v0000025ee6f88c40_0 .net *"_ivl_18", 0 0, L_0000025ee6f8c260;  1 drivers
v0000025ee6f881a0_0 .net *"_ivl_22", 0 0, L_0000025ee6f8c500;  1 drivers
v0000025ee6f88100_0 .net *"_ivl_26", 0 0, L_0000025ee6f8c6c0;  1 drivers
v0000025ee6f88240_0 .net *"_ivl_31", 0 0, L_0000025ee6f8c960;  1 drivers
o0000025ee6f36698 .functor BUFZ 4, C4<zzzz>; HiZ drive
v0000025ee6f88380_0 .net "a", 3 0, o0000025ee6f36698;  0 drivers
o0000025ee6f366c8 .functor BUFZ 4, C4<zzzz>; HiZ drive
v0000025ee6f87c00_0 .net "b", 3 0, o0000025ee6f366c8;  0 drivers
v0000025ee6f882e0_0 .net "c0", 0 0, L_0000025ee6f220e0;  1 drivers
v0000025ee6f87ac0_0 .net "c1", 0 0, L_0000025ee6f22460;  1 drivers
v0000025ee6f87de0_0 .net "c2", 0 0, L_0000025ee6f21c10;  1 drivers
v0000025ee6f88ba0_0 .net "c3", 0 0, L_0000025ee6f217b0;  1 drivers
v0000025ee6f87b60_0 .net "c4", 0 0, L_0000025ee6f8cce0;  1 drivers
o0000025ee6f356d8 .functor BUFZ 1, C4<z>; HiZ drive
v0000025ee6f89140_0 .net "cin", 0 0, o0000025ee6f356d8;  0 drivers
v0000025ee6f88560_0 .net "g0", 0 0, L_0000025ee6f21cf0;  1 drivers
v0000025ee6f87d40_0 .net "g1", 0 0, L_0000025ee6f21ba0;  1 drivers
v0000025ee6f89000_0 .net "g2", 0 0, L_0000025ee6f21b30;  1 drivers
v0000025ee6f891e0_0 .net "g3", 0 0, L_0000025ee6f21d60;  1 drivers
v0000025ee6f88600_0 .net "p0", 0 0, L_0000025ee6f222a0;  1 drivers
v0000025ee6f878e0_0 .net "p1", 0 0, L_0000025ee6f21a50;  1 drivers
v0000025ee6f87e80_0 .net "p2", 0 0, L_0000025ee6f21e40;  1 drivers
v0000025ee6f87f20_0 .net "p3", 0 0, L_0000025ee6f22310;  1 drivers
L_0000025ee6f886a0 .part o0000025ee6f36698, 0, 1;
L_0000025ee6f88740 .part o0000025ee6f366c8, 0, 1;
L_0000025ee6f890a0 .part o0000025ee6f36698, 1, 1;
L_0000025ee6f89460 .part o0000025ee6f366c8, 1, 1;
L_0000025ee6f889c0 .part o0000025ee6f36698, 2, 1;
L_0000025ee6f89280 .part o0000025ee6f366c8, 2, 1;
L_0000025ee6f89500 .part o0000025ee6f36698, 3, 1;
L_0000025ee6f893c0 .part o0000025ee6f366c8, 3, 1;
L_0000025ee6f88880 .concat8 [ 1 1 1 1], L_0000025ee6f8c260, L_0000025ee6f8c500, L_0000025ee6f8c6c0, L_0000025ee6f8c960;
S_0000025ee6f25900 .scope module, "CG" "carrygenerator" 2 30, 2 8 0, S_0000025ee6f25770;
 .timescale 0 0;
    .port_info 0 /INPUT 1 "Cin";
    .port_info 1 /INPUT 1 "p0";
    .port_info 2 /INPUT 1 "p1";
    .port_info 3 /INPUT 1 "p2";
    .port_info 4 /INPUT 1 "p3";
    .port_info 5 /INPUT 1 "g0";
    .port_info 6 /INPUT 1 "g1";
    .port_info 7 /INPUT 1 "g2";
    .port_info 8 /INPUT 1 "g3";
    .port_info 9 /OUTPUT 1 "c0";
    .port_info 10 /OUTPUT 1 "c1";
    .port_info 11 /OUTPUT 1 "c2";
    .port_info 12 /OUTPUT 1 "c3";
    .port_info 13 /OUTPUT 1 "c4";
L_0000025ee6f220e0 .functor BUFZ 1, o0000025ee6f356d8, C4<0>, C4<0>, C4<0>;
L_0000025ee6f224d0 .functor AND 1, L_0000025ee6f222a0, o0000025ee6f356d8, C4<1>, C4<1>;
L_0000025ee6f22460 .functor OR 1, L_0000025ee6f21cf0, L_0000025ee6f224d0, C4<0>, C4<0>;
L_0000025ee6f22380 .functor AND 1, L_0000025ee6f21a50, L_0000025ee6f21cf0, C4<1>, C4<1>;
L_0000025ee6f22540 .functor OR 1, L_0000025ee6f21ba0, L_0000025ee6f22380, C4<0>, C4<0>;
L_0000025ee6f22150 .functor AND 1, L_0000025ee6f21a50, L_0000025ee6f222a0, C4<1>, C4<1>;
L_0000025ee6f21820 .functor AND 1, L_0000025ee6f22150, o0000025ee6f356d8, C4<1>, C4<1>;
L_0000025ee6f21c10 .functor OR 1, L_0000025ee6f22540, L_0000025ee6f21820, C4<0>, C4<0>;
L_0000025ee6f223f0 .functor AND 1, L_0000025ee6f21e40, L_0000025ee6f21ba0, C4<1>, C4<1>;
L_0000025ee6f21dd0 .functor OR 1, L_0000025ee6f21b30, L_0000025ee6f223f0, C4<0>, C4<0>;
L_0000025ee6f21eb0 .functor AND 1, L_0000025ee6f21e40, L_0000025ee6f21a50, C4<1>, C4<1>;
L_0000025ee6f21f20 .functor AND 1, L_0000025ee6f21eb0, L_0000025ee6f21cf0, C4<1>, C4<1>;
L_0000025ee6f221c0 .functor OR 1, L_0000025ee6f21dd0, L_0000025ee6f21f20, C4<0>, C4<0>;
L_0000025ee6f22620 .functor AND 1, L_0000025ee6f21e40, L_0000025ee6f21a50, C4<1>, C4<1>;
L_0000025ee6f22230 .functor AND 1, L_0000025ee6f22620, L_0000025ee6f222a0, C4<1>, C4<1>;
L_0000025ee6f22690 .functor AND 1, L_0000025ee6f22230, o0000025ee6f356d8, C4<1>, C4<1>;
L_0000025ee6f217b0 .functor OR 1, L_0000025ee6f221c0, L_0000025ee6f22690, C4<0>, C4<0>;
L_0000025ee6f21890 .functor AND 1, L_0000025ee6f22310, L_0000025ee6f21b30, C4<1>, C4<1>;
L_0000025ee6f8c2d0 .functor OR 1, L_0000025ee6f21d60, L_0000025ee6f21890, C4<0>, C4<0>;
L_0000025ee6f8ca40 .functor AND 1, L_0000025ee6f22310, L_0000025ee6f21e40, C4<1>, C4<1>;
L_0000025ee6f8bf50 .functor AND 1, L_0000025ee6f8ca40, L_0000025ee6f21ba0, C4<1>, C4<1>;
L_0000025ee6f8cdc0 .functor OR 1, L_0000025ee6f8c2d0, L_0000025ee6f8bf50, C4<0>, C4<0>;
L_0000025ee6f8c0a0 .functor AND 1, L_0000025ee6f22310, L_0000025ee6f21e40, C4<1>, C4<1>;
L_0000025ee6f8cc00 .functor AND 1, L_0000025ee6f8c0a0, L_0000025ee6f21a50, C4<1>, C4<1>;
L_0000025ee6f8c8f0 .functor AND 1, L_0000025ee6f8cc00, L_0000025ee6f21cf0, C4<1>, C4<1>;
L_0000025ee6f8c1f0 .functor OR 1, L_0000025ee6f8cdc0, L_0000025ee6f8c8f0, C4<0>, C4<0>;
L_0000025ee6f8c570 .functor AND 1, L_0000025ee6f22310, L_0000025ee6f21e40, C4<1>, C4<1>;
L_0000025ee6f8c880 .functor AND 1, L_0000025ee6f8c570, L_0000025ee6f21a50, C4<1>, C4<1>;
L_0000025ee6f8c490 .functor AND 1, L_0000025ee6f8c880, L_0000025ee6f222a0, C4<1>, C4<1>;
L_0000025ee6f8cc70 .functor AND 1, L_0000025ee6f8c490, o0000025ee6f356d8, C4<1>, C4<1>;
L_0000025ee6f8cce0 .functor OR 1, L_0000025ee6f8c1f0, L_0000025ee6f8cc70, C4<0>, C4<0>;
v0000025ee6f31ec0_0 .net "Cin", 0 0, o0000025ee6f356d8;  alias, 0 drivers
v0000025ee6f30a20_0 .net *"_ivl_10", 0 0, L_0000025ee6f22150;  1 drivers
v0000025ee6f30520_0 .net *"_ivl_12", 0 0, L_0000025ee6f21820;  1 drivers
v0000025ee6f30c00_0 .net *"_ivl_16", 0 0, L_0000025ee6f223f0;  1 drivers
v0000025ee6f30840_0 .net *"_ivl_18", 0 0, L_0000025ee6f21dd0;  1 drivers
v0000025ee6f31a60_0 .net *"_ivl_2", 0 0, L_0000025ee6f224d0;  1 drivers
v0000025ee6f311a0_0 .net *"_ivl_20", 0 0, L_0000025ee6f21eb0;  1 drivers
v0000025ee6f31420_0 .net *"_ivl_22", 0 0, L_0000025ee6f21f20;  1 drivers
v0000025ee6f30ac0_0 .net *"_ivl_24", 0 0, L_0000025ee6f221c0;  1 drivers
v0000025ee6f30b60_0 .net *"_ivl_26", 0 0, L_0000025ee6f22620;  1 drivers
v0000025ee6f30700_0 .net *"_ivl_28", 0 0, L_0000025ee6f22230;  1 drivers
v0000025ee6f30fc0_0 .net *"_ivl_30", 0 0, L_0000025ee6f22690;  1 drivers
v0000025ee6f30f20_0 .net *"_ivl_34", 0 0, L_0000025ee6f21890;  1 drivers
v0000025ee6f300c0_0 .net *"_ivl_36", 0 0, L_0000025ee6f8c2d0;  1 drivers
v0000025ee6f305c0_0 .net *"_ivl_38", 0 0, L_0000025ee6f8ca40;  1 drivers
v0000025ee6f302a0_0 .net *"_ivl_40", 0 0, L_0000025ee6f8bf50;  1 drivers
v0000025ee6f303e0_0 .net *"_ivl_42", 0 0, L_0000025ee6f8cdc0;  1 drivers
v0000025ee6f314c0_0 .net *"_ivl_44", 0 0, L_0000025ee6f8c0a0;  1 drivers
v0000025ee6f30ca0_0 .net *"_ivl_46", 0 0, L_0000025ee6f8cc00;  1 drivers
v0000025ee6f31560_0 .net *"_ivl_48", 0 0, L_0000025ee6f8c8f0;  1 drivers
v0000025ee6f316a0_0 .net *"_ivl_50", 0 0, L_0000025ee6f8c1f0;  1 drivers
v0000025ee6f30480_0 .net *"_ivl_52", 0 0, L_0000025ee6f8c570;  1 drivers
v0000025ee6f31ba0_0 .net *"_ivl_54", 0 0, L_0000025ee6f8c880;  1 drivers
v0000025ee6f30e80_0 .net *"_ivl_56", 0 0, L_0000025ee6f8c490;  1 drivers
v0000025ee6f30660_0 .net *"_ivl_58", 0 0, L_0000025ee6f8cc70;  1 drivers
v0000025ee6f30de0_0 .net *"_ivl_6", 0 0, L_0000025ee6f22380;  1 drivers
v0000025ee6f30020_0 .net *"_ivl_8", 0 0, L_0000025ee6f22540;  1 drivers
v0000025ee6f317e0_0 .net "c0", 0 0, L_0000025ee6f220e0;  alias, 1 drivers
v0000025ee6f31880_0 .net "c1", 0 0, L_0000025ee6f22460;  alias, 1 drivers
v0000025ee6f307a0_0 .net "c2", 0 0, L_0000025ee6f21c10;  alias, 1 drivers
v0000025ee6f308e0_0 .net "c3", 0 0, L_0000025ee6f217b0;  alias, 1 drivers
v0000025ee6f31920_0 .net "c4", 0 0, L_0000025ee6f8cce0;  alias, 1 drivers
v0000025ee6f31100_0 .net "g0", 0 0, L_0000025ee6f21cf0;  alias, 1 drivers
v0000025ee6f31ce0_0 .net "g1", 0 0, L_0000025ee6f21ba0;  alias, 1 drivers
v0000025ee6f312e0_0 .net "g2", 0 0, L_0000025ee6f21b30;  alias, 1 drivers
v0000025ee6f31240_0 .net "g3", 0 0, L_0000025ee6f21d60;  alias, 1 drivers
v0000025ee6f31600_0 .net "p0", 0 0, L_0000025ee6f222a0;  alias, 1 drivers
v0000025ee6f31c40_0 .net "p1", 0 0, L_0000025ee6f21a50;  alias, 1 drivers
v0000025ee6f30980_0 .net "p2", 0 0, L_0000025ee6f21e40;  alias, 1 drivers
v0000025ee6f31d80_0 .net "p3", 0 0, L_0000025ee6f22310;  alias, 1 drivers
S_0000025ee6f23fa0 .scope module, "HA1" "halfadder" 2 25, 2 1 0, S_0000025ee6f25770;
 .timescale 0 0;
    .port_info 0 /OUTPUT 1 "S";
    .port_info 1 /OUTPUT 1 "C";
    .port_info 2 /INPUT 1 "x";
    .port_info 3 /INPUT 1 "y";
L_0000025ee6f222a0 .functor XOR 1, L_0000025ee6f886a0, L_0000025ee6f88740, C4<0>, C4<0>;
L_0000025ee6f21cf0 .functor AND 1, L_0000025ee6f886a0, L_0000025ee6f88740, C4<1>, C4<1>;
v0000025ee6f31740_0 .net "C", 0 0, L_0000025ee6f21cf0;  alias, 1 drivers
v0000025ee6f31e20_0 .net "S", 0 0, L_0000025ee6f222a0;  alias, 1 drivers
v0000025ee6f88e20_0 .net "x", 0 0, L_0000025ee6f886a0;  1 drivers
v0000025ee6f896e0_0 .net "y", 0 0, L_0000025ee6f88740;  1 drivers
S_0000025ee6f89800 .scope module, "HA2" "halfadder" 2 26, 2 1 0, S_0000025ee6f25770;
 .timescale 0 0;
    .port_info 0 /OUTPUT 1 "S";
    .port_info 1 /OUTPUT 1 "C";
    .port_info 2 /INPUT 1 "x";
    .port_info 3 /INPUT 1 "y";
L_0000025ee6f21a50 .functor XOR 1, L_0000025ee6f890a0, L_0000025ee6f89460, C4<0>, C4<0>;
L_0000025ee6f21ba0 .functor AND 1, L_0000025ee6f890a0, L_0000025ee6f89460, C4<1>, C4<1>;
v0000025ee6f88ec0_0 .net "C", 0 0, L_0000025ee6f21ba0;  alias, 1 drivers
v0000025ee6f88f60_0 .net "S", 0 0, L_0000025ee6f21a50;  alias, 1 drivers
v0000025ee6f87fc0_0 .net "x", 0 0, L_0000025ee6f890a0;  1 drivers
v0000025ee6f884c0_0 .net "y", 0 0, L_0000025ee6f89460;  1 drivers
S_0000025ee6f8a9a0 .scope module, "HA3" "halfadder" 2 27, 2 1 0, S_0000025ee6f25770;
 .timescale 0 0;
    .port_info 0 /OUTPUT 1 "S";
    .port_info 1 /OUTPUT 1 "C";
    .port_info 2 /INPUT 1 "x";
    .port_info 3 /INPUT 1 "y";
L_0000025ee6f21e40 .functor XOR 1, L_0000025ee6f889c0, L_0000025ee6f89280, C4<0>, C4<0>;
L_0000025ee6f21b30 .functor AND 1, L_0000025ee6f889c0, L_0000025ee6f89280, C4<1>, C4<1>;
v0000025ee6f89320_0 .net "C", 0 0, L_0000025ee6f21b30;  alias, 1 drivers
v0000025ee6f88920_0 .net "S", 0 0, L_0000025ee6f21e40;  alias, 1 drivers
v0000025ee6f87ca0_0 .net "x", 0 0, L_0000025ee6f889c0;  1 drivers
v0000025ee6f87a20_0 .net "y", 0 0, L_0000025ee6f89280;  1 drivers
S_0000025ee6f8ab30 .scope module, "HA4" "halfadder" 2 28, 2 1 0, S_0000025ee6f25770;
 .timescale 0 0;
    .port_info 0 /OUTPUT 1 "S";
    .port_info 1 /OUTPUT 1 "C";
    .port_info 2 /INPUT 1 "x";
    .port_info 3 /INPUT 1 "y";
L_0000025ee6f22310 .functor XOR 1, L_0000025ee6f89500, L_0000025ee6f893c0, C4<0>, C4<0>;
L_0000025ee6f21d60 .functor AND 1, L_0000025ee6f89500, L_0000025ee6f893c0, C4<1>, C4<1>;
v0000025ee6f88060_0 .net "C", 0 0, L_0000025ee6f21d60;  alias, 1 drivers
v0000025ee6f89640_0 .net "S", 0 0, L_0000025ee6f22310;  alias, 1 drivers
v0000025ee6f87980_0 .net "x", 0 0, L_0000025ee6f89500;  1 drivers
v0000025ee6f87840_0 .net "y", 0 0, L_0000025ee6f893c0;  1 drivers
# The file index is used to find the file name in the following table.
:file_names 3;
    "N/A";
    "<interactive>";
    "CLA.v";
