#! /c/Source/iverilog-install/bin/vvp
:ivl_version "12.0 (devel)" "(s20150603-1539-g2693dd32b)";
:ivl_delay_selection "TYPICAL";
:vpi_time_precision + 0;
:vpi_module "C:\iverilog\lib\ivl\system.vpi";
:vpi_module "C:\iverilog\lib\ivl\vhdl_sys.vpi";
:vpi_module "C:\iverilog\lib\ivl\vhdl_textio.vpi";
:vpi_module "C:\iverilog\lib\ivl\v2005_math.vpi";
:vpi_module "C:\iverilog\lib\ivl\va_math.vpi";
S_000002cb16ebd160 .scope module, "RippleCarryAdder" "RippleCarryAdder" 2 17;
 .timescale 0 0;
    .port_info 0 /OUTPUT 4 "S";
    .port_info 1 /OUTPUT 1 "C4";
    .port_info 2 /INPUT 4 "A";
    .port_info 3 /INPUT 4 "B";
    .port_info 4 /INPUT 1 "C0";
o000002cb16fdbf08 .functor BUFZ 4, C4<zzzz>; HiZ drive
v000002cb1702f9b0_0 .net "A", 3 0, o000002cb16fdbf08;  0 drivers
o000002cb16fdbf38 .functor BUFZ 4, C4<zzzz>; HiZ drive
v000002cb17030810_0 .net "B", 3 0, o000002cb16fdbf38;  0 drivers
o000002cb16fdb1b8 .functor BUFZ 1, C4<z>; HiZ drive
v000002cb17031710_0 .net "C0", 0 0, o000002cb16fdb1b8;  0 drivers
v000002cb170308b0_0 .net "C1", 0 0, L_000002cb16fd0810;  1 drivers
v000002cb17030c70_0 .net "C2", 0 0, L_000002cb16fd05e0;  1 drivers
v000002cb17031170_0 .net "C3", 0 0, L_000002cb17032af0;  1 drivers
v000002cb170304f0_0 .net "C4", 0 0, L_000002cb17032a10;  1 drivers
v000002cb17031670_0 .net "S", 3 0, L_000002cb170309f0;  1 drivers
L_000002cb17030950 .part o000002cb16fdbf08, 0, 1;
L_000002cb17030310 .part o000002cb16fdbf38, 0, 1;
L_000002cb17031530 .part o000002cb16fdbf08, 1, 1;
L_000002cb170317b0 .part o000002cb16fdbf38, 1, 1;
L_000002cb17030d10 .part o000002cb16fdbf08, 2, 1;
L_000002cb17030e50 .part o000002cb16fdbf38, 2, 1;
L_000002cb170309f0 .concat8 [ 1 1 1 1], L_000002cb16fd08f0, L_000002cb16fd0570, L_000002cb17032bd0, L_000002cb17032b60;
L_000002cb17030590 .part o000002cb16fdbf08, 3, 1;
L_000002cb17030ef0 .part o000002cb16fdbf38, 3, 1;
S_000002cb16ebd2f0 .scope module, "FA1" "FullAdder" 2 24, 2 8 0, S_000002cb16ebd160;
 .timescale 0 0;
    .port_info 0 /OUTPUT 1 "S";
    .port_info 1 /OUTPUT 1 "C";
    .port_info 2 /INPUT 1 "x";
    .port_info 3 /INPUT 1 "y";
    .port_info 4 /INPUT 1 "z";
L_000002cb16fd0810 .functor OR 1, L_000002cb16fd02d0, L_000002cb16fd07a0, C4<0>, C4<0>;
v000002cb16fcee20_0 .net "C", 0 0, L_000002cb16fd0810;  alias, 1 drivers
v000002cb16fceec0_0 .net "D1", 0 0, L_000002cb16fd02d0;  1 drivers
v000002cb16fcf0a0_0 .net "D2", 0 0, L_000002cb16fd07a0;  1 drivers
v000002cb16fcf280_0 .net "S", 0 0, L_000002cb16fd08f0;  1 drivers
v000002cb1702dd40_0 .net "S1", 0 0, L_000002cb16fd03b0;  1 drivers
v000002cb1702ca80_0 .net "x", 0 0, L_000002cb17030950;  1 drivers
v000002cb1702dde0_0 .net "y", 0 0, L_000002cb17030310;  1 drivers
v000002cb1702cc60_0 .net "z", 0 0, o000002cb16fdb1b8;  alias, 0 drivers
S_000002cb16fd5740 .scope module, "H1" "Halfadder" 2 12, 2 1 0, S_000002cb16ebd2f0;
 .timescale 0 0;
    .port_info 0 /OUTPUT 1 "S";
    .port_info 1 /OUTPUT 1 "C";
    .port_info 2 /INPUT 1 "x";
    .port_info 3 /INPUT 1 "y";
L_000002cb16fd03b0 .functor XOR 1, L_000002cb17030950, L_000002cb17030310, C4<0>, C4<0>;
L_000002cb16fd02d0 .functor OR 1, L_000002cb17030950, L_000002cb17030310, C4<0>, C4<0>;
v000002cb16fcf000_0 .net "C", 0 0, L_000002cb16fd02d0;  alias, 1 drivers
v000002cb16fcf8c0_0 .net "S", 0 0, L_000002cb16fd03b0;  alias, 1 drivers
v000002cb16fceba0_0 .net "x", 0 0, L_000002cb17030950;  alias, 1 drivers
v000002cb16fcea60_0 .net "y", 0 0, L_000002cb17030310;  alias, 1 drivers
S_000002cb16fd58d0 .scope module, "H2" "Halfadder" 2 13, 2 1 0, S_000002cb16ebd2f0;
 .timescale 0 0;
    .port_info 0 /OUTPUT 1 "S";
    .port_info 1 /OUTPUT 1 "C";
    .port_info 2 /INPUT 1 "x";
    .port_info 3 /INPUT 1 "y";
L_000002cb16fd08f0 .functor XOR 1, L_000002cb16fd03b0, o000002cb16fdb1b8, C4<0>, C4<0>;
L_000002cb16fd07a0 .functor OR 1, L_000002cb16fd03b0, o000002cb16fdb1b8, C4<0>, C4<0>;
v000002cb16fcec40_0 .net "C", 0 0, L_000002cb16fd07a0;  alias, 1 drivers
v000002cb16fcf320_0 .net "S", 0 0, L_000002cb16fd08f0;  alias, 1 drivers
v000002cb16fcf3c0_0 .net "x", 0 0, L_000002cb16fd03b0;  alias, 1 drivers
v000002cb16fcf960_0 .net "y", 0 0, o000002cb16fdb1b8;  alias, 0 drivers
S_000002cb16fd3f50 .scope module, "FA2" "FullAdder" 2 25, 2 8 0, S_000002cb16ebd160;
 .timescale 0 0;
    .port_info 0 /OUTPUT 1 "S";
    .port_info 1 /OUTPUT 1 "C";
    .port_info 2 /INPUT 1 "x";
    .port_info 3 /INPUT 1 "y";
    .port_info 4 /INPUT 1 "z";
L_000002cb16fd05e0 .functor OR 1, L_000002cb16fd01f0, L_000002cb16fd0340, C4<0>, C4<0>;
v000002cb1702d0c0_0 .net "C", 0 0, L_000002cb16fd05e0;  alias, 1 drivers
v000002cb1702c800_0 .net "D1", 0 0, L_000002cb16fd01f0;  1 drivers
v000002cb1702d480_0 .net "D2", 0 0, L_000002cb16fd0340;  1 drivers
v000002cb1702d340_0 .net "S", 0 0, L_000002cb16fd0570;  1 drivers
v000002cb1702c440_0 .net "S1", 0 0, L_000002cb16fd0490;  1 drivers
v000002cb1702ce40_0 .net "x", 0 0, L_000002cb17031530;  1 drivers
v000002cb1702cee0_0 .net "y", 0 0, L_000002cb170317b0;  1 drivers
v000002cb1702d520_0 .net "z", 0 0, L_000002cb16fd0810;  alias, 1 drivers
S_000002cb16fd40e0 .scope module, "H1" "Halfadder" 2 12, 2 1 0, S_000002cb16fd3f50;
 .timescale 0 0;
    .port_info 0 /OUTPUT 1 "S";
    .port_info 1 /OUTPUT 1 "C";
    .port_info 2 /INPUT 1 "x";
    .port_info 3 /INPUT 1 "y";
L_000002cb16fd0490 .functor XOR 1, L_000002cb17031530, L_000002cb170317b0, C4<0>, C4<0>;
L_000002cb16fd01f0 .functor OR 1, L_000002cb17031530, L_000002cb170317b0, C4<0>, C4<0>;
v000002cb1702cb20_0 .net "C", 0 0, L_000002cb16fd01f0;  alias, 1 drivers
v000002cb1702d020_0 .net "S", 0 0, L_000002cb16fd0490;  alias, 1 drivers
v000002cb1702c120_0 .net "x", 0 0, L_000002cb17031530;  alias, 1 drivers
v000002cb1702d3e0_0 .net "y", 0 0, L_000002cb170317b0;  alias, 1 drivers
S_000002cb16fd4270 .scope module, "H2" "Halfadder" 2 13, 2 1 0, S_000002cb16fd3f50;
 .timescale 0 0;
    .port_info 0 /OUTPUT 1 "S";
    .port_info 1 /OUTPUT 1 "C";
    .port_info 2 /INPUT 1 "x";
    .port_info 3 /INPUT 1 "y";
L_000002cb16fd0570 .functor XOR 1, L_000002cb16fd0490, L_000002cb16fd0810, C4<0>, C4<0>;
L_000002cb16fd0340 .functor OR 1, L_000002cb16fd0490, L_000002cb16fd0810, C4<0>, C4<0>;
v000002cb1702d840_0 .net "C", 0 0, L_000002cb16fd0340;  alias, 1 drivers
v000002cb1702c6c0_0 .net "S", 0 0, L_000002cb16fd0570;  alias, 1 drivers
v000002cb1702c9e0_0 .net "x", 0 0, L_000002cb16fd0490;  alias, 1 drivers
v000002cb1702d7a0_0 .net "y", 0 0, L_000002cb16fd0810;  alias, 1 drivers
S_000002cb16fd4400 .scope module, "FA3" "FullAdder" 2 26, 2 8 0, S_000002cb16ebd160;
 .timescale 0 0;
    .port_info 0 /OUTPUT 1 "S";
    .port_info 1 /OUTPUT 1 "C";
    .port_info 2 /INPUT 1 "x";
    .port_info 3 /INPUT 1 "y";
    .port_info 4 /INPUT 1 "z";
L_000002cb17032af0 .functor OR 1, L_000002cb16fd0650, L_000002cb17032c40, C4<0>, C4<0>;
v000002cb1702c8a0_0 .net "C", 0 0, L_000002cb17032af0;  alias, 1 drivers
v000002cb1702cbc0_0 .net "D1", 0 0, L_000002cb16fd0650;  1 drivers
v000002cb1702c620_0 .net "D2", 0 0, L_000002cb17032c40;  1 drivers
v000002cb1702c3a0_0 .net "S", 0 0, L_000002cb17032bd0;  1 drivers
v000002cb1702cd00_0 .net "S1", 0 0, L_000002cb16fd0420;  1 drivers
v000002cb1702d660_0 .net "x", 0 0, L_000002cb17030d10;  1 drivers
v000002cb1702c940_0 .net "y", 0 0, L_000002cb17030e50;  1 drivers
v000002cb1702cda0_0 .net "z", 0 0, L_000002cb16fd05e0;  alias, 1 drivers
S_000002cb1702e0e0 .scope module, "H1" "Halfadder" 2 12, 2 1 0, S_000002cb16fd4400;
 .timescale 0 0;
    .port_info 0 /OUTPUT 1 "S";
    .port_info 1 /OUTPUT 1 "C";
    .port_info 2 /INPUT 1 "x";
    .port_info 3 /INPUT 1 "y";
L_000002cb16fd0420 .functor XOR 1, L_000002cb17030d10, L_000002cb17030e50, C4<0>, C4<0>;
L_000002cb16fd0650 .functor OR 1, L_000002cb17030d10, L_000002cb17030e50, C4<0>, C4<0>;
v000002cb1702c260_0 .net "C", 0 0, L_000002cb16fd0650;  alias, 1 drivers
v000002cb1702c580_0 .net "S", 0 0, L_000002cb16fd0420;  alias, 1 drivers
v000002cb1702d160_0 .net "x", 0 0, L_000002cb17030d10;  alias, 1 drivers
v000002cb1702c760_0 .net "y", 0 0, L_000002cb17030e50;  alias, 1 drivers
S_000002cb1702e270 .scope module, "H2" "Halfadder" 2 13, 2 1 0, S_000002cb16fd4400;
 .timescale 0 0;
    .port_info 0 /OUTPUT 1 "S";
    .port_info 1 /OUTPUT 1 "C";
    .port_info 2 /INPUT 1 "x";
    .port_info 3 /INPUT 1 "y";
L_000002cb17032bd0 .functor XOR 1, L_000002cb16fd0420, L_000002cb16fd05e0, C4<0>, C4<0>;
L_000002cb17032c40 .functor OR 1, L_000002cb16fd0420, L_000002cb16fd05e0, C4<0>, C4<0>;
v000002cb1702d8e0_0 .net "C", 0 0, L_000002cb17032c40;  alias, 1 drivers
v000002cb1702d5c0_0 .net "S", 0 0, L_000002cb17032bd0;  alias, 1 drivers
v000002cb1702c4e0_0 .net "x", 0 0, L_000002cb16fd0420;  alias, 1 drivers
v000002cb1702cf80_0 .net "y", 0 0, L_000002cb16fd05e0;  alias, 1 drivers
S_000002cb1702e400 .scope module, "FA4" "FullAdder" 2 27, 2 8 0, S_000002cb16ebd160;
 .timescale 0 0;
    .port_info 0 /OUTPUT 1 "S";
    .port_info 1 /OUTPUT 1 "C";
    .port_info 2 /INPUT 1 "x";
    .port_info 3 /INPUT 1 "y";
    .port_info 4 /INPUT 1 "z";
L_000002cb17032a10 .functor OR 1, L_000002cb17033420, L_000002cb17033490, C4<0>, C4<0>;
v000002cb1702dc00_0 .net "C", 0 0, L_000002cb17032a10;  alias, 1 drivers
v000002cb1702dca0_0 .net "D1", 0 0, L_000002cb17033420;  1 drivers
v000002cb1702df20_0 .net "D2", 0 0, L_000002cb17033490;  1 drivers
v000002cb1702dfc0_0 .net "S", 0 0, L_000002cb17032b60;  1 drivers
v000002cb1702c1c0_0 .net "S1", 0 0, L_000002cb170333b0;  1 drivers
v000002cb1702c300_0 .net "x", 0 0, L_000002cb17030590;  1 drivers
v000002cb17031210_0 .net "y", 0 0, L_000002cb17030ef0;  1 drivers
v000002cb17030db0_0 .net "z", 0 0, L_000002cb17032af0;  alias, 1 drivers
S_000002cb1702e590 .scope module, "H1" "Halfadder" 2 12, 2 1 0, S_000002cb1702e400;
 .timescale 0 0;
    .port_info 0 /OUTPUT 1 "S";
    .port_info 1 /OUTPUT 1 "C";
    .port_info 2 /INPUT 1 "x";
    .port_info 3 /INPUT 1 "y";
L_000002cb170333b0 .functor XOR 1, L_000002cb17030590, L_000002cb17030ef0, C4<0>, C4<0>;
L_000002cb17033420 .functor OR 1, L_000002cb17030590, L_000002cb17030ef0, C4<0>, C4<0>;
v000002cb1702d980_0 .net "C", 0 0, L_000002cb17033420;  alias, 1 drivers
v000002cb1702d200_0 .net "S", 0 0, L_000002cb170333b0;  alias, 1 drivers
v000002cb1702d2a0_0 .net "x", 0 0, L_000002cb17030590;  alias, 1 drivers
v000002cb1702de80_0 .net "y", 0 0, L_000002cb17030ef0;  alias, 1 drivers
S_000002cb1702e720 .scope module, "H2" "Halfadder" 2 13, 2 1 0, S_000002cb1702e400;
 .timescale 0 0;
    .port_info 0 /OUTPUT 1 "S";
    .port_info 1 /OUTPUT 1 "C";
    .port_info 2 /INPUT 1 "x";
    .port_info 3 /INPUT 1 "y";
L_000002cb17032b60 .functor XOR 1, L_000002cb170333b0, L_000002cb17032af0, C4<0>, C4<0>;
L_000002cb17033490 .functor OR 1, L_000002cb170333b0, L_000002cb17032af0, C4<0>, C4<0>;
v000002cb1702dac0_0 .net "C", 0 0, L_000002cb17033490;  alias, 1 drivers
v000002cb1702d700_0 .net "S", 0 0, L_000002cb17032b60;  alias, 1 drivers
v000002cb1702da20_0 .net "x", 0 0, L_000002cb170333b0;  alias, 1 drivers
v000002cb1702db60_0 .net "y", 0 0, L_000002cb17032af0;  alias, 1 drivers
# The file index is used to find the file name in the following table.
:file_names 3;
    "N/A";
    "<interactive>";
    "RippleCarryAdder.v";
