#! /c/Source/iverilog-install/bin/vvp
:ivl_version "12.0 (devel)" "(s20150603-1539-g2693dd32b)";
:ivl_delay_selection "TYPICAL";
:vpi_time_precision + 0;
:vpi_module "C:\iverilog\lib\ivl\system.vpi";
:vpi_module "C:\iverilog\lib\ivl\vhdl_sys.vpi";
:vpi_module "C:\iverilog\lib\ivl\vhdl_textio.vpi";
:vpi_module "C:\iverilog\lib\ivl\v2005_math.vpi";
:vpi_module "C:\iverilog\lib\ivl\va_math.vpi";
S_0000017887fa66d0 .scope module, "adder" "adder" 2 1;
 .timescale 0 0;
    .port_info 0 /INPUT 4 "a";
    .port_info 1 /INPUT 4 "b";
    .port_info 2 /OUTPUT 4 "c";
    .port_info 3 /OUTPUT 1 "carry";
L_0000017888038030 .functor BUFT 1, C4<0>, C4<0>, C4<0>, C4<0>;
v0000017887fa6860_0 .net *"_ivl_10", 0 0, L_0000017888038030;  1 drivers
v0000017887fa6900_0 .net *"_ivl_11", 4 0, L_0000017887ff2850;  1 drivers
v0000017887fa69a0_0 .net *"_ivl_3", 4 0, L_0000017887faeb70;  1 drivers
L_0000017888037fe8 .functor BUFT 1, C4<0>, C4<0>, C4<0>, C4<0>;
v0000017887fa6a40_0 .net *"_ivl_6", 0 0, L_0000017888037fe8;  1 drivers
v0000017887fae710_0 .net *"_ivl_7", 4 0, L_0000017887faec10;  1 drivers
o0000017887ff7068 .functor BUFZ 4, C4<zzzz>; HiZ drive
v0000017887fae7b0_0 .net "a", 3 0, o0000017887ff7068;  0 drivers
o0000017887ff7098 .functor BUFZ 4, C4<zzzz>; HiZ drive
v0000017887fae850_0 .net "b", 3 0, o0000017887ff7098;  0 drivers
v0000017887fae8f0_0 .net "c", 3 0, L_0000017887faead0;  1 drivers
v0000017887fae990_0 .net "carry", 0 0, L_0000017887faea30;  1 drivers
L_0000017887faea30 .part L_0000017887ff2850, 4, 1;
L_0000017887faead0 .part L_0000017887ff2850, 0, 4;
L_0000017887faeb70 .concat [ 4 1 0 0], o0000017887ff7068, L_0000017888037fe8;
L_0000017887faec10 .concat [ 4 1 0 0], o0000017887ff7098, L_0000017888038030;
L_0000017887ff2850 .arith/sum 5, L_0000017887faeb70, L_0000017887faec10;
# The file index is used to find the file name in the following table.
:file_names 3;
    "N/A";
    "<interactive>";
    "4bit_adder.v";
