#! /c/Source/iverilog-install/bin/vvp
:ivl_version "12.0 (devel)" "(s20150603-1539-g2693dd32b)";
:ivl_delay_selection "TYPICAL";
:vpi_time_precision + 0;
:vpi_module "C:\iverilog\lib\ivl\system.vpi";
:vpi_module "C:\iverilog\lib\ivl\vhdl_sys.vpi";
:vpi_module "C:\iverilog\lib\ivl\vhdl_textio.vpi";
:vpi_module "C:\iverilog\lib\ivl\v2005_math.vpi";
:vpi_module "C:\iverilog\lib\ivl\va_math.vpi";
S_0000026efdc066d0 .scope module, "SuB" "SuB" 2 1;
 .timescale 0 0;
    .port_info 0 /INPUT 4 "a";
    .port_info 1 /INPUT 4 "b";
    .port_info 2 /OUTPUT 1 "borrow";
    .port_info 3 /OUTPUT 4 "diff";
L_0000026efdd68030 .functor BUFT 1, C4<0>, C4<0>, C4<0>, C4<0>;
v0000026efdc06860_0 .net *"_ivl_10", 0 0, L_0000026efdd68030;  1 drivers
v0000026efdc06900_0 .net *"_ivl_11", 4 0, L_0000026efdd22c10;  1 drivers
v0000026efdc069a0_0 .net *"_ivl_3", 4 0, L_0000026efdc0eb70;  1 drivers
L_0000026efdd67fe8 .functor BUFT 1, C4<0>, C4<0>, C4<0>, C4<0>;
v0000026efdc06a40_0 .net *"_ivl_6", 0 0, L_0000026efdd67fe8;  1 drivers
v0000026efdc0e710_0 .net *"_ivl_7", 4 0, L_0000026efdc0ec10;  1 drivers
o0000026efdd27068 .functor BUFZ 4, C4<zzzz>; HiZ drive
v0000026efdc0e7b0_0 .net "a", 3 0, o0000026efdd27068;  0 drivers
o0000026efdd27098 .functor BUFZ 4, C4<zzzz>; HiZ drive
v0000026efdc0e850_0 .net "b", 3 0, o0000026efdd27098;  0 drivers
v0000026efdc0e8f0_0 .net "borrow", 0 0, L_0000026efdc0ea30;  1 drivers
v0000026efdc0e990_0 .net "diff", 3 0, L_0000026efdc0ead0;  1 drivers
L_0000026efdc0ea30 .part L_0000026efdd22c10, 4, 1;
L_0000026efdc0ead0 .part L_0000026efdd22c10, 0, 4;
L_0000026efdc0eb70 .concat [ 4 1 0 0], o0000026efdd27068, L_0000026efdd67fe8;
L_0000026efdc0ec10 .concat [ 4 1 0 0], o0000026efdd27098, L_0000026efdd68030;
L_0000026efdd22c10 .arith/sub 5, L_0000026efdc0eb70, L_0000026efdc0ec10;
# The file index is used to find the file name in the following table.
:file_names 3;
    "N/A";
    "<interactive>";
    "4bit_sub.v";
