#! /c/Source/iverilog-install/bin/vvp
:ivl_version "12.0 (devel)" "(s20150603-1539-g2693dd32b)";
:ivl_delay_selection "TYPICAL";
:vpi_time_precision + 0;
:vpi_module "C:\iverilog\lib\ivl\system.vpi";
:vpi_module "C:\iverilog\lib\ivl\vhdl_sys.vpi";
:vpi_module "C:\iverilog\lib\ivl\vhdl_textio.vpi";
:vpi_module "C:\iverilog\lib\ivl\v2005_math.vpi";
:vpi_module "C:\iverilog\lib\ivl\va_math.vpi";
S_00000205819a66d0 .scope module, "Mul" "Mul" 2 1;
 .timescale 0 0;
    .port_info 0 /INPUT 4 "a";
    .port_info 1 /INPUT 4 "b";
    .port_info 2 /OUTPUT 8 "c";
    .port_info 3 /OUTPUT 1 "cy";
L_0000020581a37c60 .functor BUFT 1, C4<00000>, C4<0>, C4<0>, C4<0>;
v00000205819a6ea0_0 .net *"_ivl_10", 4 0, L_0000020581a37c60;  1 drivers
v00000205819a70e0_0 .net *"_ivl_12", 8 0, L_00000205819f2c10;  1 drivers
v00000205819a6860_0 .net *"_ivl_3", 8 0, L_00000205819aedd0;  1 drivers
L_0000020581a37c18 .functor BUFT 1, C4<00000>, C4<0>, C4<0>, C4<0>;
v00000205819a6900_0 .net *"_ivl_6", 4 0, L_0000020581a37c18;  1 drivers
v00000205819a69a0_0 .net *"_ivl_7", 8 0, L_00000205819f3570;  1 drivers
o00000205819f70a8 .functor BUFZ 4, C4<zzzz>; HiZ drive
v00000205819a6a40_0 .net "a", 3 0, o00000205819f70a8;  0 drivers
o00000205819f70d8 .functor BUFZ 4, C4<zzzz>; HiZ drive
v00000205819aeab0_0 .net "b", 3 0, o00000205819f70d8;  0 drivers
v00000205819aeb50_0 .net "c", 7 0, L_00000205819aed30;  1 drivers
v00000205819aebf0_0 .net "cy", 0 0, L_00000205819aec90;  1 drivers
L_00000205819aec90 .part L_00000205819f2c10, 8, 1;
L_00000205819aed30 .part L_00000205819f2c10, 0, 8;
L_00000205819aedd0 .concat [ 4 5 0 0], o00000205819f70a8, L_0000020581a37c18;
L_00000205819f3570 .concat [ 4 5 0 0], o00000205819f70d8, L_0000020581a37c60;
L_00000205819f2c10 .arith/mult 9, L_00000205819aedd0, L_00000205819f3570;
# The file index is used to find the file name in the following table.
:file_names 3;
    "N/A";
    "<interactive>";
    "8bit_mul.v";
