#! /c/Source/iverilog-install/bin/vvp
:ivl_version "12.0 (devel)" "(s20150603-1539-g2693dd32b)";
:ivl_delay_selection "TYPICAL";
:vpi_time_precision + 0;
:vpi_module "C:\iverilog\lib\ivl\system.vpi";
:vpi_module "C:\iverilog\lib\ivl\vhdl_sys.vpi";
:vpi_module "C:\iverilog\lib\ivl\vhdl_textio.vpi";
:vpi_module "C:\iverilog\lib\ivl\v2005_math.vpi";
:vpi_module "C:\iverilog\lib\ivl\va_math.vpi";
S_0000023fe99da8e0 .scope module, "EX_MEM_reg" "EX_MEM_reg" 2 1;
 .timescale 0 0;
    .port_info 0 /INPUT 1 "clk";
    .port_info 1 /INPUT 1 "rst";
    .port_info 2 /INPUT 1 "EX_MEM_Write";
    .port_info 3 /INPUT 32 "alu_result_in";
    .port_info 4 /INPUT 32 "Read_Data_2_in";
    .port_info 5 /INPUT 32 "PC_Plus_4_in";
    .port_info 6 /INPUT 5 "reg_dest_addr_in";
    .port_info 7 /INPUT 1 "RegWrite_in";
    .port_info 8 /INPUT 1 "MemRead_in";
    .port_info 9 /INPUT 1 "MemWrite_in";
    .port_info 10 /INPUT 1 "MemToReg_in";
    .port_info 11 /OUTPUT 32 "alu_result_out";
    .port_info 12 /OUTPUT 32 "Read_Data_2_out";
    .port_info 13 /OUTPUT 32 "PC_Plus_4_out";
    .port_info 14 /OUTPUT 5 "reg_dest_addr_out";
    .port_info 15 /OUTPUT 1 "RegWrite_out";
    .port_info 16 /OUTPUT 1 "MemWrite_out";
    .port_info 17 /OUTPUT 1 "MemToReg_out";
o0000023fe9a70088 .functor BUFZ 1, C4<z>; HiZ drive
v0000023fe9a35930_0 .net "EX_MEM_Write", 0 0, o0000023fe9a70088;  0 drivers
o0000023fe9a700b8 .functor BUFZ 1, C4<z>; HiZ drive
v0000023fe9a34710_0 .net "MemRead_in", 0 0, o0000023fe9a700b8;  0 drivers
o0000023fe9a700e8 .functor BUFZ 1, C4<z>; HiZ drive
v0000023fe9a34ad0_0 .net "MemToReg_in", 0 0, o0000023fe9a700e8;  0 drivers
v0000023fe9a33d10_0 .var "MemToReg_out", 0 0;
o0000023fe9a70148 .functor BUFZ 1, C4<z>; HiZ drive
v0000023fe9a340d0_0 .net "MemWrite_in", 0 0, o0000023fe9a70148;  0 drivers
v0000023fe9a34e90_0 .var "MemWrite_out", 0 0;
o0000023fe9a701a8 .functor BUFZ 32, C4<zzzzzzzzzzzzzzzzzzzzzzzzzzzzzzzz>; HiZ drive
v0000023fe9a34f30_0 .net "PC_Plus_4_in", 31 0, o0000023fe9a701a8;  0 drivers
v0000023fe9a698f0_0 .var "PC_Plus_4_out", 31 0;
o0000023fe9a70208 .functor BUFZ 32, C4<zzzzzzzzzzzzzzzzzzzzzzzzzzzzzzzz>; HiZ drive
v0000023fe9a69850_0 .net "Read_Data_2_in", 31 0, o0000023fe9a70208;  0 drivers
v0000023fe9a693f0_0 .var "Read_Data_2_out", 31 0;
o0000023fe9a70268 .functor BUFZ 1, C4<z>; HiZ drive
v0000023fe9a697b0_0 .net "RegWrite_in", 0 0, o0000023fe9a70268;  0 drivers
v0000023fe9a69df0_0 .var "RegWrite_out", 0 0;
o0000023fe9a702c8 .functor BUFZ 32, C4<zzzzzzzzzzzzzzzzzzzzzzzzzzzzzzzz>; HiZ drive
v0000023fe9a69490_0 .net "alu_result_in", 31 0, o0000023fe9a702c8;  0 drivers
v0000023fe9a688b0_0 .var "alu_result_out", 31 0;
o0000023fe9a70328 .functor BUFZ 1, C4<z>; HiZ drive
v0000023fe9a68bd0_0 .net "clk", 0 0, o0000023fe9a70328;  0 drivers
o0000023fe9a70358 .functor BUFZ 5, C4<zzzzz>; HiZ drive
v0000023fe9a695d0_0 .net "reg_dest_addr_in", 4 0, o0000023fe9a70358;  0 drivers
v0000023fe9a69c10_0 .var "reg_dest_addr_out", 4 0;
o0000023fe9a703b8 .functor BUFZ 1, C4<z>; HiZ drive
v0000023fe9a6a110_0 .net "rst", 0 0, o0000023fe9a703b8;  0 drivers
E_0000023fe99fbe60/0 .event negedge, v0000023fe9a6a110_0;
E_0000023fe99fbe60/1 .event posedge, v0000023fe9a68bd0_0;
E_0000023fe99fbe60 .event/or E_0000023fe99fbe60/0, E_0000023fe99fbe60/1;
S_0000023fe99daba0 .scope module, "ID_EX_reg" "ID_EX_reg" 3 1;
 .timescale 0 0;
    .port_info 0 /INPUT 1 "clk";
    .port_info 1 /INPUT 1 "rst";
    .port_info 2 /INPUT 32 "PC_Plus_4_in";
    .port_info 3 /INPUT 32 "Read_Data_1_in";
    .port_info 4 /INPUT 32 "Read_Data_2_in";
    .port_info 5 /INPUT 32 "Immediate_in";
    .port_info 6 /INPUT 5 "reg_dest_addr_in";
    .port_info 7 /INPUT 5 "rs2_addr_in";
    .port_info 8 /INPUT 1 "RegWrite_in";
    .port_info 9 /INPUT 1 "MemRead_in";
    .port_info 10 /INPUT 1 "MemWrite_in";
    .port_info 11 /INPUT 1 "MemToReg_in";
    .port_info 12 /INPUT 1 "ALUSrc_in";
    .port_info 13 /INPUT 1 "Branch_in";
    .port_info 14 /INPUT 1 "Jump_in";
    .port_info 15 /INPUT 3 "ALUOp_in";
    .port_info 16 /OUTPUT 32 "PC_Plus_4_out";
    .port_info 17 /OUTPUT 32 "Read_Data_1_out";
    .port_info 18 /OUTPUT 32 "Read_Data_2_out";
    .port_info 19 /OUTPUT 32 "Immediate_out";
    .port_info 20 /OUTPUT 5 "reg_dest_addr_out";
    .port_info 21 /OUTPUT 5 "rs2_addr_out";
    .port_info 22 /OUTPUT 1 "RegWrite_out";
    .port_info 23 /OUTPUT 1 "MemRead_out";
    .port_info 24 /OUTPUT 1 "MemWrite_out";
    .port_info 25 /OUTPUT 1 "MemToReg_out";
    .port_info 26 /OUTPUT 1 "ALUSrc_out";
    .port_info 27 /OUTPUT 1 "Branch_out";
    .port_info 28 /OUTPUT 1 "Jump_out";
    .port_info 29 /OUTPUT 3 "ALUOp_out";
o0000023fe9a70748 .functor BUFZ 3, C4<zzz>; HiZ drive
v0000023fe9a68e50_0 .net "ALUOp_in", 2 0, o0000023fe9a70748;  0 drivers
v0000023fe9a69a30_0 .var "ALUOp_out", 2 0;
o0000023fe9a707a8 .functor BUFZ 1, C4<z>; HiZ drive
v0000023fe9a690d0_0 .net "ALUSrc_in", 0 0, o0000023fe9a707a8;  0 drivers
v0000023fe9a69170_0 .var "ALUSrc_out", 0 0;
o0000023fe9a70808 .functor BUFZ 1, C4<z>; HiZ drive
v0000023fe9a69e90_0 .net "Branch_in", 0 0, o0000023fe9a70808;  0 drivers
v0000023fe9a68c70_0 .var "Branch_out", 0 0;
o0000023fe9a70868 .functor BUFZ 32, C4<zzzzzzzzzzzzzzzzzzzzzzzzzzzzzzzz>; HiZ drive
v0000023fe9a69f30_0 .net "Immediate_in", 31 0, o0000023fe9a70868;  0 drivers
v0000023fe9a69fd0_0 .var "Immediate_out", 31 0;
o0000023fe9a708c8 .functor BUFZ 1, C4<z>; HiZ drive
v0000023fe9a686d0_0 .net "Jump_in", 0 0, o0000023fe9a708c8;  0 drivers
v0000023fe9a689f0_0 .var "Jump_out", 0 0;
o0000023fe9a70928 .functor BUFZ 1, C4<z>; HiZ drive
v0000023fe9a69990_0 .net "MemRead_in", 0 0, o0000023fe9a70928;  0 drivers
v0000023fe9a68590_0 .var "MemRead_out", 0 0;
o0000023fe9a70988 .functor BUFZ 1, C4<z>; HiZ drive
v0000023fe9a6a070_0 .net "MemToReg_in", 0 0, o0000023fe9a70988;  0 drivers
v0000023fe9a69ad0_0 .var "MemToReg_out", 0 0;
o0000023fe9a709e8 .functor BUFZ 1, C4<z>; HiZ drive
v0000023fe9a684f0_0 .net "MemWrite_in", 0 0, o0000023fe9a709e8;  0 drivers
v0000023fe9a6a250_0 .var "MemWrite_out", 0 0;
o0000023fe9a70a48 .functor BUFZ 32, C4<zzzzzzzzzzzzzzzzzzzzzzzzzzzzzzzz>; HiZ drive
v0000023fe9a69b70_0 .net "PC_Plus_4_in", 31 0, o0000023fe9a70a48;  0 drivers
v0000023fe9a68d10_0 .var "PC_Plus_4_out", 31 0;
o0000023fe9a70aa8 .functor BUFZ 32, C4<zzzzzzzzzzzzzzzzzzzzzzzzzzzzzzzz>; HiZ drive
v0000023fe9a6a1b0_0 .net "Read_Data_1_in", 31 0, o0000023fe9a70aa8;  0 drivers
v0000023fe9a68db0_0 .var "Read_Data_1_out", 31 0;
o0000023fe9a70b08 .functor BUFZ 32, C4<zzzzzzzzzzzzzzzzzzzzzzzzzzzzzzzz>; HiZ drive
v0000023fe9a69210_0 .net "Read_Data_2_in", 31 0, o0000023fe9a70b08;  0 drivers
v0000023fe9a69530_0 .var "Read_Data_2_out", 31 0;
o0000023fe9a70b68 .functor BUFZ 1, C4<z>; HiZ drive
v0000023fe9a69cb0_0 .net "RegWrite_in", 0 0, o0000023fe9a70b68;  0 drivers
v0000023fe9a69d50_0 .var "RegWrite_out", 0 0;
o0000023fe9a70bc8 .functor BUFZ 1, C4<z>; HiZ drive
v0000023fe9a68450_0 .net "clk", 0 0, o0000023fe9a70bc8;  0 drivers
o0000023fe9a70bf8 .functor BUFZ 5, C4<zzzzz>; HiZ drive
v0000023fe9a68630_0 .net "reg_dest_addr_in", 4 0, o0000023fe9a70bf8;  0 drivers
v0000023fe9a68770_0 .var "reg_dest_addr_out", 4 0;
o0000023fe9a70c58 .functor BUFZ 5, C4<zzzzz>; HiZ drive
v0000023fe9a68ef0_0 .net "rs2_addr_in", 4 0, o0000023fe9a70c58;  0 drivers
v0000023fe9a68f90_0 .var "rs2_addr_out", 4 0;
o0000023fe9a70cb8 .functor BUFZ 1, C4<z>; HiZ drive
v0000023fe9a692b0_0 .net "rst", 0 0, o0000023fe9a70cb8;  0 drivers
E_0000023fe99fcc60/0 .event negedge, v0000023fe9a692b0_0;
E_0000023fe99fcc60/1 .event posedge, v0000023fe9a68450_0;
E_0000023fe99fcc60 .event/or E_0000023fe99fcc60/0, E_0000023fe99fcc60/1;
S_0000023fe99d1490 .scope module, "IF_ID_reg" "IF_ID_reg" 4 1;
 .timescale 0 0;
    .port_info 0 /INPUT 1 "clk";
    .port_info 1 /INPUT 1 "rst";
    .port_info 2 /INPUT 1 "IF_ID_Write";
    .port_info 3 /INPUT 1 "IF_ID_Flush";
    .port_info 4 /INPUT 32 "Instruction_In";
    .port_info 5 /INPUT 32 "PC_Plus_4_in";
    .port_info 6 /OUTPUT 32 "Instruction_out";
    .port_info 7 /OUTPUT 32 "PC_Plus_4_out";
o0000023fe9a71288 .functor BUFZ 1, C4<z>; HiZ drive
v0000023fe9a68810_0 .net "IF_ID_Flush", 0 0, o0000023fe9a71288;  0 drivers
o0000023fe9a712b8 .functor BUFZ 1, C4<z>; HiZ drive
v0000023fe9a68950_0 .net "IF_ID_Write", 0 0, o0000023fe9a712b8;  0 drivers
o0000023fe9a712e8 .functor BUFZ 32, C4<zzzzzzzzzzzzzzzzzzzzzzzzzzzzzzzz>; HiZ drive
v0000023fe9a68a90_0 .net "Instruction_In", 31 0, o0000023fe9a712e8;  0 drivers
v0000023fe9a69670_0 .var "Instruction_out", 31 0;
o0000023fe9a71348 .functor BUFZ 32, C4<zzzzzzzzzzzzzzzzzzzzzzzzzzzzzzzz>; HiZ drive
v0000023fe9a68b30_0 .net "PC_Plus_4_in", 31 0, o0000023fe9a71348;  0 drivers
v0000023fe9a69350_0 .var "PC_Plus_4_out", 31 0;
o0000023fe9a713a8 .functor BUFZ 1, C4<z>; HiZ drive
v0000023fe9a69030_0 .net "clk", 0 0, o0000023fe9a713a8;  0 drivers
o0000023fe9a713d8 .functor BUFZ 1, C4<z>; HiZ drive
v0000023fe9a69710_0 .net "rst", 0 0, o0000023fe9a713d8;  0 drivers
E_0000023fe99fcae0/0 .event negedge, v0000023fe9a69710_0;
E_0000023fe99fcae0/1 .event posedge, v0000023fe9a69030_0;
E_0000023fe99fcae0 .event/or E_0000023fe99fcae0/0, E_0000023fe99fcae0/1;
S_0000023fe99f7f80 .scope module, "cpu_core" "cpu_core" 5 1;
 .timescale 0 0;
    .port_info 0 /INPUT 1 "clk";
    .port_info 1 /INPUT 1 "rst";
P_0000023fe99d3a60 .param/l "PC_BRANCH" 1 5 13, C4<01>;
P_0000023fe99d3a98 .param/l "PC_JUMP" 1 5 14, C4<10>;
P_0000023fe99d3ad0 .param/l "PC_PLUS_4" 1 5 12, C4<00>;
L_0000023fe99b4110 .functor BUFZ 1, v0000023fe9a6d690_0, C4<0>, C4<0>, C4<0>;
L_0000023fe99c41a0 .functor BUFZ 32, L_0000023fe9b00cc0, C4<00000000000000000000000000000000>, C4<00000000000000000000000000000000>, C4<00000000000000000000000000000000>;
v0000023fe9aa34c0_0 .net "ALUOp_ctrl", 2 0, v0000023fe9a6cdd0_0;  1 drivers
v0000023fe9aa4820_0 .net "ALUSrc_ctrl", 0 0, v0000023fe9a6d870_0;  1 drivers
v0000023fe9aa3920_0 .net "Branch_ctrl", 0 0, v0000023fe9a6e270_0;  1 drivers
o0000023fe9a73778 .functor BUFZ 1, C4<z>; HiZ drive
v0000023fe9aa3c40_0 .net "Jump_ctrl", 0 0, o0000023fe9a73778;  0 drivers
v0000023fe9aa4fa0_0 .net "MemRead_ctrl", 0 0, v0000023fe9a6c3d0_0;  1 drivers
v0000023fe9aa4a00_0 .net "MemToReg_ctrl", 0 0, v0000023fe9a6d910_0;  1 drivers
v0000023fe9aa45a0_0 .net "MemWrite_ctrl", 0 0, v0000023fe9a6d5f0_0;  1 drivers
v0000023fe9aa4960_0 .var "Next_PC_Mux_out", 31 0;
v0000023fe9aa4c80_0 .var "PCSource_ctrl", 0 0;
v0000023fe9aa3880_0 .net "PC_Write_ctrl", 0 0, v0000023fe9a6d690_0;  1 drivers
v0000023fe9aa4500_0 .net "PC_Write_in", 0 0, L_0000023fe99b4110;  1 drivers
v0000023fe9aa4aa0_0 .net "PC_out", 31 0, v0000023fe9aa2d10_0;  1 drivers
v0000023fe9aa3600_0 .net "PC_plus_4", 31 0, L_0000023fe9aa32e0;  1 drivers
v0000023fe9aa3ec0_0 .net "RegWrite_ctrl", 0 0, v0000023fe9a6d050_0;  1 drivers
L_0000023fe9aa50c8 .functor BUFT 1, C4<00000000000000000000000000000100>, C4<0>, C4<0>, C4<0>;
v0000023fe9aa3b00_0 .net/2u *"_ivl_4", 31 0, L_0000023fe9aa50c8;  1 drivers
v0000023fe9aa4460_0 .net "alu_input_A", 31 0, L_0000023fe99c41a0;  1 drivers
v0000023fe9aa4000_0 .net "alu_input_B", 31 0, L_0000023fe9affa00;  1 drivers
v0000023fe9aa39c0_0 .net "alu_result", 31 0, v0000023fe9a6a8c0_0;  1 drivers
v0000023fe9aa40a0_0 .net "branch_target_addr", 31 0, L_0000023fe9aa4e60;  1 drivers
o0000023fe9a72668 .functor BUFZ 1, C4<z>; HiZ drive
v0000023fe9aa4b40_0 .net "clk", 0 0, o0000023fe9a72668;  0 drivers
v0000023fe9aa4640_0 .net "imm_sel_ctrl", 2 0, v0000023fe9a6d730_0;  1 drivers
v0000023fe9aa46e0_0 .net "immediate_value", 31 0, v0000023fe9aa17d0_0;  1 drivers
v0000023fe9aa4780_0 .net "instruction", 31 0, L_0000023fe9aa3740;  1 drivers
v0000023fe9aa4d20_0 .net "jump_target_addr", 31 0, L_0000023fe9aa3240;  1 drivers
v0000023fe9aa41e0_0 .net "mem_read_data", 31 0, L_0000023fe9b00ea0;  1 drivers
v0000023fe9aa36a0_0 .net "read_data1", 31 0, L_0000023fe9b00cc0;  1 drivers
v0000023fe9aa3a60_0 .net "read_data2", 31 0, L_0000023fe9b009a0;  1 drivers
v0000023fe9aa4be0_0 .net "reg_dest_addr", 4 0, L_0000023fe9b007c0;  1 drivers
v0000023fe9aa3ba0_0 .net "rs1_addr", 4 0, L_0000023fe9b00360;  1 drivers
v0000023fe9aa4f00_0 .net "rs2_addr", 4 0, L_0000023fe9b00f40;  1 drivers
o0000023fe9a73148 .functor BUFZ 1, C4<z>; HiZ drive
v0000023fe9aa31a0_0 .net "rst", 0 0, o0000023fe9a73148;  0 drivers
v0000023fe9aa4dc0_0 .net "write_data_mux_out", 31 0, L_0000023fe9b00680;  1 drivers
v0000023fe9aa4280_0 .net "zero_flag", 0 0, v0000023fe9a6a780_0;  1 drivers
E_0000023fe99fc9e0 .event anyedge, v0000023fe9aa4c80_0, v0000023fe9aa3600_0, v0000023fe9aa40a0_0, v0000023fe9aa4d20_0;
E_0000023fe99fc020 .event anyedge, v0000023fe9aa3c40_0, v0000023fe9a6e270_0, v0000023fe9a6a780_0;
L_0000023fe9aa4e60 .arith/sum 32, v0000023fe9aa2d10_0, v0000023fe9aa17d0_0;
L_0000023fe9aa3240 .arith/sum 32, v0000023fe9aa2d10_0, v0000023fe9aa17d0_0;
L_0000023fe9aa32e0 .arith/sum 32, v0000023fe9aa2d10_0, L_0000023fe9aa50c8;
L_0000023fe9aa37e0 .part L_0000023fe9aa3740, 0, 7;
L_0000023fe9b00360 .part L_0000023fe9aa3740, 15, 5;
L_0000023fe9b00f40 .part L_0000023fe9aa3740, 20, 5;
L_0000023fe9b007c0 .part L_0000023fe9aa3740, 7, 5;
L_0000023fe9affa00 .functor MUXZ 32, L_0000023fe9b009a0, v0000023fe9aa17d0_0, v0000023fe9a6d870_0, C4<>;
L_0000023fe9b00680 .functor MUXZ 32, v0000023fe9a6a8c0_0, L_0000023fe9b00ea0, v0000023fe9a6d910_0, C4<>;
S_0000023fe99f8110 .scope module, "ALU_U" "alu_32_bit" 5 80, 6 1 0, S_0000023fe99f7f80;
 .timescale 0 0;
    .port_info 0 /INPUT 32 "A";
    .port_info 1 /INPUT 32 "B";
    .port_info 2 /INPUT 16 "A_m";
    .port_info 3 /INPUT 16 "B_m";
    .port_info 4 /INPUT 3 "OpCode";
    .port_info 5 /OUTPUT 32 "Result";
    .port_info 6 /OUTPUT 1 "Flag";
v0000023fe9a6afa0_0 .net "A", 31 0, L_0000023fe99c41a0;  alias, 1 drivers
o0000023fe9a71a98 .functor BUFZ 16, C4<zzzzzzzzzzzzzzzz>; HiZ drive
v0000023fe9a6c080_0 .net "A_m", 15 0, o0000023fe9a71a98;  0 drivers
v0000023fe9a6bd60_0 .net "B", 31 0, L_0000023fe9affa00;  alias, 1 drivers
o0000023fe9a71ac8 .functor BUFZ 16, C4<zzzzzzzzzzzzzzzz>; HiZ drive
v0000023fe9a6aa00_0 .net "B_m", 15 0, o0000023fe9a71ac8;  0 drivers
v0000023fe9a6a780_0 .var "Flag", 0 0;
v0000023fe9a6ae60_0 .net "OpCode", 2 0, v0000023fe9a6cdd0_0;  alias, 1 drivers
v0000023fe9a6a8c0_0 .var "Result", 31 0;
v0000023fe9a6ab40_0 .net "and_res", 31 0, L_0000023fe9b03a90;  1 drivers
v0000023fe9a6b9a0_0 .net "borrow", 0 0, L_0000023fe9aff460;  1 drivers
v0000023fe9a6af00_0 .net "carry", 0 0, L_0000023fe9aff140;  1 drivers
v0000023fe9a6ad20_0 .net "cy", 0 0, L_0000023fe9affe60;  1 drivers
v0000023fe9a6b2c0_0 .net "diff", 31 0, L_0000023fe9aff780;  1 drivers
v0000023fe9a6b4a0_0 .net "mul", 31 0, L_0000023fe9afff00;  1 drivers
v0000023fe9a6deb0_0 .net "not1_res", 31 0, L_0000023fe9b03fd0;  1 drivers
v0000023fe9a6cab0_0 .net "not2_res", 31 0, L_0000023fe9b037f0;  1 drivers
v0000023fe9a6cfb0_0 .net "or_res", 31 0, L_0000023fe9b03d30;  1 drivers
v0000023fe9a6e1d0_0 .net "sum", 31 0, L_0000023fe9affaa0;  1 drivers
v0000023fe9a6d0f0_0 .net "xor_res", 31 0, L_0000023fe9b03b00;  1 drivers
E_0000023fe99fcbe0/0 .event anyedge, v0000023fe9a6ae60_0, v0000023fe9a6a820_0, v0000023fe9a6c120_0, v0000023fe9a6c260_0;
E_0000023fe99fcbe0/1 .event anyedge, v0000023fe9a6b040_0, v0000023fe9a6a3c0_0, v0000023fe9a6ac80_0, v0000023fe9a6a460_0;
E_0000023fe99fcbe0/2 .event anyedge, v0000023fe9a6a5a0_0, v0000023fe9a6bcc0_0, v0000023fe9a6a640_0, v0000023fe9a6b900_0;
E_0000023fe99fcbe0 .event/or E_0000023fe99fcbe0/0, E_0000023fe99fcbe0/1, E_0000023fe99fcbe0/2;
S_0000023fe99e2ac0 .scope module, "u0" "adder" 6 12, 6 41 0, S_0000023fe99f8110;
 .timescale 0 0;
    .port_info 0 /INPUT 32 "a";
    .port_info 1 /INPUT 32 "b";
    .port_info 2 /OUTPUT 32 "c";
    .port_info 3 /OUTPUT 1 "carry";
L_0000023fe9aa5590 .functor BUFT 1, C4<0>, C4<0>, C4<0>, C4<0>;
v0000023fe9a34170_0 .net *"_ivl_10", 0 0, L_0000023fe9aa5590;  1 drivers
v0000023fe9a6b0e0_0 .net *"_ivl_11", 32 0, L_0000023fe9b004a0;  1 drivers
v0000023fe9a6bfe0_0 .net *"_ivl_3", 32 0, L_0000023fe9aff3c0;  1 drivers
L_0000023fe9aa5548 .functor BUFT 1, C4<0>, C4<0>, C4<0>, C4<0>;
v0000023fe9a6b680_0 .net *"_ivl_6", 0 0, L_0000023fe9aa5548;  1 drivers
v0000023fe9a6bf40_0 .net *"_ivl_7", 32 0, L_0000023fe9b00400;  1 drivers
v0000023fe9a6b540_0 .net "a", 31 0, L_0000023fe99c41a0;  alias, 1 drivers
v0000023fe9a6b180_0 .net "b", 31 0, L_0000023fe9affa00;  alias, 1 drivers
v0000023fe9a6a820_0 .net "c", 31 0, L_0000023fe9affaa0;  alias, 1 drivers
v0000023fe9a6c120_0 .net "carry", 0 0, L_0000023fe9aff140;  alias, 1 drivers
L_0000023fe9aff140 .part L_0000023fe9b004a0, 32, 1;
L_0000023fe9affaa0 .part L_0000023fe9b004a0, 0, 32;
L_0000023fe9aff3c0 .concat [ 32 1 0 0], L_0000023fe99c41a0, L_0000023fe9aa5548;
L_0000023fe9b00400 .concat [ 32 1 0 0], L_0000023fe9affa00, L_0000023fe9aa5590;
L_0000023fe9b004a0 .arith/sum 33, L_0000023fe9aff3c0, L_0000023fe9b00400;
S_0000023fe99e2c50 .scope module, "u1" "SuB" 6 13, 6 50 0, S_0000023fe99f8110;
 .timescale 0 0;
    .port_info 0 /INPUT 32 "a";
    .port_info 1 /INPUT 32 "b";
    .port_info 2 /OUTPUT 1 "borrow";
    .port_info 3 /OUTPUT 32 "diff";
L_0000023fe9aa5620 .functor BUFT 1, C4<0>, C4<0>, C4<0>, C4<0>;
v0000023fe9a6b7c0_0 .net *"_ivl_10", 0 0, L_0000023fe9aa5620;  1 drivers
v0000023fe9a6adc0_0 .net *"_ivl_11", 32 0, L_0000023fe9affdc0;  1 drivers
v0000023fe9a6abe0_0 .net *"_ivl_3", 32 0, L_0000023fe9affb40;  1 drivers
L_0000023fe9aa55d8 .functor BUFT 1, C4<0>, C4<0>, C4<0>, C4<0>;
v0000023fe9a6ba40_0 .net *"_ivl_6", 0 0, L_0000023fe9aa55d8;  1 drivers
v0000023fe9a6b860_0 .net *"_ivl_7", 32 0, L_0000023fe9affc80;  1 drivers
v0000023fe9a6c1c0_0 .net "a", 31 0, L_0000023fe99c41a0;  alias, 1 drivers
v0000023fe9a6b720_0 .net "b", 31 0, L_0000023fe9affa00;  alias, 1 drivers
v0000023fe9a6b040_0 .net "borrow", 0 0, L_0000023fe9aff460;  alias, 1 drivers
v0000023fe9a6c260_0 .net "diff", 31 0, L_0000023fe9aff780;  alias, 1 drivers
L_0000023fe9aff460 .part L_0000023fe9affdc0, 32, 1;
L_0000023fe9aff780 .part L_0000023fe9affdc0, 0, 32;
L_0000023fe9affb40 .concat [ 32 1 0 0], L_0000023fe99c41a0, L_0000023fe9aa55d8;
L_0000023fe9affc80 .concat [ 32 1 0 0], L_0000023fe9affa00, L_0000023fe9aa5620;
L_0000023fe9affdc0 .arith/sub 33, L_0000023fe9affb40, L_0000023fe9affc80;
S_0000023fe99bf2e0 .scope module, "u2" "Mul" 6 14, 6 88 0, S_0000023fe99f8110;
 .timescale 0 0;
    .port_info 0 /INPUT 16 "a";
    .port_info 1 /INPUT 16 "b";
    .port_info 2 /OUTPUT 32 "c";
    .port_info 3 /OUTPUT 1 "cy";
v0000023fe9a6a6e0_0 .net *"_ivl_12", 32 0, L_0000023fe9b00040;  1 drivers
L_0000023fe9aa5668 .functor BUFT 1, C4<00000000000000000zzzzzzzzzzzzzzzz>, C4<0>, C4<0>, C4<0>;
v0000023fe9a6a960_0 .net *"_ivl_3", 32 0, L_0000023fe9aa5668;  1 drivers
L_0000023fe9aa56b0 .functor BUFT 1, C4<00000000000000000zzzzzzzzzzzzzzzz>, C4<0>, C4<0>, C4<0>;
v0000023fe9a6a500_0 .net *"_ivl_7", 32 0, L_0000023fe9aa56b0;  1 drivers
v0000023fe9a6bae0_0 .net "a", 15 0, o0000023fe9a71a98;  alias, 0 drivers
v0000023fe9a6b360_0 .net "b", 15 0, o0000023fe9a71ac8;  alias, 0 drivers
v0000023fe9a6a3c0_0 .net "c", 31 0, L_0000023fe9afff00;  alias, 1 drivers
v0000023fe9a6ac80_0 .net "cy", 0 0, L_0000023fe9affe60;  alias, 1 drivers
L_0000023fe9affe60 .part L_0000023fe9b00040, 32, 1;
L_0000023fe9afff00 .part L_0000023fe9b00040, 0, 32;
L_0000023fe9b00040 .arith/mult 33, L_0000023fe9aa5668, L_0000023fe9aa56b0;
S_0000023fe99bf470 .scope module, "u3" "oR" 6 15, 6 59 0, S_0000023fe99f8110;
 .timescale 0 0;
    .port_info 0 /INPUT 32 "a";
    .port_info 1 /INPUT 32 "b";
    .port_info 2 /OUTPUT 32 "c";
L_0000023fe9b03d30 .functor OR 32, L_0000023fe99c41a0, L_0000023fe9affa00, C4<00000000000000000000000000000000>, C4<00000000000000000000000000000000>;
v0000023fe9a6bb80_0 .net "a", 31 0, L_0000023fe99c41a0;  alias, 1 drivers
v0000023fe9a6b5e0_0 .net "b", 31 0, L_0000023fe9affa00;  alias, 1 drivers
v0000023fe9a6a460_0 .net "c", 31 0, L_0000023fe9b03d30;  alias, 1 drivers
S_0000023fe99c3a30 .scope module, "u4" "And" 6 16, 6 66 0, S_0000023fe99f8110;
 .timescale 0 0;
    .port_info 0 /INPUT 32 "a";
    .port_info 1 /INPUT 32 "b";
    .port_info 2 /OUTPUT 32 "c";
L_0000023fe9b03a90 .functor AND 32, L_0000023fe99c41a0, L_0000023fe9affa00, C4<11111111111111111111111111111111>, C4<11111111111111111111111111111111>;
v0000023fe9a6b220_0 .net "a", 31 0, L_0000023fe99c41a0;  alias, 1 drivers
v0000023fe9a6bea0_0 .net "b", 31 0, L_0000023fe9affa00;  alias, 1 drivers
v0000023fe9a6a5a0_0 .net "c", 31 0, L_0000023fe9b03a90;  alias, 1 drivers
S_0000023fe99c3bc0 .scope module, "u5" "Xor" 6 17, 6 74 0, S_0000023fe99f8110;
 .timescale 0 0;
    .port_info 0 /INPUT 32 "a";
    .port_info 1 /INPUT 32 "b";
    .port_info 2 /OUTPUT 32 "c";
L_0000023fe9b03b00 .functor XOR 32, L_0000023fe99c41a0, L_0000023fe9affa00, C4<00000000000000000000000000000000>, C4<00000000000000000000000000000000>;
v0000023fe9a6bc20_0 .net "a", 31 0, L_0000023fe99c41a0;  alias, 1 drivers
v0000023fe9a6b400_0 .net "b", 31 0, L_0000023fe9affa00;  alias, 1 drivers
v0000023fe9a6bcc0_0 .net "c", 31 0, L_0000023fe9b03b00;  alias, 1 drivers
S_0000023fe99fa8b0 .scope module, "u6" "Not" 6 18, 6 81 0, S_0000023fe99f8110;
 .timescale 0 0;
    .port_info 0 /INPUT 32 "a";
    .port_info 1 /OUTPUT 32 "c";
L_0000023fe9b03fd0 .functor NOT 32, L_0000023fe99c41a0, C4<00000000000000000000000000000000>, C4<00000000000000000000000000000000>, C4<00000000000000000000000000000000>;
v0000023fe9a6aaa0_0 .net "a", 31 0, L_0000023fe99c41a0;  alias, 1 drivers
v0000023fe9a6a640_0 .net "c", 31 0, L_0000023fe9b03fd0;  alias, 1 drivers
S_0000023fe99faa40 .scope module, "u7" "Not" 6 19, 6 81 0, S_0000023fe99f8110;
 .timescale 0 0;
    .port_info 0 /INPUT 32 "a";
    .port_info 1 /OUTPUT 32 "c";
L_0000023fe9b037f0 .functor NOT 32, L_0000023fe9affa00, C4<00000000000000000000000000000000>, C4<00000000000000000000000000000000>, C4<00000000000000000000000000000000>;
v0000023fe9a6be00_0 .net "a", 31 0, L_0000023fe9affa00;  alias, 1 drivers
v0000023fe9a6b900_0 .net "c", 31 0, L_0000023fe9b037f0;  alias, 1 drivers
S_0000023fe99ffdd0 .scope module, "CU_U" "Cntrl_Unit" 5 63, 7 1 0, S_0000023fe99f7f80;
 .timescale 0 0;
    .port_info 0 /INPUT 7 "opcode";
    .port_info 1 /OUTPUT 1 "PC_Write";
    .port_info 2 /OUTPUT 2 "PCSource";
    .port_info 3 /OUTPUT 1 "Jump";
    .port_info 4 /OUTPUT 3 "imm_sel";
    .port_info 5 /OUTPUT 1 "RegWrite";
    .port_info 6 /OUTPUT 1 "ALUSrc";
    .port_info 7 /OUTPUT 3 "ALUOp";
    .port_info 8 /OUTPUT 1 "MemRead";
    .port_info 9 /OUTPUT 1 "MemWrite";
    .port_info 10 /OUTPUT 1 "MemToReg";
    .port_info 11 /OUTPUT 1 "Branch";
P_0000023fe99fff60 .param/l "OP_BRANCH" 1 7 20, C4<1100011>;
P_0000023fe99fff98 .param/l "OP_I_Type" 1 7 17, C4<0010011>;
P_0000023fe99fffd0 .param/l "OP_JAL" 1 7 21, C4<0111011>;
P_0000023fe9a00008 .param/l "OP_LOAD" 1 7 18, C4<0000011>;
P_0000023fe9a00040 .param/l "OP_R_Type" 1 7 16, C4<0110011>;
P_0000023fe9a00078 .param/l "OP_STORE" 1 7 19, C4<0100011>;
P_0000023fe9a000b0 .param/l "PC_BRANCH" 1 7 23, C4<01>;
P_0000023fe9a000e8 .param/l "PC_JUMP" 1 7 24, C4<10>;
P_0000023fe9a00120 .param/l "PC_PLUS_4" 1 7 22, C4<00>;
v0000023fe9a6cdd0_0 .var "ALUOp", 2 0;
v0000023fe9a6d870_0 .var "ALUSrc", 0 0;
v0000023fe9a6e270_0 .var "Branch", 0 0;
v0000023fe9a6d9b0_0 .var "Jump", 0 0;
v0000023fe9a6c3d0_0 .var "MemRead", 0 0;
v0000023fe9a6d910_0 .var "MemToReg", 0 0;
v0000023fe9a6d5f0_0 .var "MemWrite", 0 0;
v0000023fe9a6d7d0_0 .var "PCSource", 1 0;
v0000023fe9a6d690_0 .var "PC_Write", 0 0;
v0000023fe9a6d050_0 .var "RegWrite", 0 0;
v0000023fe9a6d730_0 .var "imm_sel", 2 0;
v0000023fe9a6cb50_0 .net "opcode", 6 0, L_0000023fe9aa37e0;  1 drivers
E_0000023fe99fc220 .event anyedge, v0000023fe9a6cb50_0;
S_0000023fe99c7cf0 .scope module, "DMEM_U" "data_memory" 5 74, 8 1 0, S_0000023fe99f7f80;
 .timescale 0 0;
    .port_info 0 /INPUT 1 "clk";
    .port_info 1 /INPUT 1 "MemRead";
    .port_info 2 /INPUT 1 "MemWrite";
    .port_info 3 /INPUT 32 "addr";
    .port_info 4 /INPUT 32 "wr_data";
    .port_info 5 /OUTPUT 32 "rd_data";
P_0000023fe99fc360 .param/l "Mem_Depth" 1 8 10, +C4<00000000000000000000010000000000>;
v0000023fe9a6cbf0_0 .net "MemRead", 0 0, v0000023fe9a6c3d0_0;  alias, 1 drivers
v0000023fe9a6c470_0 .net "MemWrite", 0 0, v0000023fe9a6d5f0_0;  alias, 1 drivers
v0000023fe9a6d370_0 .net *"_ivl_2", 31 0, L_0000023fe9b00d60;  1 drivers
v0000023fe9a6d550_0 .net *"_ivl_4", 11 0, L_0000023fe9b00a40;  1 drivers
L_0000023fe9aa54b8 .functor BUFT 1, C4<00>, C4<0>, C4<0>, C4<0>;
v0000023fe9a6da50_0 .net *"_ivl_7", 1 0, L_0000023fe9aa54b8;  1 drivers
L_0000023fe9aa5500 .functor BUFT 1, C4<00000000000000000000000000000000>, C4<0>, C4<0>, C4<0>;
v0000023fe9a6daf0_0 .net/2u *"_ivl_8", 31 0, L_0000023fe9aa5500;  1 drivers
v0000023fe9a6c510_0 .net "addr", 31 0, v0000023fe9a6a8c0_0;  alias, 1 drivers
v0000023fe9a6de10_0 .net "clk", 0 0, o0000023fe9a72668;  alias, 0 drivers
v0000023fe9a6db90 .array "mem", 1023 0, 31 0;
v0000023fe9a6dd70_0 .net "rd_data", 31 0, L_0000023fe9b00ea0;  alias, 1 drivers
v0000023fe9a6c970_0 .net "read_write_index", 9 0, L_0000023fe9b002c0;  1 drivers
v0000023fe9a6cc90_0 .net "wr_data", 31 0, L_0000023fe9b009a0;  alias, 1 drivers
E_0000023fe99fc4a0 .event posedge, v0000023fe9a6de10_0;
L_0000023fe9b002c0 .part v0000023fe9a6a8c0_0, 2, 10;
L_0000023fe9b00d60 .array/port v0000023fe9a6db90, L_0000023fe9b00a40;
L_0000023fe9b00a40 .concat [ 10 2 0 0], L_0000023fe9b002c0, L_0000023fe9aa54b8;
L_0000023fe9b00ea0 .functor MUXZ 32, L_0000023fe9aa5500, L_0000023fe9b00d60, v0000023fe9a6c3d0_0, C4<>;
S_0000023fe9aa0590 .scope module, "IMM_U" "imm_gen" 5 66, 9 1 0, S_0000023fe99f7f80;
 .timescale 0 0;
    .port_info 0 /INPUT 32 "instruction";
    .port_info 1 /INPUT 3 "imm_sel";
    .port_info 2 /OUTPUT 32 "immediate_out";
P_0000023fe9a40710 .param/l "B_Type" 1 9 8, C4<011>;
P_0000023fe9a40748 .param/l "I_Type" 1 9 6, C4<001>;
P_0000023fe9a40780 .param/l "J_Type" 1 9 10, C4<101>;
P_0000023fe9a407b8 .param/l "S_Type" 1 9 7, C4<010>;
P_0000023fe9a407f0 .param/l "U_Type" 1 9 9, C4<100>;
v0000023fe9a6e090_0 .net *"_ivl_1", 0 0, L_0000023fe9aa4140;  1 drivers
v0000023fe9a6dc30_0 .net *"_ivl_10", 19 0, L_0000023fe9b00b80;  1 drivers
v0000023fe9a6e130_0 .net *"_ivl_13", 6 0, L_0000023fe9b00e00;  1 drivers
v0000023fe9a6cd30_0 .net *"_ivl_15", 4 0, L_0000023fe9b00180;  1 drivers
v0000023fe9a6d190_0 .net *"_ivl_19", 0 0, L_0000023fe9b00720;  1 drivers
v0000023fe9a6dcd0_0 .net *"_ivl_2", 19 0, L_0000023fe9aa3e20;  1 drivers
v0000023fe9a6d2d0_0 .net *"_ivl_20", 18 0, L_0000023fe9b000e0;  1 drivers
v0000023fe9a6df50_0 .net *"_ivl_23", 0 0, L_0000023fe9aff5a0;  1 drivers
v0000023fe9a6d410_0 .net *"_ivl_25", 0 0, L_0000023fe9aff820;  1 drivers
v0000023fe9a6c790_0 .net *"_ivl_27", 5 0, L_0000023fe9b00c20;  1 drivers
v0000023fe9a6dff0_0 .net *"_ivl_29", 3 0, L_0000023fe9aff8c0;  1 drivers
L_0000023fe9aa5230 .functor BUFT 1, C4<0>, C4<0>, C4<0>, C4<0>;
v0000023fe9a6c5b0_0 .net/2u *"_ivl_30", 0 0, L_0000023fe9aa5230;  1 drivers
v0000023fe9a6d230_0 .net *"_ivl_35", 19 0, L_0000023fe9aff280;  1 drivers
L_0000023fe9aa5278 .functor BUFT 1, C4<000000000000>, C4<0>, C4<0>, C4<0>;
v0000023fe9a6c650_0 .net/2u *"_ivl_36", 11 0, L_0000023fe9aa5278;  1 drivers
v0000023fe9a6c6f0_0 .net *"_ivl_41", 0 0, L_0000023fe9aff500;  1 drivers
v0000023fe9a6d4b0_0 .net *"_ivl_42", 10 0, L_0000023fe9aff320;  1 drivers
v0000023fe9a6c830_0 .net *"_ivl_45", 0 0, L_0000023fe9affd20;  1 drivers
v0000023fe9a6c8d0_0 .net *"_ivl_47", 7 0, L_0000023fe9b00220;  1 drivers
v0000023fe9a6ca10_0 .net *"_ivl_49", 0 0, L_0000023fe9afffa0;  1 drivers
v0000023fe9a6ce70_0 .net *"_ivl_5", 11 0, L_0000023fe9aa3f60;  1 drivers
v0000023fe9a6cf10_0 .net *"_ivl_51", 9 0, L_0000023fe9b00540;  1 drivers
L_0000023fe9aa52c0 .functor BUFT 1, C4<0>, C4<0>, C4<0>, C4<0>;
v0000023fe9aa2310_0 .net/2u *"_ivl_52", 0 0, L_0000023fe9aa52c0;  1 drivers
v0000023fe9aa2ef0_0 .net *"_ivl_9", 0 0, L_0000023fe9aa43c0;  1 drivers
v0000023fe9aa26d0_0 .net "b_imm", 31 0, L_0000023fe9aff1e0;  1 drivers
v0000023fe9aa2090_0 .net "i_imm", 31 0, L_0000023fe9aa4320;  1 drivers
v0000023fe9aa12d0_0 .net "imm_sel", 2 0, v0000023fe9a6d730_0;  alias, 1 drivers
v0000023fe9aa2450_0 .net "immediate_out", 31 0, v0000023fe9aa17d0_0;  alias, 1 drivers
v0000023fe9aa23b0_0 .net "instruction", 31 0, L_0000023fe9aa3740;  alias, 1 drivers
v0000023fe9aa1c30_0 .net "j_imm", 31 0, L_0000023fe9b00ae0;  1 drivers
v0000023fe9aa17d0_0 .var "out_imm", 31 0;
v0000023fe9aa2c70_0 .net "s_imm", 31 0, L_0000023fe9b00900;  1 drivers
v0000023fe9aa24f0_0 .net "u_imm", 31 0, L_0000023fe9aff640;  1 drivers
E_0000023fe99fc520/0 .event anyedge, v0000023fe9a6d730_0, v0000023fe9aa2090_0, v0000023fe9aa2c70_0, v0000023fe9aa26d0_0;
E_0000023fe99fc520/1 .event anyedge, v0000023fe9aa24f0_0, v0000023fe9aa1c30_0;
E_0000023fe99fc520 .event/or E_0000023fe99fc520/0, E_0000023fe99fc520/1;
L_0000023fe9aa4140 .part L_0000023fe9aa3740, 31, 1;
LS_0000023fe9aa3e20_0_0 .concat [ 1 1 1 1], L_0000023fe9aa4140, L_0000023fe9aa4140, L_0000023fe9aa4140, L_0000023fe9aa4140;
LS_0000023fe9aa3e20_0_4 .concat [ 1 1 1 1], L_0000023fe9aa4140, L_0000023fe9aa4140, L_0000023fe9aa4140, L_0000023fe9aa4140;
LS_0000023fe9aa3e20_0_8 .concat [ 1 1 1 1], L_0000023fe9aa4140, L_0000023fe9aa4140, L_0000023fe9aa4140, L_0000023fe9aa4140;
LS_0000023fe9aa3e20_0_12 .concat [ 1 1 1 1], L_0000023fe9aa4140, L_0000023fe9aa4140, L_0000023fe9aa4140, L_0000023fe9aa4140;
LS_0000023fe9aa3e20_0_16 .concat [ 1 1 1 1], L_0000023fe9aa4140, L_0000023fe9aa4140, L_0000023fe9aa4140, L_0000023fe9aa4140;
LS_0000023fe9aa3e20_1_0 .concat [ 4 4 4 4], LS_0000023fe9aa3e20_0_0, LS_0000023fe9aa3e20_0_4, LS_0000023fe9aa3e20_0_8, LS_0000023fe9aa3e20_0_12;
LS_0000023fe9aa3e20_1_4 .concat [ 4 0 0 0], LS_0000023fe9aa3e20_0_16;
L_0000023fe9aa3e20 .concat [ 16 4 0 0], LS_0000023fe9aa3e20_1_0, LS_0000023fe9aa3e20_1_4;
L_0000023fe9aa3f60 .part L_0000023fe9aa3740, 20, 12;
L_0000023fe9aa4320 .concat [ 12 20 0 0], L_0000023fe9aa3f60, L_0000023fe9aa3e20;
L_0000023fe9aa43c0 .part L_0000023fe9aa3740, 31, 1;
LS_0000023fe9b00b80_0_0 .concat [ 1 1 1 1], L_0000023fe9aa43c0, L_0000023fe9aa43c0, L_0000023fe9aa43c0, L_0000023fe9aa43c0;
LS_0000023fe9b00b80_0_4 .concat [ 1 1 1 1], L_0000023fe9aa43c0, L_0000023fe9aa43c0, L_0000023fe9aa43c0, L_0000023fe9aa43c0;
LS_0000023fe9b00b80_0_8 .concat [ 1 1 1 1], L_0000023fe9aa43c0, L_0000023fe9aa43c0, L_0000023fe9aa43c0, L_0000023fe9aa43c0;
LS_0000023fe9b00b80_0_12 .concat [ 1 1 1 1], L_0000023fe9aa43c0, L_0000023fe9aa43c0, L_0000023fe9aa43c0, L_0000023fe9aa43c0;
LS_0000023fe9b00b80_0_16 .concat [ 1 1 1 1], L_0000023fe9aa43c0, L_0000023fe9aa43c0, L_0000023fe9aa43c0, L_0000023fe9aa43c0;
LS_0000023fe9b00b80_1_0 .concat [ 4 4 4 4], LS_0000023fe9b00b80_0_0, LS_0000023fe9b00b80_0_4, LS_0000023fe9b00b80_0_8, LS_0000023fe9b00b80_0_12;
LS_0000023fe9b00b80_1_4 .concat [ 4 0 0 0], LS_0000023fe9b00b80_0_16;
L_0000023fe9b00b80 .concat [ 16 4 0 0], LS_0000023fe9b00b80_1_0, LS_0000023fe9b00b80_1_4;
L_0000023fe9b00e00 .part L_0000023fe9aa3740, 25, 7;
L_0000023fe9b00180 .part L_0000023fe9aa3740, 7, 5;
L_0000023fe9b00900 .concat [ 5 7 20 0], L_0000023fe9b00180, L_0000023fe9b00e00, L_0000023fe9b00b80;
L_0000023fe9b00720 .part L_0000023fe9aa3740, 31, 1;
LS_0000023fe9b000e0_0_0 .concat [ 1 1 1 1], L_0000023fe9b00720, L_0000023fe9b00720, L_0000023fe9b00720, L_0000023fe9b00720;
LS_0000023fe9b000e0_0_4 .concat [ 1 1 1 1], L_0000023fe9b00720, L_0000023fe9b00720, L_0000023fe9b00720, L_0000023fe9b00720;
LS_0000023fe9b000e0_0_8 .concat [ 1 1 1 1], L_0000023fe9b00720, L_0000023fe9b00720, L_0000023fe9b00720, L_0000023fe9b00720;
LS_0000023fe9b000e0_0_12 .concat [ 1 1 1 1], L_0000023fe9b00720, L_0000023fe9b00720, L_0000023fe9b00720, L_0000023fe9b00720;
LS_0000023fe9b000e0_0_16 .concat [ 1 1 1 0], L_0000023fe9b00720, L_0000023fe9b00720, L_0000023fe9b00720;
LS_0000023fe9b000e0_1_0 .concat [ 4 4 4 4], LS_0000023fe9b000e0_0_0, LS_0000023fe9b000e0_0_4, LS_0000023fe9b000e0_0_8, LS_0000023fe9b000e0_0_12;
LS_0000023fe9b000e0_1_4 .concat [ 3 0 0 0], LS_0000023fe9b000e0_0_16;
L_0000023fe9b000e0 .concat [ 16 3 0 0], LS_0000023fe9b000e0_1_0, LS_0000023fe9b000e0_1_4;
L_0000023fe9aff5a0 .part L_0000023fe9aa3740, 31, 1;
L_0000023fe9aff820 .part L_0000023fe9aa3740, 7, 1;
L_0000023fe9b00c20 .part L_0000023fe9aa3740, 25, 6;
L_0000023fe9aff8c0 .part L_0000023fe9aa3740, 8, 4;
LS_0000023fe9aff1e0_0_0 .concat [ 1 4 6 1], L_0000023fe9aa5230, L_0000023fe9aff8c0, L_0000023fe9b00c20, L_0000023fe9aff820;
LS_0000023fe9aff1e0_0_4 .concat [ 1 19 0 0], L_0000023fe9aff5a0, L_0000023fe9b000e0;
L_0000023fe9aff1e0 .concat [ 12 20 0 0], LS_0000023fe9aff1e0_0_0, LS_0000023fe9aff1e0_0_4;
L_0000023fe9aff280 .part L_0000023fe9aa3740, 12, 20;
L_0000023fe9aff640 .concat [ 12 20 0 0], L_0000023fe9aa5278, L_0000023fe9aff280;
L_0000023fe9aff500 .part L_0000023fe9aa3740, 31, 1;
LS_0000023fe9aff320_0_0 .concat [ 1 1 1 1], L_0000023fe9aff500, L_0000023fe9aff500, L_0000023fe9aff500, L_0000023fe9aff500;
LS_0000023fe9aff320_0_4 .concat [ 1 1 1 1], L_0000023fe9aff500, L_0000023fe9aff500, L_0000023fe9aff500, L_0000023fe9aff500;
LS_0000023fe9aff320_0_8 .concat [ 1 1 1 0], L_0000023fe9aff500, L_0000023fe9aff500, L_0000023fe9aff500;
L_0000023fe9aff320 .concat [ 4 4 3 0], LS_0000023fe9aff320_0_0, LS_0000023fe9aff320_0_4, LS_0000023fe9aff320_0_8;
L_0000023fe9affd20 .part L_0000023fe9aa3740, 31, 1;
L_0000023fe9b00220 .part L_0000023fe9aa3740, 12, 8;
L_0000023fe9afffa0 .part L_0000023fe9aa3740, 20, 1;
L_0000023fe9b00540 .part L_0000023fe9aa3740, 21, 10;
LS_0000023fe9b00ae0_0_0 .concat [ 1 10 1 8], L_0000023fe9aa52c0, L_0000023fe9b00540, L_0000023fe9afffa0, L_0000023fe9b00220;
LS_0000023fe9b00ae0_0_4 .concat [ 1 11 0 0], L_0000023fe9affd20, L_0000023fe9aff320;
L_0000023fe9b00ae0 .concat [ 20 12 0 0], LS_0000023fe9b00ae0_0_0, LS_0000023fe9b00ae0_0_4;
S_0000023fe9aa0d60 .scope module, "IM_U" "Instruction_Mem" 5 61, 10 1 0, S_0000023fe99f7f80;
 .timescale 0 0;
    .port_info 0 /INPUT 32 "address_i";
    .port_info 1 /OUTPUT 32 "instruction_o";
P_0000023fe9968690 .param/l "Add_width" 1 10 6, +C4<00000000000000000000000000001010>;
P_0000023fe99686c8 .param/l "Mem_Depth" 1 10 5, +C4<00000000000000000000010000000000>;
v0000023fe9aa2810_0 .net *"_ivl_10", 31 0, L_0000023fe9aa3560;  1 drivers
v0000023fe9aa1870_0 .net *"_ivl_12", 11 0, L_0000023fe9aa3d80;  1 drivers
L_0000023fe9aa51a0 .functor BUFT 1, C4<00>, C4<0>, C4<0>, C4<0>;
v0000023fe9aa2130_0 .net *"_ivl_15", 1 0, L_0000023fe9aa51a0;  1 drivers
L_0000023fe9aa51e8 .functor BUFT 1, C4<00000000000000000000000000000000>, C4<0>, C4<0>, C4<0>;
v0000023fe9aa1410_0 .net/2u *"_ivl_16", 31 0, L_0000023fe9aa51e8;  1 drivers
v0000023fe9aa28b0_0 .net *"_ivl_2", 31 0, L_0000023fe9aa3380;  1 drivers
L_0000023fe9aa5110 .functor BUFT 1, C4<0000000000000000000000>, C4<0>, C4<0>, C4<0>;
v0000023fe9aa1910_0 .net *"_ivl_5", 21 0, L_0000023fe9aa5110;  1 drivers
L_0000023fe9aa5158 .functor BUFT 1, C4<00000000000000000000010000000000>, C4<0>, C4<0>, C4<0>;
v0000023fe9aa1b90_0 .net/2u *"_ivl_6", 31 0, L_0000023fe9aa5158;  1 drivers
v0000023fe9aa1370_0 .net "address_i", 31 0, v0000023fe9aa2d10_0;  alias, 1 drivers
v0000023fe9aa2f90_0 .net "instruction_o", 31 0, L_0000023fe9aa3740;  alias, 1 drivers
v0000023fe9aa2950 .array "mem", 1023 0, 31 0;
v0000023fe9aa2bd0_0 .net "read_index", 9 0, L_0000023fe9aa3ce0;  1 drivers
v0000023fe9aa19b0_0 .net "valid_address", 0 0, L_0000023fe9aa3420;  1 drivers
L_0000023fe9aa3ce0 .part v0000023fe9aa2d10_0, 2, 10;
L_0000023fe9aa3380 .concat [ 10 22 0 0], L_0000023fe9aa3ce0, L_0000023fe9aa5110;
L_0000023fe9aa3420 .cmp/gt 32, L_0000023fe9aa5158, L_0000023fe9aa3380;
L_0000023fe9aa3560 .array/port v0000023fe9aa2950, L_0000023fe9aa3d80;
L_0000023fe9aa3d80 .concat [ 10 2 0 0], L_0000023fe9aa3ce0, L_0000023fe9aa51a0;
L_0000023fe9aa3740 .functor MUXZ 32, L_0000023fe9aa51e8, L_0000023fe9aa3560, L_0000023fe9aa3420, C4<>;
S_0000023fe9aa0a40 .scope module, "PC_U" "ProgCntr" 5 59, 11 1 0, S_0000023fe99f7f80;
 .timescale 0 0;
    .port_info 0 /INPUT 1 "clk";
    .port_info 1 /INPUT 1 "rst";
    .port_info 2 /INPUT 1 "PC_Write";
    .port_info 3 /INPUT 32 "Next_PC";
    .port_info 4 /OUTPUT 32 "PC";
P_0000023fe99fc5e0 .param/l "Start_Add" 1 11 9, C4<00000000000000000000000000000000>;
v0000023fe9aa14b0_0 .net "Next_PC", 31 0, v0000023fe9aa4960_0;  1 drivers
v0000023fe9aa2d10_0 .var "PC", 31 0;
v0000023fe9aa1ff0_0 .net "PC_Write", 0 0, L_0000023fe99b4110;  alias, 1 drivers
v0000023fe9aa2770_0 .net "clk", 0 0, o0000023fe9a72668;  alias, 0 drivers
v0000023fe9aa2590_0 .net "rst", 0 0, o0000023fe9a73148;  alias, 0 drivers
E_0000023fe99fc720/0 .event negedge, v0000023fe9aa2590_0;
E_0000023fe99fc720/1 .event posedge, v0000023fe9a6de10_0;
E_0000023fe99fc720 .event/or E_0000023fe99fc720/0, E_0000023fe99fc720/1;
S_0000023fe9aa0ef0 .scope module, "RF_U" "register_file" 5 72, 12 1 0, S_0000023fe99f7f80;
 .timescale 0 0;
    .port_info 0 /INPUT 1 "clk";
    .port_info 1 /INPUT 1 "rst";
    .port_info 2 /INPUT 1 "we";
    .port_info 3 /INPUT 5 "rd_adr1";
    .port_info 4 /INPUT 5 "rd_adr2";
    .port_info 5 /INPUT 5 "w_adr";
    .port_info 6 /INPUT 32 "w_data";
    .port_info 7 /OUTPUT 32 "rd_data1";
    .port_info 8 /OUTPUT 32 "rd_data2";
L_0000023fe9aa5308 .functor BUFT 1, C4<00000>, C4<0>, C4<0>, C4<0>;
v0000023fe9aa29f0_0 .net/2u *"_ivl_0", 4 0, L_0000023fe9aa5308;  1 drivers
L_0000023fe9aa5398 .functor BUFT 1, C4<00>, C4<0>, C4<0>, C4<0>;
v0000023fe9aa1a50_0 .net *"_ivl_11", 1 0, L_0000023fe9aa5398;  1 drivers
L_0000023fe9aa53e0 .functor BUFT 1, C4<00000>, C4<0>, C4<0>, C4<0>;
v0000023fe9aa2e50_0 .net/2u *"_ivl_14", 4 0, L_0000023fe9aa53e0;  1 drivers
v0000023fe9aa2630_0 .net *"_ivl_16", 0 0, L_0000023fe9b00860;  1 drivers
L_0000023fe9aa5428 .functor BUFT 1, C4<00000000000000000000000000000000>, C4<0>, C4<0>, C4<0>;
v0000023fe9aa1cd0_0 .net/2u *"_ivl_18", 31 0, L_0000023fe9aa5428;  1 drivers
v0000023fe9aa2a90_0 .net *"_ivl_2", 0 0, L_0000023fe9b005e0;  1 drivers
v0000023fe9aa2b30_0 .net *"_ivl_20", 31 0, L_0000023fe9aff960;  1 drivers
v0000023fe9aa1d70_0 .net *"_ivl_22", 6 0, L_0000023fe9affbe0;  1 drivers
L_0000023fe9aa5470 .functor BUFT 1, C4<00>, C4<0>, C4<0>, C4<0>;
v0000023fe9aa2db0_0 .net *"_ivl_25", 1 0, L_0000023fe9aa5470;  1 drivers
L_0000023fe9aa5350 .functor BUFT 1, C4<00000000000000000000000000000000>, C4<0>, C4<0>, C4<0>;
v0000023fe9aa10f0_0 .net/2u *"_ivl_4", 31 0, L_0000023fe9aa5350;  1 drivers
v0000023fe9aa1190_0 .net *"_ivl_6", 31 0, L_0000023fe9aff6e0;  1 drivers
v0000023fe9aa15f0_0 .net *"_ivl_8", 6 0, L_0000023fe9b00fe0;  1 drivers
v0000023fe9aa1230_0 .net "clk", 0 0, o0000023fe9a72668;  alias, 0 drivers
v0000023fe9aa1eb0_0 .var/i "i", 31 0;
v0000023fe9aa1e10_0 .net "rd_adr1", 4 0, L_0000023fe9b00360;  alias, 1 drivers
v0000023fe9aa1550_0 .net "rd_adr2", 4 0, L_0000023fe9b00f40;  alias, 1 drivers
v0000023fe9aa1690_0 .net "rd_data1", 31 0, L_0000023fe9b00cc0;  alias, 1 drivers
v0000023fe9aa1730_0 .net "rd_data2", 31 0, L_0000023fe9b009a0;  alias, 1 drivers
v0000023fe9aa1af0 .array "reg_array", 31 0, 31 0;
v0000023fe9aa1f50_0 .net "rst", 0 0, o0000023fe9a73148;  alias, 0 drivers
v0000023fe9aa21d0_0 .net "w_adr", 4 0, L_0000023fe9b007c0;  alias, 1 drivers
v0000023fe9aa3100_0 .net "w_data", 31 0, L_0000023fe9b00680;  alias, 1 drivers
v0000023fe9aa48c0_0 .net "we", 0 0, v0000023fe9a6d050_0;  alias, 1 drivers
L_0000023fe9b005e0 .cmp/eq 5, L_0000023fe9b00360, L_0000023fe9aa5308;
L_0000023fe9aff6e0 .array/port v0000023fe9aa1af0, L_0000023fe9b00fe0;
L_0000023fe9b00fe0 .concat [ 5 2 0 0], L_0000023fe9b00360, L_0000023fe9aa5398;
L_0000023fe9b00cc0 .functor MUXZ 32, L_0000023fe9aff6e0, L_0000023fe9aa5350, L_0000023fe9b005e0, C4<>;
L_0000023fe9b00860 .cmp/eq 5, L_0000023fe9b00f40, L_0000023fe9aa53e0;
L_0000023fe9aff960 .array/port v0000023fe9aa1af0, L_0000023fe9affbe0;
L_0000023fe9affbe0 .concat [ 5 2 0 0], L_0000023fe9b00f40, L_0000023fe9aa5470;
L_0000023fe9b009a0 .functor MUXZ 32, L_0000023fe9aff960, L_0000023fe9aa5428, L_0000023fe9b00860, C4<>;
    .scope S_0000023fe99da8e0;
T_0 ;
    %wait E_0000023fe99fbe60;
    %load/vec4 v0000023fe9a6a110_0;
    %nor/r;
    %flag_set/vec4 8;
    %jmp/0xz  T_0.0, 8;
    %pushi/vec4 0, 0, 32;
    %assign/vec4 v0000023fe9a688b0_0, 0;
    %pushi/vec4 0, 0, 1;
    %assign/vec4 v0000023fe9a69df0_0, 0;
    %jmp T_0.1;
T_0.0 ;
    %load/vec4 v0000023fe9a35930_0;
    %flag_set/vec4 8;
    %jmp/0xz  T_0.2, 8;
    %load/vec4 v0000023fe9a69490_0;
    %assign/vec4 v0000023fe9a688b0_0, 0;
    %load/vec4 v0000023fe9a69850_0;
    %assign/vec4 v0000023fe9a693f0_0, 0;
    %load/vec4 v0000023fe9a697b0_0;
    %assign/vec4 v0000023fe9a69df0_0, 0;
T_0.2 ;
T_0.1 ;
    %jmp T_0;
    .thread T_0;
    .scope S_0000023fe99daba0;
T_1 ;
    %wait E_0000023fe99fcc60;
    %load/vec4 v0000023fe9a692b0_0;
    %flag_set/vec4 8;
    %jmp/0xz  T_1.0, 8;
    %pushi/vec4 0, 0, 32;
    %assign/vec4 v0000023fe9a68d10_0, 0;
    %pushi/vec4 0, 0, 32;
    %assign/vec4 v0000023fe9a68db0_0, 0;
    %pushi/vec4 0, 0, 32;
    %assign/vec4 v0000023fe9a69530_0, 0;
    %pushi/vec4 0, 0, 32;
    %assign/vec4 v0000023fe9a69fd0_0, 0;
    %pushi/vec4 0, 0, 5;
    %assign/vec4 v0000023fe9a68770_0, 0;
    %pushi/vec4 0, 0, 5;
    %assign/vec4 v0000023fe9a68f90_0, 0;
    %pushi/vec4 0, 0, 1;
    %assign/vec4 v0000023fe9a69d50_0, 0;
    %pushi/vec4 0, 0, 1;
    %assign/vec4 v0000023fe9a68590_0, 0;
    %pushi/vec4 0, 0, 1;
    %assign/vec4 v0000023fe9a6a250_0, 0;
    %pushi/vec4 0, 0, 1;
    %assign/vec4 v0000023fe9a69ad0_0, 0;
    %pushi/vec4 0, 0, 1;
    %assign/vec4 v0000023fe9a69170_0, 0;
    %pushi/vec4 0, 0, 1;
    %assign/vec4 v0000023fe9a68c70_0, 0;
    %pushi/vec4 0, 0, 1;
    %assign/vec4 v0000023fe9a689f0_0, 0;
    %pushi/vec4 0, 0, 3;
    %assign/vec4 v0000023fe9a69a30_0, 0;
    %jmp T_1.1;
T_1.0 ;
    %load/vec4 v0000023fe9a69b70_0;
    %assign/vec4 v0000023fe9a68d10_0, 0;
    %load/vec4 v0000023fe9a6a1b0_0;
    %assign/vec4 v0000023fe9a68db0_0, 0;
    %load/vec4 v0000023fe9a69210_0;
    %assign/vec4 v0000023fe9a69530_0, 0;
    %load/vec4 v0000023fe9a69f30_0;
    %assign/vec4 v0000023fe9a69fd0_0, 0;
    %load/vec4 v0000023fe9a68630_0;
    %assign/vec4 v0000023fe9a68770_0, 0;
    %load/vec4 v0000023fe9a68ef0_0;
    %assign/vec4 v0000023fe9a68f90_0, 0;
    %load/vec4 v0000023fe9a69cb0_0;
    %assign/vec4 v0000023fe9a69d50_0, 0;
    %load/vec4 v0000023fe9a69990_0;
    %assign/vec4 v0000023fe9a68590_0, 0;
    %load/vec4 v0000023fe9a684f0_0;
    %assign/vec4 v0000023fe9a6a250_0, 0;
    %load/vec4 v0000023fe9a6a070_0;
    %assign/vec4 v0000023fe9a69ad0_0, 0;
    %load/vec4 v0000023fe9a690d0_0;
    %assign/vec4 v0000023fe9a69170_0, 0;
    %load/vec4 v0000023fe9a69e90_0;
    %assign/vec4 v0000023fe9a68c70_0, 0;
    %load/vec4 v0000023fe9a686d0_0;
    %assign/vec4 v0000023fe9a689f0_0, 0;
    %load/vec4 v0000023fe9a68e50_0;
    %assign/vec4 v0000023fe9a69a30_0, 0;
T_1.1 ;
    %jmp T_1;
    .thread T_1;
    .scope S_0000023fe99d1490;
T_2 ;
    %wait E_0000023fe99fcae0;
    %load/vec4 v0000023fe9a69710_0;
    %nor/r;
    %flag_set/vec4 8;
    %jmp/1 T_2.2, 8;
    %load/vec4 v0000023fe9a68810_0;
    %flag_set/vec4 9;
    %flag_or 8, 9;
T_2.2;
    %jmp/0xz  T_2.0, 8;
    %pushi/vec4 19, 0, 32;
    %assign/vec4 v0000023fe9a69670_0, 0;
    %pushi/vec4 0, 0, 32;
    %assign/vec4 v0000023fe9a69350_0, 0;
    %jmp T_2.1;
T_2.0 ;
    %load/vec4 v0000023fe9a68950_0;
    %flag_set/vec4 8;
    %jmp/0xz  T_2.3, 8;
    %load/vec4 v0000023fe9a68a90_0;
    %assign/vec4 v0000023fe9a69670_0, 0;
    %load/vec4 v0000023fe9a68b30_0;
    %assign/vec4 v0000023fe9a69350_0, 0;
T_2.3 ;
T_2.1 ;
    %jmp T_2;
    .thread T_2;
    .scope S_0000023fe9aa0a40;
T_3 ;
    %wait E_0000023fe99fc720;
    %load/vec4 v0000023fe9aa2590_0;
    %nor/r;
    %flag_set/vec4 8;
    %jmp/0xz  T_3.0, 8;
    %pushi/vec4 0, 0, 32;
    %assign/vec4 v0000023fe9aa2d10_0, 0;
    %jmp T_3.1;
T_3.0 ;
    %load/vec4 v0000023fe9aa1ff0_0;
    %flag_set/vec4 8;
    %jmp/0xz  T_3.2, 8;
    %load/vec4 v0000023fe9aa14b0_0;
    %assign/vec4 v0000023fe9aa2d10_0, 0;
T_3.2 ;
T_3.1 ;
    %jmp T_3;
    .thread T_3;
    .scope S_0000023fe9aa0d60;
T_4 ;
    %vpi_call 10 13 "$readmemh", "program.mem", v0000023fe9aa2950, 32'sb00000000000000000000000000000000, 32'sb00000000000000000000001111111111 {0 0 0};
    %end;
    .thread T_4;
    .scope S_0000023fe99ffdd0;
T_5 ;
    %wait E_0000023fe99fc220;
    %pushi/vec4 1, 0, 1;
    %store/vec4 v0000023fe9a6d690_0, 0, 1;
    %pushi/vec4 0, 0, 3;
    %store/vec4 v0000023fe9a6d730_0, 0, 3;
    %pushi/vec4 0, 0, 1;
    %store/vec4 v0000023fe9a6d050_0, 0, 1;
    %pushi/vec4 0, 0, 1;
    %store/vec4 v0000023fe9a6d870_0, 0, 1;
    %pushi/vec4 0, 0, 3;
    %store/vec4 v0000023fe9a6cdd0_0, 0, 3;
    %pushi/vec4 0, 0, 1;
    %store/vec4 v0000023fe9a6c3d0_0, 0, 1;
    %pushi/vec4 0, 0, 1;
    %store/vec4 v0000023fe9a6d5f0_0, 0, 1;
    %pushi/vec4 0, 0, 1;
    %store/vec4 v0000023fe9a6d910_0, 0, 1;
    %pushi/vec4 0, 0, 1;
    %store/vec4 v0000023fe9a6e270_0, 0, 1;
    %pushi/vec4 0, 0, 2;
    %store/vec4 v0000023fe9a6d7d0_0, 0, 2;
    %pushi/vec4 0, 0, 1;
    %store/vec4 v0000023fe9a6d9b0_0, 0, 1;
    %load/vec4 v0000023fe9a6cb50_0;
    %dup/vec4;
    %pushi/vec4 51, 0, 7;
    %cmp/u;
    %jmp/1 T_5.0, 6;
    %dup/vec4;
    %pushi/vec4 19, 0, 7;
    %cmp/u;
    %jmp/1 T_5.1, 6;
    %dup/vec4;
    %pushi/vec4 3, 0, 7;
    %cmp/u;
    %jmp/1 T_5.2, 6;
    %dup/vec4;
    %pushi/vec4 35, 0, 7;
    %cmp/u;
    %jmp/1 T_5.3, 6;
    %dup/vec4;
    %pushi/vec4 99, 0, 7;
    %cmp/u;
    %jmp/1 T_5.4, 6;
    %dup/vec4;
    %pushi/vec4 59, 0, 7;
    %cmp/u;
    %jmp/1 T_5.5, 6;
    %pushi/vec4 1, 0, 1;
    %store/vec4 v0000023fe9a6d690_0, 0, 1;
    %pushi/vec4 0, 0, 1;
    %store/vec4 v0000023fe9a6d050_0, 0, 1;
    %jmp T_5.7;
T_5.0 ;
    %pushi/vec4 1, 0, 1;
    %store/vec4 v0000023fe9a6d050_0, 0, 1;
    %pushi/vec4 0, 0, 1;
    %store/vec4 v0000023fe9a6d870_0, 0, 1;
    %pushi/vec4 0, 0, 3;
    %store/vec4 v0000023fe9a6cdd0_0, 0, 3;
    %jmp T_5.7;
T_5.1 ;
    %pushi/vec4 1, 0, 1;
    %store/vec4 v0000023fe9a6d050_0, 0, 1;
    %pushi/vec4 1, 0, 1;
    %store/vec4 v0000023fe9a6d870_0, 0, 1;
    %pushi/vec4 0, 0, 3;
    %store/vec4 v0000023fe9a6cdd0_0, 0, 3;
    %pushi/vec4 1, 0, 3;
    %store/vec4 v0000023fe9a6d730_0, 0, 3;
    %jmp T_5.7;
T_5.2 ;
    %pushi/vec4 1, 0, 1;
    %store/vec4 v0000023fe9a6d050_0, 0, 1;
    %pushi/vec4 1, 0, 1;
    %store/vec4 v0000023fe9a6d870_0, 0, 1;
    %pushi/vec4 0, 0, 3;
    %store/vec4 v0000023fe9a6cdd0_0, 0, 3;
    %pushi/vec4 1, 0, 3;
    %store/vec4 v0000023fe9a6d730_0, 0, 3;
    %pushi/vec4 1, 0, 1;
    %store/vec4 v0000023fe9a6c3d0_0, 0, 1;
    %pushi/vec4 1, 0, 1;
    %store/vec4 v0000023fe9a6d910_0, 0, 1;
    %jmp T_5.7;
T_5.3 ;
    %pushi/vec4 1, 0, 1;
    %store/vec4 v0000023fe9a6d870_0, 0, 1;
    %pushi/vec4 0, 0, 3;
    %store/vec4 v0000023fe9a6cdd0_0, 0, 3;
    %pushi/vec4 2, 0, 3;
    %store/vec4 v0000023fe9a6d730_0, 0, 3;
    %pushi/vec4 1, 0, 1;
    %store/vec4 v0000023fe9a6d5f0_0, 0, 1;
    %jmp T_5.7;
T_5.4 ;
    %pushi/vec4 1, 0, 1;
    %store/vec4 v0000023fe9a6e270_0, 0, 1;
    %pushi/vec4 3, 0, 3;
    %store/vec4 v0000023fe9a6d730_0, 0, 3;
    %pushi/vec4 1, 0, 2;
    %store/vec4 v0000023fe9a6d7d0_0, 0, 2;
    %pushi/vec4 1, 0, 1;
    %store/vec4 v0000023fe9a6d690_0, 0, 1;
    %jmp T_5.7;
T_5.5 ;
    %pushi/vec4 1, 0, 1;
    %store/vec4 v0000023fe9a6d9b0_0, 0, 1;
    %pushi/vec4 5, 0, 3;
    %store/vec4 v0000023fe9a6d730_0, 0, 3;
    %pushi/vec4 2, 0, 2;
    %store/vec4 v0000023fe9a6d7d0_0, 0, 2;
    %pushi/vec4 1, 0, 1;
    %store/vec4 v0000023fe9a6d050_0, 0, 1;
    %jmp T_5.7;
T_5.7 ;
    %pop/vec4 1;
    %jmp T_5;
    .thread T_5, $push;
    .scope S_0000023fe9aa0590;
T_6 ;
    %wait E_0000023fe99fc520;
    %load/vec4 v0000023fe9aa12d0_0;
    %dup/vec4;
    %pushi/vec4 1, 0, 3;
    %cmp/u;
    %jmp/1 T_6.0, 6;
    %dup/vec4;
    %pushi/vec4 2, 0, 3;
    %cmp/u;
    %jmp/1 T_6.1, 6;
    %dup/vec4;
    %pushi/vec4 3, 0, 3;
    %cmp/u;
    %jmp/1 T_6.2, 6;
    %dup/vec4;
    %pushi/vec4 4, 0, 3;
    %cmp/u;
    %jmp/1 T_6.3, 6;
    %dup/vec4;
    %pushi/vec4 5, 0, 3;
    %cmp/u;
    %jmp/1 T_6.4, 6;
    %pushi/vec4 0, 0, 32;
    %store/vec4 v0000023fe9aa17d0_0, 0, 32;
    %jmp T_6.6;
T_6.0 ;
    %load/vec4 v0000023fe9aa2090_0;
    %store/vec4 v0000023fe9aa17d0_0, 0, 32;
    %jmp T_6.6;
T_6.1 ;
    %load/vec4 v0000023fe9aa2c70_0;
    %store/vec4 v0000023fe9aa17d0_0, 0, 32;
    %jmp T_6.6;
T_6.2 ;
    %load/vec4 v0000023fe9aa26d0_0;
    %store/vec4 v0000023fe9aa17d0_0, 0, 32;
    %jmp T_6.6;
T_6.3 ;
    %load/vec4 v0000023fe9aa24f0_0;
    %store/vec4 v0000023fe9aa17d0_0, 0, 32;
    %jmp T_6.6;
T_6.4 ;
    %load/vec4 v0000023fe9aa1c30_0;
    %store/vec4 v0000023fe9aa17d0_0, 0, 32;
    %jmp T_6.6;
T_6.6 ;
    %pop/vec4 1;
    %jmp T_6;
    .thread T_6, $push;
    .scope S_0000023fe9aa0ef0;
T_7 ;
    %wait E_0000023fe99fc720;
    %load/vec4 v0000023fe9aa1f50_0;
    %nor/r;
    %flag_set/vec4 8;
    %jmp/0xz  T_7.0, 8;
    %pushi/vec4 0, 0, 32;
    %store/vec4 v0000023fe9aa1eb0_0, 0, 32;
T_7.2 ;
    %load/vec4 v0000023fe9aa1eb0_0;
    %cmpi/s 32, 0, 32;
    %jmp/0xz T_7.3, 5;
    %pushi/vec4 0, 0, 32;
    %ix/getv/s 3, v0000023fe9aa1eb0_0;
    %ix/load 4, 0, 0; Constant delay
    %assign/vec4/a/d v0000023fe9aa1af0, 0, 4;
    %load/vec4 v0000023fe9aa1eb0_0;
    %addi 1, 0, 32;
    %store/vec4 v0000023fe9aa1eb0_0, 0, 32;
    %jmp T_7.2;
T_7.3 ;
    %jmp T_7.1;
T_7.0 ;
    %load/vec4 v0000023fe9aa48c0_0;
    %flag_set/vec4 9;
    %flag_get/vec4 9;
    %jmp/0 T_7.6, 9;
    %load/vec4 v0000023fe9aa21d0_0;
    %pushi/vec4 0, 0, 5;
    %cmp/ne;
    %flag_get/vec4 4;
    %and;
T_7.6;
    %flag_set/vec4 8;
    %jmp/0xz  T_7.4, 8;
    %load/vec4 v0000023fe9aa3100_0;
    %load/vec4 v0000023fe9aa21d0_0;
    %pad/u 7;
    %ix/vec4 3;
    %ix/load 4, 0, 0; Constant delay
    %assign/vec4/a/d v0000023fe9aa1af0, 0, 4;
T_7.4 ;
T_7.1 ;
    %jmp T_7;
    .thread T_7;
    .scope S_0000023fe99c7cf0;
T_8 ;
    %wait E_0000023fe99fc4a0;
    %load/vec4 v0000023fe9a6c470_0;
    %flag_set/vec4 8;
    %jmp/0xz  T_8.0, 8;
    %load/vec4 v0000023fe9a6cc90_0;
    %load/vec4 v0000023fe9a6c970_0;
    %pad/u 12;
    %ix/vec4 3;
    %ix/load 4, 0, 0; Constant delay
    %assign/vec4/a/d v0000023fe9a6db90, 0, 4;
T_8.0 ;
    %jmp T_8;
    .thread T_8;
    .scope S_0000023fe99f8110;
T_9 ;
    %wait E_0000023fe99fcbe0;
    %pushi/vec4 0, 0, 32;
    %store/vec4 v0000023fe9a6a8c0_0, 0, 32;
    %pushi/vec4 0, 0, 1;
    %store/vec4 v0000023fe9a6a780_0, 0, 1;
    %load/vec4 v0000023fe9a6ae60_0;
    %dup/vec4;
    %pushi/vec4 0, 0, 3;
    %cmp/u;
    %jmp/1 T_9.0, 6;
    %dup/vec4;
    %pushi/vec4 1, 0, 3;
    %cmp/u;
    %jmp/1 T_9.1, 6;
    %dup/vec4;
    %pushi/vec4 2, 0, 3;
    %cmp/u;
    %jmp/1 T_9.2, 6;
    %dup/vec4;
    %pushi/vec4 3, 0, 3;
    %cmp/u;
    %jmp/1 T_9.3, 6;
    %dup/vec4;
    %pushi/vec4 4, 0, 3;
    %cmp/u;
    %jmp/1 T_9.4, 6;
    %dup/vec4;
    %pushi/vec4 5, 0, 3;
    %cmp/u;
    %jmp/1 T_9.5, 6;
    %dup/vec4;
    %pushi/vec4 6, 0, 3;
    %cmp/u;
    %jmp/1 T_9.6, 6;
    %dup/vec4;
    %pushi/vec4 7, 0, 3;
    %cmp/u;
    %jmp/1 T_9.7, 6;
    %pushi/vec4 0, 0, 32;
    %store/vec4 v0000023fe9a6a8c0_0, 0, 32;
    %pushi/vec4 0, 0, 1;
    %store/vec4 v0000023fe9a6a780_0, 0, 1;
    %jmp T_9.9;
T_9.0 ;
    %load/vec4 v0000023fe9a6e1d0_0;
    %store/vec4 v0000023fe9a6a8c0_0, 0, 32;
    %load/vec4 v0000023fe9a6af00_0;
    %store/vec4 v0000023fe9a6a780_0, 0, 1;
    %jmp T_9.9;
T_9.1 ;
    %load/vec4 v0000023fe9a6b2c0_0;
    %store/vec4 v0000023fe9a6a8c0_0, 0, 32;
    %load/vec4 v0000023fe9a6b9a0_0;
    %store/vec4 v0000023fe9a6a780_0, 0, 1;
    %jmp T_9.9;
T_9.2 ;
    %load/vec4 v0000023fe9a6b4a0_0;
    %store/vec4 v0000023fe9a6a8c0_0, 0, 32;
    %load/vec4 v0000023fe9a6ad20_0;
    %store/vec4 v0000023fe9a6a780_0, 0, 1;
    %jmp T_9.9;
T_9.3 ;
    %load/vec4 v0000023fe9a6cfb0_0;
    %store/vec4 v0000023fe9a6a8c0_0, 0, 32;
    %pushi/vec4 0, 0, 1;
    %store/vec4 v0000023fe9a6a780_0, 0, 1;
    %jmp T_9.9;
T_9.4 ;
    %load/vec4 v0000023fe9a6ab40_0;
    %store/vec4 v0000023fe9a6a8c0_0, 0, 32;
    %pushi/vec4 0, 0, 1;
    %store/vec4 v0000023fe9a6a780_0, 0, 1;
    %jmp T_9.9;
T_9.5 ;
    %load/vec4 v0000023fe9a6d0f0_0;
    %store/vec4 v0000023fe9a6a8c0_0, 0, 32;
    %pushi/vec4 0, 0, 1;
    %store/vec4 v0000023fe9a6a780_0, 0, 1;
    %jmp T_9.9;
T_9.6 ;
    %load/vec4 v0000023fe9a6deb0_0;
    %store/vec4 v0000023fe9a6a8c0_0, 0, 32;
    %pushi/vec4 0, 0, 1;
    %store/vec4 v0000023fe9a6a780_0, 0, 1;
    %jmp T_9.9;
T_9.7 ;
    %load/vec4 v0000023fe9a6cab0_0;
    %store/vec4 v0000023fe9a6a8c0_0, 0, 32;
    %pushi/vec4 0, 0, 1;
    %store/vec4 v0000023fe9a6a780_0, 0, 1;
    %jmp T_9.9;
T_9.9 ;
    %pop/vec4 1;
    %jmp T_9;
    .thread T_9, $push;
    .scope S_0000023fe99f7f80;
T_10 ;
    %wait E_0000023fe99fc020;
    %pushi/vec4 0, 0, 1;
    %store/vec4 v0000023fe9aa4c80_0, 0, 1;
    %load/vec4 v0000023fe9aa3c40_0;
    %flag_set/vec4 8;
    %jmp/0xz  T_10.0, 8;
    %pushi/vec4 0, 0, 1;
    %store/vec4 v0000023fe9aa4c80_0, 0, 1;
    %jmp T_10.1;
T_10.0 ;
    %load/vec4 v0000023fe9aa3920_0;
    %flag_set/vec4 9;
    %flag_get/vec4 9;
    %jmp/0 T_10.4, 9;
    %load/vec4 v0000023fe9aa4280_0;
    %and;
T_10.4;
    %flag_set/vec4 8;
    %jmp/0xz  T_10.2, 8;
    %pushi/vec4 1, 0, 1;
    %store/vec4 v0000023fe9aa4c80_0, 0, 1;
T_10.2 ;
T_10.1 ;
    %jmp T_10;
    .thread T_10, $push;
    .scope S_0000023fe99f7f80;
T_11 ;
    %wait E_0000023fe99fc9e0;
    %load/vec4 v0000023fe9aa4c80_0;
    %pad/u 2;
    %dup/vec4;
    %pushi/vec4 0, 0, 2;
    %cmp/u;
    %jmp/1 T_11.0, 6;
    %dup/vec4;
    %pushi/vec4 1, 0, 2;
    %cmp/u;
    %jmp/1 T_11.1, 6;
    %dup/vec4;
    %pushi/vec4 2, 0, 2;
    %cmp/u;
    %jmp/1 T_11.2, 6;
    %load/vec4 v0000023fe9aa3600_0;
    %store/vec4 v0000023fe9aa4960_0, 0, 32;
    %jmp T_11.4;
T_11.0 ;
    %load/vec4 v0000023fe9aa3600_0;
    %store/vec4 v0000023fe9aa4960_0, 0, 32;
    %jmp T_11.4;
T_11.1 ;
    %load/vec4 v0000023fe9aa40a0_0;
    %store/vec4 v0000023fe9aa4960_0, 0, 32;
    %jmp T_11.4;
T_11.2 ;
    %load/vec4 v0000023fe9aa4d20_0;
    %store/vec4 v0000023fe9aa4960_0, 0, 32;
    %jmp T_11.4;
T_11.4 ;
    %pop/vec4 1;
    %jmp T_11;
    .thread T_11, $push;
# The file index is used to find the file name in the following table.
:file_names 13;
    "N/A";
    "<interactive>";
    "EX_MEM_reg.v";
    "ID_EX_reg.v";
    "IF_ID_reg.v";
    "cpu_core.v";
    "alu_32_bit.v";
    "Cntrl_Unit.v";
    "data_memory.v";
    "imm_gen.v";
    "Instruction_Mem.v";
    "ProgCntr.v";
    "reg32x32.v";
