#! /c/Source/iverilog-install/bin/vvp
:ivl_version "12.0 (devel)" "(s20150603-1539-g2693dd32b)";
:ivl_delay_selection "TYPICAL";
:vpi_time_precision + 0;
:vpi_module "C:\iverilog\lib\ivl\system.vpi";
:vpi_module "C:\iverilog\lib\ivl\vhdl_sys.vpi";
:vpi_module "C:\iverilog\lib\ivl\vhdl_textio.vpi";
:vpi_module "C:\iverilog\lib\ivl\v2005_math.vpi";
:vpi_module "C:\iverilog\lib\ivl\va_math.vpi";
S_000001a347abc1e0 .scope module, "alu_head" "alu_head" 2 1;
 .timescale 0 0;
    .port_info 0 /INPUT 4 "A";
    .port_info 1 /INPUT 4 "B";
    .port_info 2 /INPUT 3 "OpCode";
    .port_info 3 /OUTPUT 4 "Result";
    .port_info 4 /OUTPUT 1 "Flag";
o000001a347ac2078 .functor BUFZ 4, C4<zzzz>; HiZ drive
v000001a347ab38e0_0 .net "A", 3 0, o000001a347ac2078;  0 drivers
o000001a347ac20a8 .functor BUFZ 4, C4<zzzz>; HiZ drive
v000001a347ab4380_0 .net "B", 3 0, o000001a347ac20a8;  0 drivers
v000001a347ab3e80_0 .var "Flag", 0 0;
o000001a347ac2678 .functor BUFZ 3, C4<zzz>; HiZ drive
v000001a347b0e6f0_0 .net "OpCode", 2 0, o000001a347ac2678;  0 drivers
v000001a347b0f230_0 .var "Result", 3 0;
v000001a347b0ded0_0 .net "and_res", 3 0, L_000001a347aa8c00;  1 drivers
v000001a347b0f690_0 .net "borrow", 0 0, L_000001a347b0dd90;  1 drivers
v000001a347b0e0b0_0 .net "carry", 0 0, L_000001a347b0e970;  1 drivers
v000001a347b0e790_0 .net "diff", 3 0, L_000001a347b0eab0;  1 drivers
v000001a347b0ed30_0 .net "or_res", 3 0, L_000001a347aa8b90;  1 drivers
v000001a347b0dcf0_0 .net "sum", 3 0, L_000001a347b0ebf0;  1 drivers
v000001a347b0e1f0_0 .net "xor_res", 3 0, L_000001a347aa9290;  1 drivers
E_000001a347aa4ca0/0 .event anyedge, v000001a347b0e6f0_0, v000001a347ab3700_0, v000001a347ab3b60_0, v000001a347ab41a0_0;
E_000001a347aa4ca0/1 .event anyedge, v000001a347ab3980_0, v000001a347ab4240_0, v000001a347ab3660_0, v000001a347ab3de0_0;
E_000001a347aa4ca0 .event/or E_000001a347aa4ca0/0, E_000001a347aa4ca0/1;
S_000001a347abc370 .scope module, "u0" "adder" 2 10, 2 33 0, S_000001a347abc1e0;
 .timescale 0 0;
    .port_info 0 /INPUT 4 "a";
    .port_info 1 /INPUT 4 "b";
    .port_info 2 /OUTPUT 4 "c";
    .port_info 3 /OUTPUT 1 "carry";
L_000001a347b0f8a0 .functor BUFT 1, C4<0>, C4<0>, C4<0>, C4<0>;
v000001a347a66ec0_0 .net *"_ivl_10", 0 0, L_000001a347b0f8a0;  1 drivers
v000001a347abf0b0_0 .net *"_ivl_11", 4 0, L_000001a347b0f190;  1 drivers
v000001a347abf150_0 .net *"_ivl_3", 4 0, L_000001a347b0df70;  1 drivers
L_000001a347b0f858 .functor BUFT 1, C4<0>, C4<0>, C4<0>, C4<0>;
v000001a347abf1f0_0 .net *"_ivl_6", 0 0, L_000001a347b0f858;  1 drivers
v000001a347abf290_0 .net *"_ivl_7", 4 0, L_000001a347b0ee70;  1 drivers
v000001a347ab3f20_0 .net "a", 3 0, o000001a347ac2078;  alias, 0 drivers
v000001a347ab3ac0_0 .net "b", 3 0, o000001a347ac20a8;  alias, 0 drivers
v000001a347ab3700_0 .net "c", 3 0, L_000001a347b0ebf0;  alias, 1 drivers
v000001a347ab3b60_0 .net "carry", 0 0, L_000001a347b0e970;  alias, 1 drivers
L_000001a347b0e970 .part L_000001a347b0f190, 4, 1;
L_000001a347b0ebf0 .part L_000001a347b0f190, 0, 4;
L_000001a347b0df70 .concat [ 4 1 0 0], o000001a347ac2078, L_000001a347b0f858;
L_000001a347b0ee70 .concat [ 4 1 0 0], o000001a347ac20a8, L_000001a347b0f8a0;
L_000001a347b0f190 .arith/sum 5, L_000001a347b0df70, L_000001a347b0ee70;
S_000001a347abf330 .scope module, "u1" "SuB" 2 11, 2 42 0, S_000001a347abc1e0;
 .timescale 0 0;
    .port_info 0 /INPUT 4 "a";
    .port_info 1 /INPUT 4 "b";
    .port_info 2 /OUTPUT 1 "borrow";
    .port_info 3 /OUTPUT 4 "diff";
L_000001a347b0f930 .functor BUFT 1, C4<0>, C4<0>, C4<0>, C4<0>;
v000001a347ab3fc0_0 .net *"_ivl_10", 0 0, L_000001a347b0f930;  1 drivers
v000001a347ab3c00_0 .net *"_ivl_11", 4 0, L_000001a347b0e5b0;  1 drivers
v000001a347ab3d40_0 .net *"_ivl_3", 4 0, L_000001a347b0f550;  1 drivers
L_000001a347b0f8e8 .functor BUFT 1, C4<0>, C4<0>, C4<0>, C4<0>;
v000001a347ab4060_0 .net *"_ivl_6", 0 0, L_000001a347b0f8e8;  1 drivers
v000001a347ab4100_0 .net *"_ivl_7", 4 0, L_000001a347b0e3d0;  1 drivers
v000001a347ab4420_0 .net "a", 3 0, o000001a347ac2078;  alias, 0 drivers
v000001a347ab3520_0 .net "b", 3 0, o000001a347ac20a8;  alias, 0 drivers
v000001a347ab3980_0 .net "borrow", 0 0, L_000001a347b0dd90;  alias, 1 drivers
v000001a347ab41a0_0 .net "diff", 3 0, L_000001a347b0eab0;  alias, 1 drivers
L_000001a347b0dd90 .part L_000001a347b0e5b0, 4, 1;
L_000001a347b0eab0 .part L_000001a347b0e5b0, 0, 4;
L_000001a347b0f550 .concat [ 4 1 0 0], o000001a347ac2078, L_000001a347b0f8e8;
L_000001a347b0e3d0 .concat [ 4 1 0 0], o000001a347ac20a8, L_000001a347b0f930;
L_000001a347b0e5b0 .arith/sub 5, L_000001a347b0f550, L_000001a347b0e3d0;
S_000001a347aba630 .scope module, "u2" "oR" 2 12, 2 51 0, S_000001a347abc1e0;
 .timescale 0 0;
    .port_info 0 /INPUT 4 "a";
    .port_info 1 /INPUT 4 "b";
    .port_info 2 /OUTPUT 4 "c";
L_000001a347aa8b90 .functor OR 4, o000001a347ac2078, o000001a347ac20a8, C4<0000>, C4<0000>;
v000001a347ab35c0_0 .net "a", 3 0, o000001a347ac2078;  alias, 0 drivers
v000001a347ab3ca0_0 .net "b", 3 0, o000001a347ac20a8;  alias, 0 drivers
v000001a347ab4240_0 .net "c", 3 0, L_000001a347aa8b90;  alias, 1 drivers
S_000001a347aba7c0 .scope module, "u3" "And" 2 13, 2 58 0, S_000001a347abc1e0;
 .timescale 0 0;
    .port_info 0 /INPUT 4 "a";
    .port_info 1 /INPUT 4 "b";
    .port_info 2 /OUTPUT 4 "c";
L_000001a347aa8c00 .functor AND 4, o000001a347ac2078, o000001a347ac20a8, C4<1111>, C4<1111>;
v000001a347ab3a20_0 .net "a", 3 0, o000001a347ac2078;  alias, 0 drivers
v000001a347ab42e0_0 .net "b", 3 0, o000001a347ac20a8;  alias, 0 drivers
v000001a347ab3660_0 .net "c", 3 0, L_000001a347aa8c00;  alias, 1 drivers
S_000001a347abe290 .scope module, "u4" "Xor" 2 14, 2 65 0, S_000001a347abc1e0;
 .timescale 0 0;
    .port_info 0 /INPUT 4 "a";
    .port_info 1 /INPUT 4 "b";
    .port_info 2 /OUTPUT 4 "c";
L_000001a347aa9290 .functor XOR 4, o000001a347ac2078, o000001a347ac20a8, C4<0000>, C4<0000>;
v000001a347ab37a0_0 .net "a", 3 0, o000001a347ac2078;  alias, 0 drivers
v000001a347ab3840_0 .net "b", 3 0, o000001a347ac20a8;  alias, 0 drivers
v000001a347ab3de0_0 .net "c", 3 0, L_000001a347aa9290;  alias, 1 drivers
    .scope S_000001a347abc1e0;
T_0 ;
    %wait E_000001a347aa4ca0;
    %pushi/vec4 0, 0, 4;
    %store/vec4 v000001a347b0f230_0, 0, 4;
    %pushi/vec4 0, 0, 1;
    %store/vec4 v000001a347ab3e80_0, 0, 1;
    %load/vec4 v000001a347b0e6f0_0;
    %dup/vec4;
    %pushi/vec4 0, 0, 3;
    %cmp/u;
    %jmp/1 T_0.0, 6;
    %dup/vec4;
    %pushi/vec4 1, 0, 3;
    %cmp/u;
    %jmp/1 T_0.1, 6;
    %dup/vec4;
    %pushi/vec4 2, 0, 3;
    %cmp/u;
    %jmp/1 T_0.2, 6;
    %dup/vec4;
    %pushi/vec4 3, 0, 3;
    %cmp/u;
    %jmp/1 T_0.3, 6;
    %dup/vec4;
    %pushi/vec4 4, 0, 3;
    %cmp/u;
    %jmp/1 T_0.4, 6;
    %pushi/vec4 0, 0, 4;
    %store/vec4 v000001a347b0f230_0, 0, 4;
    %pushi/vec4 0, 0, 1;
    %store/vec4 v000001a347ab3e80_0, 0, 1;
    %jmp T_0.6;
T_0.0 ;
    %load/vec4 v000001a347b0dcf0_0;
    %store/vec4 v000001a347b0f230_0, 0, 4;
    %load/vec4 v000001a347b0e0b0_0;
    %store/vec4 v000001a347ab3e80_0, 0, 1;
    %jmp T_0.6;
T_0.1 ;
    %load/vec4 v000001a347b0e790_0;
    %store/vec4 v000001a347b0f230_0, 0, 4;
    %load/vec4 v000001a347b0f690_0;
    %store/vec4 v000001a347ab3e80_0, 0, 1;
    %jmp T_0.6;
T_0.2 ;
    %load/vec4 v000001a347b0ed30_0;
    %store/vec4 v000001a347b0f230_0, 0, 4;
    %pushi/vec4 0, 0, 1;
    %store/vec4 v000001a347ab3e80_0, 0, 1;
    %jmp T_0.6;
T_0.3 ;
    %load/vec4 v000001a347b0ded0_0;
    %store/vec4 v000001a347b0f230_0, 0, 4;
    %pushi/vec4 0, 0, 1;
    %store/vec4 v000001a347ab3e80_0, 0, 1;
    %jmp T_0.6;
T_0.4 ;
    %load/vec4 v000001a347b0e1f0_0;
    %store/vec4 v000001a347b0f230_0, 0, 4;
    %pushi/vec4 0, 0, 1;
    %store/vec4 v000001a347ab3e80_0, 0, 1;
    %jmp T_0.6;
T_0.6 ;
    %pop/vec4 1;
    %jmp T_0;
    .thread T_0, $push;
# The file index is used to find the file name in the following table.
:file_names 3;
    "N/A";
    "<interactive>";
    "alu_head.v";
