#! /c/Source/iverilog-install/bin/vvp
:ivl_version "12.0 (devel)" "(s20150603-1539-g2693dd32b)";
:ivl_delay_selection "TYPICAL";
:vpi_time_precision - 12;
:vpi_module "C:\iverilog\lib\ivl\system.vpi";
:vpi_module "C:\iverilog\lib\ivl\vhdl_sys.vpi";
:vpi_module "C:\iverilog\lib\ivl\vhdl_textio.vpi";
:vpi_module "C:\iverilog\lib\ivl\v2005_math.vpi";
:vpi_module "C:\iverilog\lib\ivl\va_math.vpi";
S_0000024258cb9310 .scope module, "alu_tb" "alu_tb" 2 3;
 .timescale -9 -12;
v0000024258d19200_0 .var "A", 31 0;
v0000024258d19660_0 .var "A_m", 15 0;
v0000024258d1a880_0 .var "B", 31 0;
v0000024258d1aba0_0 .var "B_m", 15 0;
v0000024258d1aa60_0 .net "Flag", 0 0, v0000024258d1a6a0_0;  1 drivers
v0000024258d1aec0_0 .var "Opcode", 2 0;
v0000024258d19980_0 .net "Result", 31 0, v0000024258d195c0_0;  1 drivers
S_0000024258cb94a0 .scope module, "dut" "alu_32_bit" 2 14, 2 79 0, S_0000024258cb9310;
 .timescale -9 -12;
    .port_info 0 /INPUT 32 "A";
    .port_info 1 /INPUT 32 "B";
    .port_info 2 /INPUT 16 "A_m";
    .port_info 3 /INPUT 16 "B_m";
    .port_info 4 /INPUT 3 "OpCode";
    .port_info 5 /OUTPUT 32 "Result";
    .port_info 6 /OUTPUT 1 "Flag";
v0000024258d19c00_0 .net "A", 31 0, v0000024258d19200_0;  1 drivers
v0000024258d1a740_0 .net "A_m", 15 0, v0000024258d19660_0;  1 drivers
v0000024258d1a1a0_0 .net "B", 31 0, v0000024258d1a880_0;  1 drivers
v0000024258d1ae20_0 .net "B_m", 15 0, v0000024258d1aba0_0;  1 drivers
v0000024258d1a6a0_0 .var "Flag", 0 0;
v0000024258d1a380_0 .net "OpCode", 2 0, v0000024258d1aec0_0;  1 drivers
v0000024258d195c0_0 .var "Result", 31 0;
v0000024258d19840_0 .net "and_res", 31 0, L_0000024258cb01d0;  1 drivers
v0000024258d1a7e0_0 .net "borrow", 0 0, L_0000024258d1a060;  1 drivers
v0000024258d1a4c0_0 .net "carry", 0 0, L_0000024258d19ca0;  1 drivers
v0000024258d1a2e0_0 .net "cy", 0 0, L_0000024258d1c570;  1 drivers
v0000024258d1a560_0 .net "diff", 31 0, L_0000024258d1b530;  1 drivers
v0000024258d1ac40_0 .net "mul", 31 0, L_0000024258d1b2b0;  1 drivers
v0000024258d1a100_0 .net "not1_res", 31 0, L_0000024258cb0630;  1 drivers
v0000024258d19ac0_0 .net "not2_res", 31 0, L_0000024258cb06a0;  1 drivers
v0000024258d198e0_0 .net "or_res", 31 0, L_0000024258cb05c0;  1 drivers
v0000024258d1ace0_0 .net "sum", 31 0, L_0000024258d1af60;  1 drivers
v0000024258d19160_0 .net "xor_res", 31 0, L_0000024258cb02b0;  1 drivers
E_0000024258cc44c0/0 .event anyedge, v0000024258d1a380_0, v0000024258c9f4c0_0, v0000024258c9f1a0_0, v0000024258c9f100_0;
E_0000024258cc44c0/1 .event anyedge, v0000024258c9ede0_0, v0000024258d193e0_0, v0000024258d19fc0_0, v0000024258d1ad80_0;
E_0000024258cc44c0/2 .event anyedge, v0000024258d197a0_0, v0000024258d19a20_0, v0000024258d1a600_0, v0000024258d19700_0;
E_0000024258cc44c0 .event/or E_0000024258cc44c0/0, E_0000024258cc44c0/1, E_0000024258cc44c0/2;
S_0000024258caca50 .scope module, "u0" "adder" 2 90, 2 119 0, S_0000024258cb94a0;
 .timescale -9 -12;
    .port_info 0 /INPUT 32 "a";
    .port_info 1 /INPUT 32 "b";
    .port_info 2 /OUTPUT 32 "c";
    .port_info 3 /OUTPUT 1 "carry";
L_0000024258d600d0 .functor BUFT 1, C4<0>, C4<0>, C4<0>, C4<0>;
v0000024258c9ed40_0 .net *"_ivl_10", 0 0, L_0000024258d600d0;  1 drivers
v0000024258c9f600_0 .net *"_ivl_11", 32 0, L_0000024258d1b000;  1 drivers
v0000024258c9f560_0 .net *"_ivl_3", 32 0, L_0000024258d19f20;  1 drivers
L_0000024258d60088 .functor BUFT 1, C4<0>, C4<0>, C4<0>, C4<0>;
v0000024258c9eb60_0 .net *"_ivl_6", 0 0, L_0000024258d60088;  1 drivers
v0000024258c9f9c0_0 .net *"_ivl_7", 32 0, L_0000024258d1a420;  1 drivers
v0000024258c9ec00_0 .net "a", 31 0, v0000024258d19200_0;  alias, 1 drivers
v0000024258c9f420_0 .net "b", 31 0, v0000024258d1a880_0;  alias, 1 drivers
v0000024258c9f4c0_0 .net "c", 31 0, L_0000024258d1af60;  alias, 1 drivers
v0000024258c9f1a0_0 .net "carry", 0 0, L_0000024258d19ca0;  alias, 1 drivers
L_0000024258d19ca0 .part L_0000024258d1b000, 32, 1;
L_0000024258d1af60 .part L_0000024258d1b000, 0, 32;
L_0000024258d19f20 .concat [ 32 1 0 0], v0000024258d19200_0, L_0000024258d60088;
L_0000024258d1a420 .concat [ 32 1 0 0], v0000024258d1a880_0, L_0000024258d600d0;
L_0000024258d1b000 .arith/sum 33, L_0000024258d19f20, L_0000024258d1a420;
S_0000024258cacbe0 .scope module, "u1" "SuB" 2 91, 2 128 0, S_0000024258cb94a0;
 .timescale -9 -12;
    .port_info 0 /INPUT 32 "a";
    .port_info 1 /INPUT 32 "b";
    .port_info 2 /OUTPUT 1 "borrow";
    .port_info 3 /OUTPUT 32 "diff";
L_0000024258d60160 .functor BUFT 1, C4<0>, C4<0>, C4<0>, C4<0>;
v0000024258c9f240_0 .net *"_ivl_10", 0 0, L_0000024258d60160;  1 drivers
v0000024258c9f740_0 .net *"_ivl_11", 32 0, L_0000024258d1be90;  1 drivers
v0000024258c9f2e0_0 .net *"_ivl_3", 32 0, L_0000024258d1cbb0;  1 drivers
L_0000024258d60118 .functor BUFT 1, C4<0>, C4<0>, C4<0>, C4<0>;
v0000024258c9eca0_0 .net *"_ivl_6", 0 0, L_0000024258d60118;  1 drivers
v0000024258c9f880_0 .net *"_ivl_7", 32 0, L_0000024258d1c390;  1 drivers
v0000024258c9f060_0 .net "a", 31 0, v0000024258d19200_0;  alias, 1 drivers
v0000024258c9fa60_0 .net "b", 31 0, v0000024258d1a880_0;  alias, 1 drivers
v0000024258c9ede0_0 .net "borrow", 0 0, L_0000024258d1a060;  alias, 1 drivers
v0000024258c9f100_0 .net "diff", 31 0, L_0000024258d1b530;  alias, 1 drivers
L_0000024258d1a060 .part L_0000024258d1be90, 32, 1;
L_0000024258d1b530 .part L_0000024258d1be90, 0, 32;
L_0000024258d1cbb0 .concat [ 32 1 0 0], v0000024258d19200_0, L_0000024258d60118;
L_0000024258d1c390 .concat [ 32 1 0 0], v0000024258d1a880_0, L_0000024258d60160;
L_0000024258d1be90 .arith/sub 33, L_0000024258d1cbb0, L_0000024258d1c390;
S_0000024258cbe0a0 .scope module, "u2" "Mul" 2 92, 2 166 0, S_0000024258cb94a0;
 .timescale -9 -12;
    .port_info 0 /INPUT 16 "a";
    .port_info 1 /INPUT 16 "b";
    .port_info 2 /OUTPUT 32 "c";
    .port_info 3 /OUTPUT 1 "cy";
L_0000024258d601f0 .functor BUFT 1, C4<00000000000000000>, C4<0>, C4<0>, C4<0>;
v0000024258c9ef20_0 .net *"_ivl_10", 16 0, L_0000024258d601f0;  1 drivers
v0000024258c9f380_0 .net *"_ivl_12", 32 0, L_0000024258d1cd90;  1 drivers
v0000024258c9efc0_0 .net *"_ivl_3", 32 0, L_0000024258d1d010;  1 drivers
L_0000024258d601a8 .functor BUFT 1, C4<00000000000000000>, C4<0>, C4<0>, C4<0>;
v0000024258d19de0_0 .net *"_ivl_6", 16 0, L_0000024258d601a8;  1 drivers
v0000024258d1a9c0_0 .net *"_ivl_7", 32 0, L_0000024258d1c750;  1 drivers
v0000024258d1a920_0 .net "a", 15 0, v0000024258d19660_0;  alias, 1 drivers
v0000024258d192a0_0 .net "b", 15 0, v0000024258d1aba0_0;  alias, 1 drivers
v0000024258d193e0_0 .net "c", 31 0, L_0000024258d1b2b0;  alias, 1 drivers
v0000024258d19fc0_0 .net "cy", 0 0, L_0000024258d1c570;  alias, 1 drivers
L_0000024258d1c570 .part L_0000024258d1cd90, 32, 1;
L_0000024258d1b2b0 .part L_0000024258d1cd90, 0, 32;
L_0000024258d1d010 .concat [ 16 17 0 0], v0000024258d19660_0, L_0000024258d601a8;
L_0000024258d1c750 .concat [ 16 17 0 0], v0000024258d1aba0_0, L_0000024258d601f0;
L_0000024258d1cd90 .arith/mult 33, L_0000024258d1d010, L_0000024258d1c750;
S_0000024258cbe230 .scope module, "u3" "oR" 2 93, 2 137 0, S_0000024258cb94a0;
 .timescale -9 -12;
    .port_info 0 /INPUT 32 "a";
    .port_info 1 /INPUT 32 "b";
    .port_info 2 /OUTPUT 32 "c";
L_0000024258cb05c0 .functor OR 32, v0000024258d19200_0, v0000024258d1a880_0, C4<00000000000000000000000000000000>, C4<00000000000000000000000000000000>;
v0000024258d1ab00_0 .net "a", 31 0, v0000024258d19200_0;  alias, 1 drivers
v0000024258d19480_0 .net "b", 31 0, v0000024258d1a880_0;  alias, 1 drivers
v0000024258d1ad80_0 .net "c", 31 0, L_0000024258cb05c0;  alias, 1 drivers
S_0000024258cb8cd0 .scope module, "u4" "And" 2 94, 2 144 0, S_0000024258cb94a0;
 .timescale -9 -12;
    .port_info 0 /INPUT 32 "a";
    .port_info 1 /INPUT 32 "b";
    .port_info 2 /OUTPUT 32 "c";
L_0000024258cb01d0 .functor AND 32, v0000024258d19200_0, v0000024258d1a880_0, C4<11111111111111111111111111111111>, C4<11111111111111111111111111111111>;
v0000024258d19520_0 .net "a", 31 0, v0000024258d19200_0;  alias, 1 drivers
v0000024258d1a240_0 .net "b", 31 0, v0000024258d1a880_0;  alias, 1 drivers
v0000024258d197a0_0 .net "c", 31 0, L_0000024258cb01d0;  alias, 1 drivers
S_0000024258cb8e60 .scope module, "u5" "Xor" 2 95, 2 152 0, S_0000024258cb94a0;
 .timescale -9 -12;
    .port_info 0 /INPUT 32 "a";
    .port_info 1 /INPUT 32 "b";
    .port_info 2 /OUTPUT 32 "c";
L_0000024258cb02b0 .functor XOR 32, v0000024258d19200_0, v0000024258d1a880_0, C4<00000000000000000000000000000000>, C4<00000000000000000000000000000000>;
v0000024258d19b60_0 .net "a", 31 0, v0000024258d19200_0;  alias, 1 drivers
v0000024258d19d40_0 .net "b", 31 0, v0000024258d1a880_0;  alias, 1 drivers
v0000024258d19a20_0 .net "c", 31 0, L_0000024258cb02b0;  alias, 1 drivers
S_0000024258cbe5d0 .scope module, "u6" "Not" 2 96, 2 159 0, S_0000024258cb94a0;
 .timescale -9 -12;
    .port_info 0 /INPUT 32 "a";
    .port_info 1 /OUTPUT 32 "c";
L_0000024258cb0630 .functor NOT 32, v0000024258d19200_0, C4<00000000000000000000000000000000>, C4<00000000000000000000000000000000>, C4<00000000000000000000000000000000>;
v0000024258d19e80_0 .net "a", 31 0, v0000024258d19200_0;  alias, 1 drivers
v0000024258d1a600_0 .net "c", 31 0, L_0000024258cb0630;  alias, 1 drivers
S_0000024258cbe760 .scope module, "u7" "Not" 2 97, 2 159 0, S_0000024258cb94a0;
 .timescale -9 -12;
    .port_info 0 /INPUT 32 "a";
    .port_info 1 /OUTPUT 32 "c";
L_0000024258cb06a0 .functor NOT 32, v0000024258d1a880_0, C4<00000000000000000000000000000000>, C4<00000000000000000000000000000000>, C4<00000000000000000000000000000000>;
v0000024258d19340_0 .net "a", 31 0, v0000024258d1a880_0;  alias, 1 drivers
v0000024258d19700_0 .net "c", 31 0, L_0000024258cb06a0;  alias, 1 drivers
    .scope S_0000024258cb94a0;
T_0 ;
    %wait E_0000024258cc44c0;
    %pushi/vec4 0, 0, 32;
    %store/vec4 v0000024258d195c0_0, 0, 32;
    %pushi/vec4 0, 0, 1;
    %store/vec4 v0000024258d1a6a0_0, 0, 1;
    %load/vec4 v0000024258d1a380_0;
    %dup/vec4;
    %pushi/vec4 0, 0, 3;
    %cmp/u;
    %jmp/1 T_0.0, 6;
    %dup/vec4;
    %pushi/vec4 1, 0, 3;
    %cmp/u;
    %jmp/1 T_0.1, 6;
    %dup/vec4;
    %pushi/vec4 2, 0, 3;
    %cmp/u;
    %jmp/1 T_0.2, 6;
    %dup/vec4;
    %pushi/vec4 3, 0, 3;
    %cmp/u;
    %jmp/1 T_0.3, 6;
    %dup/vec4;
    %pushi/vec4 4, 0, 3;
    %cmp/u;
    %jmp/1 T_0.4, 6;
    %dup/vec4;
    %pushi/vec4 5, 0, 3;
    %cmp/u;
    %jmp/1 T_0.5, 6;
    %dup/vec4;
    %pushi/vec4 6, 0, 3;
    %cmp/u;
    %jmp/1 T_0.6, 6;
    %dup/vec4;
    %pushi/vec4 7, 0, 3;
    %cmp/u;
    %jmp/1 T_0.7, 6;
    %pushi/vec4 0, 0, 32;
    %store/vec4 v0000024258d195c0_0, 0, 32;
    %pushi/vec4 0, 0, 1;
    %store/vec4 v0000024258d1a6a0_0, 0, 1;
    %jmp T_0.9;
T_0.0 ;
    %load/vec4 v0000024258d1ace0_0;
    %store/vec4 v0000024258d195c0_0, 0, 32;
    %load/vec4 v0000024258d1a4c0_0;
    %store/vec4 v0000024258d1a6a0_0, 0, 1;
    %jmp T_0.9;
T_0.1 ;
    %load/vec4 v0000024258d1a560_0;
    %store/vec4 v0000024258d195c0_0, 0, 32;
    %load/vec4 v0000024258d1a7e0_0;
    %store/vec4 v0000024258d1a6a0_0, 0, 1;
    %jmp T_0.9;
T_0.2 ;
    %load/vec4 v0000024258d1ac40_0;
    %store/vec4 v0000024258d195c0_0, 0, 32;
    %load/vec4 v0000024258d1a2e0_0;
    %store/vec4 v0000024258d1a6a0_0, 0, 1;
    %jmp T_0.9;
T_0.3 ;
    %load/vec4 v0000024258d198e0_0;
    %store/vec4 v0000024258d195c0_0, 0, 32;
    %pushi/vec4 0, 0, 1;
    %store/vec4 v0000024258d1a6a0_0, 0, 1;
    %jmp T_0.9;
T_0.4 ;
    %load/vec4 v0000024258d19840_0;
    %store/vec4 v0000024258d195c0_0, 0, 32;
    %pushi/vec4 0, 0, 1;
    %store/vec4 v0000024258d1a6a0_0, 0, 1;
    %jmp T_0.9;
T_0.5 ;
    %load/vec4 v0000024258d19160_0;
    %store/vec4 v0000024258d195c0_0, 0, 32;
    %pushi/vec4 0, 0, 1;
    %store/vec4 v0000024258d1a6a0_0, 0, 1;
    %jmp T_0.9;
T_0.6 ;
    %load/vec4 v0000024258d1a100_0;
    %store/vec4 v0000024258d195c0_0, 0, 32;
    %pushi/vec4 0, 0, 1;
    %store/vec4 v0000024258d1a6a0_0, 0, 1;
    %jmp T_0.9;
T_0.7 ;
    %load/vec4 v0000024258d19ac0_0;
    %store/vec4 v0000024258d195c0_0, 0, 32;
    %pushi/vec4 0, 0, 1;
    %store/vec4 v0000024258d1a6a0_0, 0, 1;
    %jmp T_0.9;
T_0.9 ;
    %pop/vec4 1;
    %jmp T_0;
    .thread T_0, $push;
    .scope S_0000024258cb9310;
T_1 ;
    %vpi_call 2 26 "$monitor", "Time=%0t | Opcode=%b | A=%d (%b) B=%d (%b) | A_m=%d (%b) B_m=%d (%b) | Result=%d (%b) | Flag=%b", $time, v0000024258d1aec0_0, v0000024258d19200_0, v0000024258d19200_0, v0000024258d1a880_0, v0000024258d1a880_0, v0000024258d19660_0, v0000024258d19660_0, v0000024258d1aba0_0, v0000024258d1aba0_0, v0000024258d19980_0, v0000024258d19980_0, v0000024258d1aa60_0 {0 0 0};
    %pushi/vec4 12458795, 0, 32;
    %store/vec4 v0000024258d19200_0, 0, 32;
    %pushi/vec4 12345673, 0, 32;
    %store/vec4 v0000024258d1a880_0, 0, 32;
    %pushi/vec4 0, 0, 3;
    %store/vec4 v0000024258d1aec0_0, 0, 3;
    %delay 10000, 0;
    %pushi/vec4 57894225, 0, 32;
    %store/vec4 v0000024258d19200_0, 0, 32;
    %pushi/vec4 16457850, 0, 32;
    %store/vec4 v0000024258d1a880_0, 0, 32;
    %pushi/vec4 0, 0, 3;
    %store/vec4 v0000024258d1aec0_0, 0, 3;
    %delay 10000, 0;
    %pushi/vec4 13647200, 0, 32;
    %store/vec4 v0000024258d19200_0, 0, 32;
    %pushi/vec4 1574392402, 0, 32;
    %store/vec4 v0000024258d1a880_0, 0, 32;
    %pushi/vec4 1, 0, 3;
    %store/vec4 v0000024258d1aec0_0, 0, 3;
    %delay 10000, 0;
    %pushi/vec4 1232022660, 0, 32;
    %store/vec4 v0000024258d19200_0, 0, 32;
    %pushi/vec4 2237595909, 0, 32;
    %store/vec4 v0000024258d1a880_0, 0, 32;
    %pushi/vec4 1, 0, 3;
    %store/vec4 v0000024258d1aec0_0, 0, 3;
    %delay 10000, 0;
    %pushi/vec4 24907, 0, 16;
    %store/vec4 v0000024258d19660_0, 0, 16;
    %pushi/vec4 29993, 0, 16;
    %store/vec4 v0000024258d1aba0_0, 0, 16;
    %pushi/vec4 2, 0, 3;
    %store/vec4 v0000024258d1aec0_0, 0, 3;
    %delay 10000, 0;
    %pushi/vec4 2274749898, 0, 32;
    %store/vec4 v0000024258d19200_0, 0, 32;
    %pushi/vec4 361212877, 0, 32;
    %store/vec4 v0000024258d1a880_0, 0, 32;
    %pushi/vec4 3, 0, 3;
    %store/vec4 v0000024258d1aec0_0, 0, 3;
    %delay 10000, 0;
    %pushi/vec4 2274749898, 0, 32;
    %store/vec4 v0000024258d19200_0, 0, 32;
    %pushi/vec4 361212877, 0, 32;
    %store/vec4 v0000024258d1a880_0, 0, 32;
    %pushi/vec4 4, 0, 3;
    %store/vec4 v0000024258d1aec0_0, 0, 3;
    %delay 10000, 0;
    %pushi/vec4 2274749898, 0, 32;
    %store/vec4 v0000024258d19200_0, 0, 32;
    %pushi/vec4 361212877, 0, 32;
    %store/vec4 v0000024258d1a880_0, 0, 32;
    %pushi/vec4 5, 0, 3;
    %store/vec4 v0000024258d1aec0_0, 0, 3;
    %delay 10000, 0;
    %pushi/vec4 2274749898, 0, 32;
    %store/vec4 v0000024258d19200_0, 0, 32;
    %pushi/vec4 361212877, 0, 32;
    %store/vec4 v0000024258d1a880_0, 0, 32;
    %pushi/vec4 6, 0, 3;
    %store/vec4 v0000024258d1aec0_0, 0, 3;
    %delay 10000, 0;
    %pushi/vec4 2274749898, 0, 32;
    %store/vec4 v0000024258d19200_0, 0, 32;
    %pushi/vec4 361212877, 0, 32;
    %store/vec4 v0000024258d1a880_0, 0, 32;
    %pushi/vec4 7, 0, 3;
    %store/vec4 v0000024258d1aec0_0, 0, 3;
    %delay 10000, 0;
    %pushi/vec4 40667, 0, 16;
    %store/vec4 v0000024258d19660_0, 0, 16;
    %pushi/vec4 54106, 0, 16;
    %store/vec4 v0000024258d1aba0_0, 0, 16;
    %pushi/vec4 2, 0, 3;
    %store/vec4 v0000024258d1aec0_0, 0, 3;
    %delay 10000, 0;
    %vpi_call 2 74 "$finish" {0 0 0};
    %end;
    .thread T_1;
# The file index is used to find the file name in the following table.
:file_names 3;
    "N/A";
    "<interactive>";
    "alu_tb.v";
