#! /c/Source/iverilog-install/bin/vvp
:ivl_version "12.0 (devel)" "(s20150603-1539-g2693dd32b)";
:ivl_delay_selection "TYPICAL";
:vpi_time_precision + 0;
:vpi_module "C:\iverilog\lib\ivl\system.vpi";
:vpi_module "C:\iverilog\lib\ivl\vhdl_sys.vpi";
:vpi_module "C:\iverilog\lib\ivl\vhdl_textio.vpi";
:vpi_module "C:\iverilog\lib\ivl\v2005_math.vpi";
:vpi_module "C:\iverilog\lib\ivl\va_math.vpi";
S_000001edd4a512b0 .scope module, "alu_head" "alu_head" 2 1;
 .timescale 0 0;
    .port_info 0 /INPUT 32 "A";
    .port_info 1 /INPUT 32 "B";
    .port_info 2 /INPUT 16 "A_m";
    .port_info 3 /INPUT 16 "B_m";
    .port_info 4 /INPUT 3 "OpCode";
    .port_info 5 /OUTPUT 32 "Result";
    .port_info 6 /OUTPUT 1 "Flag";
o000001edd4a5a058 .functor BUFZ 32, C4<zzzzzzzzzzzzzzzzzzzzzzzzzzzzzzzz>; HiZ drive
v000001edd4ab0b90_0 .net "A", 31 0, o000001edd4a5a058;  0 drivers
o000001edd4a5a4d8 .functor BUFZ 16, C4<zzzzzzzzzzzzzzzz>; HiZ drive
v000001edd4ab0d70_0 .net "A_m", 15 0, o000001edd4a5a4d8;  0 drivers
o000001edd4a5a088 .functor BUFZ 32, C4<zzzzzzzzzzzzzzzzzzzzzzzzzzzzzzzz>; HiZ drive
v000001edd4aaf1f0_0 .net "B", 31 0, o000001edd4a5a088;  0 drivers
o000001edd4a5a508 .functor BUFZ 16, C4<zzzzzzzzzzzzzzzz>; HiZ drive
v000001edd4aaf970_0 .net "B_m", 15 0, o000001edd4a5a508;  0 drivers
v000001edd4aaf0b0_0 .var "Flag", 0 0;
o000001edd4a5a9e8 .functor BUFZ 3, C4<zzz>; HiZ drive
v000001edd4aaff10_0 .net "OpCode", 2 0, o000001edd4a5a9e8;  0 drivers
v000001edd4ab0190_0 .var "Result", 31 0;
v000001edd4ab0910_0 .net "and_res", 31 0, L_000001edd4a573c0;  1 drivers
v000001edd4aafab0_0 .net "borrow", 0 0, L_000001edd4aaf290;  1 drivers
v000001edd4ab0050_0 .net "carry", 0 0, L_000001edd4ab0c30;  1 drivers
v000001edd4aafb50_0 .net "cy", 0 0, L_000001edd4ab04b0;  1 drivers
v000001edd4aafdd0_0 .net "diff", 31 0, L_000001edd4ab02d0;  1 drivers
v000001edd4aaf6f0_0 .net "mul", 31 0, L_000001edd4ab0550;  1 drivers
v000001edd4ab0690_0 .net "not1_res", 31 0, L_000001edd4b40a10;  1 drivers
v000001edd4aafbf0_0 .net "not2_res", 31 0, L_000001edd4b40690;  1 drivers
v000001edd4aafe70_0 .net "or_res", 31 0, L_000001edd4a57350;  1 drivers
v000001edd4aaf470_0 .net "sum", 31 0, L_000001edd4ab00f0;  1 drivers
v000001edd4ab0f50_0 .net "xor_res", 31 0, L_000001edd4b40af0;  1 drivers
E_000001edd4a3a020/0 .event anyedge, v000001edd4aaff10_0, v000001edd4a3e410_0, v000001edd4a3e9b0_0, v000001edd4a3e0f0_0;
E_000001edd4a3a020/1 .event anyedge, v000001edd4a3e910_0, v000001edd4aafc90_0, v000001edd4ab0af0_0, v000001edd4ab0cd0_0;
E_000001edd4a3a020/2 .event anyedge, v000001edd4ab09b0_0, v000001edd4ab0a50_0, v000001edd4aaf3d0_0, v000001edd4aafa10_0;
E_000001edd4a3a020 .event/or E_000001edd4a3a020/0, E_000001edd4a3a020/1, E_000001edd4a3a020/2;
S_000001edd4a51440 .scope module, "u0" "adder" 2 12, 2 41 0, S_000001edd4a512b0;
 .timescale 0 0;
    .port_info 0 /INPUT 32 "a";
    .port_info 1 /INPUT 32 "b";
    .port_info 2 /OUTPUT 32 "c";
    .port_info 3 /OUTPUT 1 "carry";
L_000001edd4ab20d0 .functor BUFT 1, C4<0>, C4<0>, C4<0>, C4<0>;
v000001edd4a3db50_0 .net *"_ivl_10", 0 0, L_000001edd4ab20d0;  1 drivers
v000001edd4a3df10_0 .net *"_ivl_11", 32 0, L_000001edd4ab0230;  1 drivers
v000001edd4a3e730_0 .net *"_ivl_3", 32 0, L_000001edd4aaf830;  1 drivers
L_000001edd4ab2088 .functor BUFT 1, C4<0>, C4<0>, C4<0>, C4<0>;
v000001edd4a3e4b0_0 .net *"_ivl_6", 0 0, L_000001edd4ab2088;  1 drivers
v000001edd4a3e230_0 .net *"_ivl_7", 32 0, L_000001edd4aaf5b0;  1 drivers
v000001edd4a3e2d0_0 .net "a", 31 0, o000001edd4a5a058;  alias, 0 drivers
v000001edd4a3dfb0_0 .net "b", 31 0, o000001edd4a5a088;  alias, 0 drivers
v000001edd4a3e410_0 .net "c", 31 0, L_000001edd4ab00f0;  alias, 1 drivers
v000001edd4a3e9b0_0 .net "carry", 0 0, L_000001edd4ab0c30;  alias, 1 drivers
L_000001edd4ab0c30 .part L_000001edd4ab0230, 32, 1;
L_000001edd4ab00f0 .part L_000001edd4ab0230, 0, 32;
L_000001edd4aaf830 .concat [ 32 1 0 0], o000001edd4a5a058, L_000001edd4ab2088;
L_000001edd4aaf5b0 .concat [ 32 1 0 0], o000001edd4a5a088, L_000001edd4ab20d0;
L_000001edd4ab0230 .arith/sum 33, L_000001edd4aaf830, L_000001edd4aaf5b0;
S_000001edd4a4fbf0 .scope module, "u1" "SuB" 2 13, 2 50 0, S_000001edd4a512b0;
 .timescale 0 0;
    .port_info 0 /INPUT 32 "a";
    .port_info 1 /INPUT 32 "b";
    .port_info 2 /OUTPUT 1 "borrow";
    .port_info 3 /OUTPUT 32 "diff";
L_000001edd4ab2160 .functor BUFT 1, C4<0>, C4<0>, C4<0>, C4<0>;
v000001edd4a3dbf0_0 .net *"_ivl_10", 0 0, L_000001edd4ab2160;  1 drivers
v000001edd4a3ddd0_0 .net *"_ivl_11", 32 0, L_000001edd4ab07d0;  1 drivers
v000001edd4a3e5f0_0 .net *"_ivl_3", 32 0, L_000001edd4ab0410;  1 drivers
L_000001edd4ab2118 .functor BUFT 1, C4<0>, C4<0>, C4<0>, C4<0>;
v000001edd4a3e690_0 .net *"_ivl_6", 0 0, L_000001edd4ab2118;  1 drivers
v000001edd4a3e050_0 .net *"_ivl_7", 32 0, L_000001edd4ab0730;  1 drivers
v000001edd4a3e870_0 .net "a", 31 0, o000001edd4a5a058;  alias, 0 drivers
v000001edd4a3e7d0_0 .net "b", 31 0, o000001edd4a5a088;  alias, 0 drivers
v000001edd4a3e910_0 .net "borrow", 0 0, L_000001edd4aaf290;  alias, 1 drivers
v000001edd4a3e0f0_0 .net "diff", 31 0, L_000001edd4ab02d0;  alias, 1 drivers
L_000001edd4aaf290 .part L_000001edd4ab07d0, 32, 1;
L_000001edd4ab02d0 .part L_000001edd4ab07d0, 0, 32;
L_000001edd4ab0410 .concat [ 32 1 0 0], o000001edd4a5a058, L_000001edd4ab2118;
L_000001edd4ab0730 .concat [ 32 1 0 0], o000001edd4a5a088, L_000001edd4ab2160;
L_000001edd4ab07d0 .arith/sub 33, L_000001edd4ab0410, L_000001edd4ab0730;
S_000001edd4a4fd80 .scope module, "u2" "Mul" 2 14, 2 88 0, S_000001edd4a512b0;
 .timescale 0 0;
    .port_info 0 /INPUT 16 "a";
    .port_info 1 /INPUT 16 "b";
    .port_info 2 /OUTPUT 32 "c";
    .port_info 3 /OUTPUT 1 "cy";
L_000001edd4ab21f0 .functor BUFT 1, C4<00000000000000000>, C4<0>, C4<0>, C4<0>;
v000001edd4a3ea50_0 .net *"_ivl_10", 16 0, L_000001edd4ab21f0;  1 drivers
v000001edd4a3e370_0 .net *"_ivl_12", 32 0, L_000001edd4afafe0;  1 drivers
v000001edd4a3dc90_0 .net *"_ivl_3", 32 0, L_000001edd4ab05f0;  1 drivers
L_000001edd4ab21a8 .functor BUFT 1, C4<00000000000000000>, C4<0>, C4<0>, C4<0>;
v000001edd4a3dd30_0 .net *"_ivl_6", 16 0, L_000001edd4ab21a8;  1 drivers
v000001edd4aaffb0_0 .net *"_ivl_7", 32 0, L_000001edd4ab0870;  1 drivers
v000001edd4aaf150_0 .net "a", 15 0, o000001edd4a5a4d8;  alias, 0 drivers
v000001edd4aaf510_0 .net "b", 15 0, o000001edd4a5a508;  alias, 0 drivers
v000001edd4aafc90_0 .net "c", 31 0, L_000001edd4ab0550;  alias, 1 drivers
v000001edd4ab0af0_0 .net "cy", 0 0, L_000001edd4ab04b0;  alias, 1 drivers
L_000001edd4ab04b0 .part L_000001edd4afafe0, 32, 1;
L_000001edd4ab0550 .part L_000001edd4afafe0, 0, 32;
L_000001edd4ab05f0 .concat [ 16 17 0 0], o000001edd4a5a4d8, L_000001edd4ab21a8;
L_000001edd4ab0870 .concat [ 16 17 0 0], o000001edd4a5a508, L_000001edd4ab21f0;
L_000001edd4afafe0 .arith/mult 33, L_000001edd4ab05f0, L_000001edd4ab0870;
S_000001edd4a55310 .scope module, "u3" "oR" 2 15, 2 59 0, S_000001edd4a512b0;
 .timescale 0 0;
    .port_info 0 /INPUT 32 "a";
    .port_info 1 /INPUT 32 "b";
    .port_info 2 /OUTPUT 32 "c";
L_000001edd4a57350 .functor OR 32, o000001edd4a5a058, o000001edd4a5a088, C4<00000000000000000000000000000000>, C4<00000000000000000000000000000000>;
v000001edd4aaf330_0 .net "a", 31 0, o000001edd4a5a058;  alias, 0 drivers
v000001edd4ab0370_0 .net "b", 31 0, o000001edd4a5a088;  alias, 0 drivers
v000001edd4ab0cd0_0 .net "c", 31 0, L_000001edd4a57350;  alias, 1 drivers
S_000001edd4a554a0 .scope module, "u4" "And" 2 16, 2 66 0, S_000001edd4a512b0;
 .timescale 0 0;
    .port_info 0 /INPUT 32 "a";
    .port_info 1 /INPUT 32 "b";
    .port_info 2 /OUTPUT 32 "c";
L_000001edd4a573c0 .functor AND 32, o000001edd4a5a058, o000001edd4a5a088, C4<11111111111111111111111111111111>, C4<11111111111111111111111111111111>;
v000001edd4aafd30_0 .net "a", 31 0, o000001edd4a5a058;  alias, 0 drivers
v000001edd4aaf8d0_0 .net "b", 31 0, o000001edd4a5a088;  alias, 0 drivers
v000001edd4ab09b0_0 .net "c", 31 0, L_000001edd4a573c0;  alias, 1 drivers
S_000001edd4a56050 .scope module, "u5" "Xor" 2 17, 2 74 0, S_000001edd4a512b0;
 .timescale 0 0;
    .port_info 0 /INPUT 32 "a";
    .port_info 1 /INPUT 32 "b";
    .port_info 2 /OUTPUT 32 "c";
L_000001edd4b40af0 .functor XOR 32, o000001edd4a5a058, o000001edd4a5a088, C4<00000000000000000000000000000000>, C4<00000000000000000000000000000000>;
v000001edd4ab0e10_0 .net "a", 31 0, o000001edd4a5a058;  alias, 0 drivers
v000001edd4aaf650_0 .net "b", 31 0, o000001edd4a5a088;  alias, 0 drivers
v000001edd4ab0a50_0 .net "c", 31 0, L_000001edd4b40af0;  alias, 1 drivers
S_000001edd4a561e0 .scope module, "u6" "Not" 2 18, 2 81 0, S_000001edd4a512b0;
 .timescale 0 0;
    .port_info 0 /INPUT 32 "a";
    .port_info 1 /OUTPUT 32 "c";
L_000001edd4b40a10 .functor NOT 32, o000001edd4a5a058, C4<00000000000000000000000000000000>, C4<00000000000000000000000000000000>, C4<00000000000000000000000000000000>;
v000001edd4ab0eb0_0 .net "a", 31 0, o000001edd4a5a058;  alias, 0 drivers
v000001edd4aaf3d0_0 .net "c", 31 0, L_000001edd4b40a10;  alias, 1 drivers
S_000001edd4a516d0 .scope module, "u7" "Not" 2 19, 2 81 0, S_000001edd4a512b0;
 .timescale 0 0;
    .port_info 0 /INPUT 32 "a";
    .port_info 1 /OUTPUT 32 "c";
L_000001edd4b40690 .functor NOT 32, o000001edd4a5a088, C4<00000000000000000000000000000000>, C4<00000000000000000000000000000000>, C4<00000000000000000000000000000000>;
v000001edd4aaf790_0 .net "a", 31 0, o000001edd4a5a088;  alias, 0 drivers
v000001edd4aafa10_0 .net "c", 31 0, L_000001edd4b40690;  alias, 1 drivers
    .scope S_000001edd4a512b0;
T_0 ;
    %wait E_000001edd4a3a020;
    %pushi/vec4 0, 0, 32;
    %store/vec4 v000001edd4ab0190_0, 0, 32;
    %pushi/vec4 0, 0, 1;
    %store/vec4 v000001edd4aaf0b0_0, 0, 1;
    %load/vec4 v000001edd4aaff10_0;
    %dup/vec4;
    %pushi/vec4 0, 0, 3;
    %cmp/u;
    %jmp/1 T_0.0, 6;
    %dup/vec4;
    %pushi/vec4 1, 0, 3;
    %cmp/u;
    %jmp/1 T_0.1, 6;
    %dup/vec4;
    %pushi/vec4 2, 0, 3;
    %cmp/u;
    %jmp/1 T_0.2, 6;
    %dup/vec4;
    %pushi/vec4 3, 0, 3;
    %cmp/u;
    %jmp/1 T_0.3, 6;
    %dup/vec4;
    %pushi/vec4 4, 0, 3;
    %cmp/u;
    %jmp/1 T_0.4, 6;
    %dup/vec4;
    %pushi/vec4 5, 0, 3;
    %cmp/u;
    %jmp/1 T_0.5, 6;
    %dup/vec4;
    %pushi/vec4 6, 0, 3;
    %cmp/u;
    %jmp/1 T_0.6, 6;
    %dup/vec4;
    %pushi/vec4 7, 0, 3;
    %cmp/u;
    %jmp/1 T_0.7, 6;
    %pushi/vec4 0, 0, 32;
    %store/vec4 v000001edd4ab0190_0, 0, 32;
    %pushi/vec4 0, 0, 1;
    %store/vec4 v000001edd4aaf0b0_0, 0, 1;
    %jmp T_0.9;
T_0.0 ;
    %load/vec4 v000001edd4aaf470_0;
    %store/vec4 v000001edd4ab0190_0, 0, 32;
    %load/vec4 v000001edd4ab0050_0;
    %store/vec4 v000001edd4aaf0b0_0, 0, 1;
    %jmp T_0.9;
T_0.1 ;
    %load/vec4 v000001edd4aafdd0_0;
    %store/vec4 v000001edd4ab0190_0, 0, 32;
    %load/vec4 v000001edd4aafab0_0;
    %store/vec4 v000001edd4aaf0b0_0, 0, 1;
    %jmp T_0.9;
T_0.2 ;
    %load/vec4 v000001edd4aaf6f0_0;
    %store/vec4 v000001edd4ab0190_0, 0, 32;
    %load/vec4 v000001edd4aafb50_0;
    %store/vec4 v000001edd4aaf0b0_0, 0, 1;
    %jmp T_0.9;
T_0.3 ;
    %load/vec4 v000001edd4aafe70_0;
    %store/vec4 v000001edd4ab0190_0, 0, 32;
    %pushi/vec4 0, 0, 1;
    %store/vec4 v000001edd4aaf0b0_0, 0, 1;
    %jmp T_0.9;
T_0.4 ;
    %load/vec4 v000001edd4ab0910_0;
    %store/vec4 v000001edd4ab0190_0, 0, 32;
    %pushi/vec4 0, 0, 1;
    %store/vec4 v000001edd4aaf0b0_0, 0, 1;
    %jmp T_0.9;
T_0.5 ;
    %load/vec4 v000001edd4ab0f50_0;
    %store/vec4 v000001edd4ab0190_0, 0, 32;
    %pushi/vec4 0, 0, 1;
    %store/vec4 v000001edd4aaf0b0_0, 0, 1;
    %jmp T_0.9;
T_0.6 ;
    %load/vec4 v000001edd4ab0690_0;
    %store/vec4 v000001edd4ab0190_0, 0, 32;
    %pushi/vec4 0, 0, 1;
    %store/vec4 v000001edd4aaf0b0_0, 0, 1;
    %jmp T_0.9;
T_0.7 ;
    %load/vec4 v000001edd4aafbf0_0;
    %store/vec4 v000001edd4ab0190_0, 0, 32;
    %pushi/vec4 0, 0, 1;
    %store/vec4 v000001edd4aaf0b0_0, 0, 1;
    %jmp T_0.9;
T_0.9 ;
    %pop/vec4 1;
    %jmp T_0;
    .thread T_0, $push;
# The file index is used to find the file name in the following table.
:file_names 3;
    "N/A";
    "<interactive>";
    "alu_32_bit.v";
