#! /c/Source/iverilog-install/bin/vvp
:ivl_version "12.0 (devel)" "(s20150603-1539-g2693dd32b)";
:ivl_delay_selection "TYPICAL";
:vpi_time_precision + 0;
:vpi_module "C:\iverilog\lib\ivl\system.vpi";
:vpi_module "C:\iverilog\lib\ivl\vhdl_sys.vpi";
:vpi_module "C:\iverilog\lib\ivl\vhdl_textio.vpi";
:vpi_module "C:\iverilog\lib\ivl\v2005_math.vpi";
:vpi_module "C:\iverilog\lib\ivl\va_math.vpi";
S_0000022990e566d0 .scope module, "And" "And" 2 1;
 .timescale 0 0;
    .port_info 0 /INPUT 4 "a";
    .port_info 1 /INPUT 4 "b";
    .port_info 2 /OUTPUT 4 "c";
o0000022990f76978 .functor BUFZ 4, C4<zzzz>; HiZ drive
o0000022990f769a8 .functor BUFZ 4, C4<zzzz>; HiZ drive
L_0000022990e57210 .functor AND 4, o0000022990f76978, o0000022990f769a8, C4<1111>, C4<1111>;
v0000022990e56ea0_0 .net "a", 3 0, o0000022990f76978;  0 drivers
v0000022990e56860_0 .net "b", 3 0, o0000022990f769a8;  0 drivers
v0000022990e56900_0 .net "c", 3 0, L_0000022990e57210;  1 drivers
# The file index is used to find the file name in the following table.
:file_names 3;
    "N/A";
    "<interactive>";
    "bitwise_and.v";
