#! /c/Source/iverilog-install/bin/vvp
:ivl_version "12.0 (devel)" "(s20150603-1539-g2693dd32b)";
:ivl_delay_selection "TYPICAL";
:vpi_time_precision + 0;
:vpi_module "C:\iverilog\lib\ivl\system.vpi";
:vpi_module "C:\iverilog\lib\ivl\vhdl_sys.vpi";
:vpi_module "C:\iverilog\lib\ivl\vhdl_textio.vpi";
:vpi_module "C:\iverilog\lib\ivl\v2005_math.vpi";
:vpi_module "C:\iverilog\lib\ivl\va_math.vpi";
S_000001863da666d0 .scope module, "Xor" "Xor" 2 1;
 .timescale 0 0;
    .port_info 0 /INPUT 4 "a";
    .port_info 1 /INPUT 4 "b";
    .port_info 2 /OUTPUT 4 "c";
o000001863db86838 .functor BUFZ 4, C4<zzzz>; HiZ drive
o000001863db86868 .functor BUFZ 4, C4<zzzz>; HiZ drive
L_000001863da67020 .functor XOR 4, o000001863db86838, o000001863db86868, C4<0000>, C4<0000>;
v000001863da66860_0 .net "a", 3 0, o000001863db86838;  0 drivers
v000001863da66900_0 .net "b", 3 0, o000001863db86868;  0 drivers
v000001863da669a0_0 .net "c", 3 0, L_000001863da67020;  1 drivers
# The file index is used to find the file name in the following table.
:file_names 3;
    "N/A";
    "<interactive>";
    "bitwise_xor.v";
