#! /c/Source/iverilog-install/bin/vvp
:ivl_version "12.0 (devel)" "(s20150603-1539-g2693dd32b)";
:ivl_delay_selection "TYPICAL";
:vpi_time_precision + 0;
:vpi_module "C:\iverilog\lib\ivl\system.vpi";
:vpi_module "C:\iverilog\lib\ivl\vhdl_sys.vpi";
:vpi_module "C:\iverilog\lib\ivl\vhdl_textio.vpi";
:vpi_module "C:\iverilog\lib\ivl\v2005_math.vpi";
:vpi_module "C:\iverilog\lib\ivl\va_math.vpi";
S_0000025fa85766d0 .scope module, "oR" "oR" 2 1;
 .timescale 0 0;
    .port_info 0 /INPUT 4 "a";
    .port_info 1 /INPUT 4 "b";
    .port_info 2 /OUTPUT 4 "c";
o0000025fa85c6838 .functor BUFZ 4, C4<zzzz>; HiZ drive
o0000025fa85c6868 .functor BUFZ 4, C4<zzzz>; HiZ drive
L_0000025fa8577020 .functor OR 4, o0000025fa85c6838, o0000025fa85c6868, C4<0000>, C4<0000>;
v0000025fa8576860_0 .net "a", 3 0, o0000025fa85c6838;  0 drivers
v0000025fa8576900_0 .net "b", 3 0, o0000025fa85c6868;  0 drivers
v0000025fa85769a0_0 .net "c", 3 0, L_0000025fa8577020;  1 drivers
# The file index is used to find the file name in the following table.
:file_names 3;
    "N/A";
    "<interactive>";
    "bitwise_or.v";
