#! /c/Source/iverilog-install/bin/vvp
:ivl_version "12.0 (devel)" "(s20150603-1539-g2693dd32b)";
:ivl_delay_selection "TYPICAL";
:vpi_time_precision + 0;
:vpi_module "C:\iverilog\lib\ivl\system.vpi";
:vpi_module "C:\iverilog\lib\ivl\vhdl_sys.vpi";
:vpi_module "C:\iverilog\lib\ivl\vhdl_textio.vpi";
:vpi_module "C:\iverilog\lib\ivl\v2005_math.vpi";
:vpi_module "C:\iverilog\lib\ivl\va_math.vpi";
S_000001fad6b9bc60 .scope module, "Cntrl_Unit" "Cntrl_Unit" 2 1;
 .timescale 0 0;
    .port_info 0 /INPUT 7 "opcode";
    .port_info 1 /OUTPUT 1 "PC_Write";
    .port_info 2 /OUTPUT 2 "PCSource";
    .port_info 3 /OUTPUT 1 "Jump";
    .port_info 4 /OUTPUT 3 "imm_sel";
    .port_info 5 /OUTPUT 1 "RegWrite";
    .port_info 6 /OUTPUT 1 "ALUSrc";
    .port_info 7 /OUTPUT 3 "ALUOp";
    .port_info 8 /OUTPUT 1 "MemRead";
    .port_info 9 /OUTPUT 1 "MemWrite";
    .port_info 10 /OUTPUT 1 "MemToReg";
    .port_info 11 /OUTPUT 1 "Branch";
P_000001fad6b966c0 .param/l "OP_BRANCH" 1 2 20, C4<1100011>;
P_000001fad6b966f8 .param/l "OP_I_Type" 1 2 17, C4<0010011>;
P_000001fad6b96730 .param/l "OP_JAL" 1 2 21, C4<0111011>;
P_000001fad6b96768 .param/l "OP_LOAD" 1 2 18, C4<0000011>;
P_000001fad6b967a0 .param/l "OP_R_Type" 1 2 16, C4<0110011>;
P_000001fad6b967d8 .param/l "OP_STORE" 1 2 19, C4<0100011>;
P_000001fad6b96810 .param/l "PC_BRANCH" 1 2 23, C4<01>;
P_000001fad6b96848 .param/l "PC_JUMP" 1 2 24, C4<10>;
P_000001fad6b96880 .param/l "PC_PLUS_4" 1 2 22, C4<00>;
v000001fad6b97140_0 .var "ALUOp", 2 0;
v000001fad6b96e90_0 .var "ALUSrc", 0 0;
v000001fad6b968c0_0 .var "Branch", 0 0;
v000001fad6b96960_0 .var "Jump", 0 0;
v000001fad6b96a00_0 .var "MemRead", 0 0;
v000001fad6b96aa0_0 .var "MemToReg", 0 0;
v000001fad6c32c50_0 .var "MemWrite", 0 0;
v000001fad6c32cf0_0 .var "PCSource", 1 0;
v000001fad6c32d90_0 .var "PC_Write", 0 0;
v000001fad6c32e30_0 .var "RegWrite", 0 0;
v000001fad6c32ed0_0 .var "imm_sel", 2 0;
o000001fad6bec1e8 .functor BUFZ 7, C4<zzzzzzz>; HiZ drive
v000001fad6c32f70_0 .net "opcode", 6 0, o000001fad6bec1e8;  0 drivers
E_000001fad6b98d50 .event anyedge, v000001fad6c32f70_0;
    .scope S_000001fad6b9bc60;
T_0 ;
    %wait E_000001fad6b98d50;
    %pushi/vec4 1, 0, 1;
    %store/vec4 v000001fad6c32d90_0, 0, 1;
    %pushi/vec4 0, 0, 3;
    %store/vec4 v000001fad6c32ed0_0, 0, 3;
    %pushi/vec4 0, 0, 1;
    %store/vec4 v000001fad6c32e30_0, 0, 1;
    %pushi/vec4 0, 0, 1;
    %store/vec4 v000001fad6b96e90_0, 0, 1;
    %pushi/vec4 0, 0, 3;
    %store/vec4 v000001fad6b97140_0, 0, 3;
    %pushi/vec4 0, 0, 1;
    %store/vec4 v000001fad6b96a00_0, 0, 1;
    %pushi/vec4 0, 0, 1;
    %store/vec4 v000001fad6c32c50_0, 0, 1;
    %pushi/vec4 0, 0, 1;
    %store/vec4 v000001fad6b96aa0_0, 0, 1;
    %pushi/vec4 0, 0, 1;
    %store/vec4 v000001fad6b968c0_0, 0, 1;
    %pushi/vec4 0, 0, 2;
    %store/vec4 v000001fad6c32cf0_0, 0, 2;
    %pushi/vec4 0, 0, 1;
    %store/vec4 v000001fad6b96960_0, 0, 1;
    %load/vec4 v000001fad6c32f70_0;
    %dup/vec4;
    %pushi/vec4 51, 0, 7;
    %cmp/u;
    %jmp/1 T_0.0, 6;
    %dup/vec4;
    %pushi/vec4 19, 0, 7;
    %cmp/u;
    %jmp/1 T_0.1, 6;
    %dup/vec4;
    %pushi/vec4 3, 0, 7;
    %cmp/u;
    %jmp/1 T_0.2, 6;
    %dup/vec4;
    %pushi/vec4 35, 0, 7;
    %cmp/u;
    %jmp/1 T_0.3, 6;
    %dup/vec4;
    %pushi/vec4 99, 0, 7;
    %cmp/u;
    %jmp/1 T_0.4, 6;
    %dup/vec4;
    %pushi/vec4 59, 0, 7;
    %cmp/u;
    %jmp/1 T_0.5, 6;
    %pushi/vec4 1, 0, 1;
    %store/vec4 v000001fad6c32d90_0, 0, 1;
    %pushi/vec4 0, 0, 1;
    %store/vec4 v000001fad6c32e30_0, 0, 1;
    %jmp T_0.7;
T_0.0 ;
    %pushi/vec4 1, 0, 1;
    %store/vec4 v000001fad6c32e30_0, 0, 1;
    %pushi/vec4 0, 0, 1;
    %store/vec4 v000001fad6b96e90_0, 0, 1;
    %pushi/vec4 0, 0, 3;
    %store/vec4 v000001fad6b97140_0, 0, 3;
    %jmp T_0.7;
T_0.1 ;
    %pushi/vec4 1, 0, 1;
    %store/vec4 v000001fad6c32e30_0, 0, 1;
    %pushi/vec4 1, 0, 1;
    %store/vec4 v000001fad6b96e90_0, 0, 1;
    %pushi/vec4 0, 0, 3;
    %store/vec4 v000001fad6b97140_0, 0, 3;
    %pushi/vec4 1, 0, 3;
    %store/vec4 v000001fad6c32ed0_0, 0, 3;
    %jmp T_0.7;
T_0.2 ;
    %pushi/vec4 1, 0, 1;
    %store/vec4 v000001fad6c32e30_0, 0, 1;
    %pushi/vec4 1, 0, 1;
    %store/vec4 v000001fad6b96e90_0, 0, 1;
    %pushi/vec4 0, 0, 3;
    %store/vec4 v000001fad6b97140_0, 0, 3;
    %pushi/vec4 1, 0, 3;
    %store/vec4 v000001fad6c32ed0_0, 0, 3;
    %pushi/vec4 1, 0, 1;
    %store/vec4 v000001fad6b96a00_0, 0, 1;
    %pushi/vec4 1, 0, 1;
    %store/vec4 v000001fad6b96aa0_0, 0, 1;
    %jmp T_0.7;
T_0.3 ;
    %pushi/vec4 1, 0, 1;
    %store/vec4 v000001fad6b96e90_0, 0, 1;
    %pushi/vec4 0, 0, 3;
    %store/vec4 v000001fad6b97140_0, 0, 3;
    %pushi/vec4 2, 0, 3;
    %store/vec4 v000001fad6c32ed0_0, 0, 3;
    %pushi/vec4 1, 0, 1;
    %store/vec4 v000001fad6c32c50_0, 0, 1;
    %jmp T_0.7;
T_0.4 ;
    %pushi/vec4 1, 0, 1;
    %store/vec4 v000001fad6b968c0_0, 0, 1;
    %pushi/vec4 3, 0, 3;
    %store/vec4 v000001fad6c32ed0_0, 0, 3;
    %pushi/vec4 1, 0, 2;
    %store/vec4 v000001fad6c32cf0_0, 0, 2;
    %pushi/vec4 1, 0, 1;
    %store/vec4 v000001fad6c32d90_0, 0, 1;
    %jmp T_0.7;
T_0.5 ;
    %pushi/vec4 1, 0, 1;
    %store/vec4 v000001fad6b96960_0, 0, 1;
    %pushi/vec4 5, 0, 3;
    %store/vec4 v000001fad6c32ed0_0, 0, 3;
    %pushi/vec4 2, 0, 2;
    %store/vec4 v000001fad6c32cf0_0, 0, 2;
    %pushi/vec4 1, 0, 1;
    %store/vec4 v000001fad6c32e30_0, 0, 1;
    %jmp T_0.7;
T_0.7 ;
    %pop/vec4 1;
    %jmp T_0;
    .thread T_0, $push;
# The file index is used to find the file name in the following table.
:file_names 3;
    "N/A";
    "<interactive>";
    "Cntrl_Unit.v";
