#! /c/Source/iverilog-install/bin/vvp
:ivl_version "12.0 (devel)" "(s20150603-1539-g2693dd32b)";
:ivl_delay_selection "TYPICAL";
:vpi_time_precision + 0;
:vpi_module "C:\iverilog\lib\ivl\system.vpi";
:vpi_module "C:\iverilog\lib\ivl\vhdl_sys.vpi";
:vpi_module "C:\iverilog\lib\ivl\vhdl_textio.vpi";
:vpi_module "C:\iverilog\lib\ivl\v2005_math.vpi";
:vpi_module "C:\iverilog\lib\ivl\va_math.vpi";
S_00000176beefbcd0 .scope module, "EX_MEM_reg" "EX_MEM_reg" 2 1;
 .timescale 0 0;
    .port_info 0 /INPUT 1 "clk";
    .port_info 1 /INPUT 1 "rst";
    .port_info 2 /INPUT 1 "EX_MEM_Write";
    .port_info 3 /INPUT 32 "alu_result_in";
    .port_info 4 /INPUT 32 "Read_Data_2_in";
    .port_info 5 /INPUT 32 "PC_Plus_4_in";
    .port_info 6 /INPUT 5 "reg_dest_addr_in";
    .port_info 7 /INPUT 1 "RegWrite_in";
    .port_info 8 /INPUT 1 "MemRead_in";
    .port_info 9 /INPUT 1 "MemWrite_in";
    .port_info 10 /INPUT 1 "MemToReg_in";
    .port_info 11 /OUTPUT 32 "alu_result_out";
    .port_info 12 /OUTPUT 32 "Read_Data_2_out";
    .port_info 13 /OUTPUT 32 "PC_Plus_4_out";
    .port_info 14 /OUTPUT 5 "reg_dest_addr_out";
    .port_info 15 /OUTPUT 1 "RegWrite_out";
    .port_info 16 /OUTPUT 1 "MemWrite_out";
    .port_info 17 /OUTPUT 1 "MemToReg_out";
o00000176bf018f98 .functor BUFZ 1, C4<z>; HiZ drive
v00000176beefed30_0 .net "EX_MEM_Write", 0 0, o00000176bf018f98;  0 drivers
o00000176bf018fc8 .functor BUFZ 1, C4<z>; HiZ drive
v00000176beef69e0_0 .net "MemRead_in", 0 0, o00000176bf018fc8;  0 drivers
o00000176bf018ff8 .functor BUFZ 1, C4<z>; HiZ drive
v00000176bf060030_0 .net "MemToReg_in", 0 0, o00000176bf018ff8;  0 drivers
v00000176bf0600d0_0 .var "MemToReg_out", 0 0;
o00000176bf019058 .functor BUFZ 1, C4<z>; HiZ drive
v00000176bf060170_0 .net "MemWrite_in", 0 0, o00000176bf019058;  0 drivers
v00000176bf060210_0 .var "MemWrite_out", 0 0;
o00000176bf0190b8 .functor BUFZ 32, C4<zzzzzzzzzzzzzzzzzzzzzzzzzzzzzzzz>; HiZ drive
v00000176bf0602b0_0 .net "PC_Plus_4_in", 31 0, o00000176bf0190b8;  0 drivers
v00000176bf060350_0 .var "PC_Plus_4_out", 31 0;
o00000176bf019118 .functor BUFZ 32, C4<zzzzzzzzzzzzzzzzzzzzzzzzzzzzzzzz>; HiZ drive
v00000176bf0603f0_0 .net "Read_Data_2_in", 31 0, o00000176bf019118;  0 drivers
v00000176bf060520_0 .var "Read_Data_2_out", 31 0;
o00000176bf019178 .functor BUFZ 1, C4<z>; HiZ drive
v00000176bf0605c0_0 .net "RegWrite_in", 0 0, o00000176bf019178;  0 drivers
v00000176bf060660_0 .var "RegWrite_out", 0 0;
o00000176bf0191d8 .functor BUFZ 32, C4<zzzzzzzzzzzzzzzzzzzzzzzzzzzzzzzz>; HiZ drive
v00000176bf060700_0 .net "alu_result_in", 31 0, o00000176bf0191d8;  0 drivers
v00000176bf0607a0_0 .var "alu_result_out", 31 0;
o00000176bf019238 .functor BUFZ 1, C4<z>; HiZ drive
v00000176bf013680_0 .net "clk", 0 0, o00000176bf019238;  0 drivers
o00000176bf019268 .functor BUFZ 5, C4<zzzzz>; HiZ drive
v00000176bf012a00_0 .net "reg_dest_addr_in", 4 0, o00000176bf019268;  0 drivers
v00000176bf013040_0 .var "reg_dest_addr_out", 4 0;
o00000176bf0192c8 .functor BUFZ 1, C4<z>; HiZ drive
v00000176bf013360_0 .net "rst", 0 0, o00000176bf0192c8;  0 drivers
E_00000176beef8ce0/0 .event negedge, v00000176bf013360_0;
E_00000176beef8ce0/1 .event posedge, v00000176bf013680_0;
E_00000176beef8ce0 .event/or E_00000176beef8ce0/0, E_00000176beef8ce0/1;
    .scope S_00000176beefbcd0;
T_0 ;
    %wait E_00000176beef8ce0;
    %load/vec4 v00000176bf013360_0;
    %nor/r;
    %flag_set/vec4 8;
    %jmp/0xz  T_0.0, 8;
    %pushi/vec4 0, 0, 32;
    %assign/vec4 v00000176bf0607a0_0, 0;
    %pushi/vec4 0, 0, 1;
    %assign/vec4 v00000176bf060660_0, 0;
    %jmp T_0.1;
T_0.0 ;
    %load/vec4 v00000176beefed30_0;
    %flag_set/vec4 8;
    %jmp/0xz  T_0.2, 8;
    %load/vec4 v00000176bf060700_0;
    %assign/vec4 v00000176bf0607a0_0, 0;
    %load/vec4 v00000176bf0603f0_0;
    %assign/vec4 v00000176bf060520_0, 0;
    %load/vec4 v00000176bf0605c0_0;
    %assign/vec4 v00000176bf060660_0, 0;
T_0.2 ;
T_0.1 ;
    %jmp T_0;
    .thread T_0;
# The file index is used to find the file name in the following table.
:file_names 3;
    "N/A";
    "<interactive>";
    "EX_MEM_reg.v";
