#! /c/Source/iverilog-install/bin/vvp
:ivl_version "12.0 (devel)" "(s20150603-1539-g2693dd32b)";
:ivl_delay_selection "TYPICAL";
:vpi_time_precision + 0;
:vpi_module "C:\iverilog\lib\ivl\system.vpi";
:vpi_module "C:\iverilog\lib\ivl\vhdl_sys.vpi";
:vpi_module "C:\iverilog\lib\ivl\vhdl_textio.vpi";
:vpi_module "C:\iverilog\lib\ivl\v2005_math.vpi";
:vpi_module "C:\iverilog\lib\ivl\va_math.vpi";
S_0000025560bd67d0 .scope module, "ID_EX_reg" "ID_EX_reg" 2 1;
 .timescale 0 0;
    .port_info 0 /INPUT 1 "clk";
    .port_info 1 /INPUT 1 "rst";
    .port_info 2 /INPUT 32 "PC_Plus_4_in";
    .port_info 3 /INPUT 32 "Read_Data_1_in";
    .port_info 4 /INPUT 32 "Read_Data_2_in";
    .port_info 5 /INPUT 32 "Immediate_in";
    .port_info 6 /INPUT 5 "reg_dest_addr_in";
    .port_info 7 /INPUT 5 "rs2_addr_in";
    .port_info 8 /INPUT 1 "RegWrite_in";
    .port_info 9 /INPUT 1 "MemRead_in";
    .port_info 10 /INPUT 1 "MemWrite_in";
    .port_info 11 /INPUT 1 "MemToReg_in";
    .port_info 12 /INPUT 1 "ALUSrc_in";
    .port_info 13 /INPUT 1 "Branch_in";
    .port_info 14 /INPUT 1 "Jump_in";
    .port_info 15 /INPUT 3 "ALUOp_in";
    .port_info 16 /OUTPUT 32 "PC_Plus_4_out";
    .port_info 17 /OUTPUT 32 "Read_Data_1_out";
    .port_info 18 /OUTPUT 32 "Read_Data_2_out";
    .port_info 19 /OUTPUT 32 "Immediate_out";
    .port_info 20 /OUTPUT 5 "reg_dest_addr_out";
    .port_info 21 /OUTPUT 5 "rs2_addr_out";
    .port_info 22 /OUTPUT 1 "RegWrite_out";
    .port_info 23 /OUTPUT 1 "MemRead_out";
    .port_info 24 /OUTPUT 1 "MemWrite_out";
    .port_info 25 /OUTPUT 1 "MemToReg_out";
    .port_info 26 /OUTPUT 1 "ALUSrc_out";
    .port_info 27 /OUTPUT 1 "Branch_out";
    .port_info 28 /OUTPUT 1 "Jump_out";
    .port_info 29 /OUTPUT 3 "ALUOp_out";
o0000025560c2dfd8 .functor BUFZ 3, C4<zzz>; HiZ drive
v0000025560bd6d20_0 .net "ALUOp_in", 2 0, o0000025560c2dfd8;  0 drivers
v0000025560c237e0_0 .var "ALUOp_out", 2 0;
o0000025560c2e038 .functor BUFZ 1, C4<z>; HiZ drive
v0000025560c23880_0 .net "ALUSrc_in", 0 0, o0000025560c2e038;  0 drivers
v0000025560c23920_0 .var "ALUSrc_out", 0 0;
o0000025560c2e098 .functor BUFZ 1, C4<z>; HiZ drive
v0000025560c239c0_0 .net "Branch_in", 0 0, o0000025560c2e098;  0 drivers
v0000025560c23a60_0 .var "Branch_out", 0 0;
o0000025560c2e0f8 .functor BUFZ 32, C4<zzzzzzzzzzzzzzzzzzzzzzzzzzzzzzzz>; HiZ drive
v0000025560c23b00_0 .net "Immediate_in", 31 0, o0000025560c2e0f8;  0 drivers
v0000025560c23ba0_0 .var "Immediate_out", 31 0;
o0000025560c2e158 .functor BUFZ 1, C4<z>; HiZ drive
v0000025560c23c40_0 .net "Jump_in", 0 0, o0000025560c2e158;  0 drivers
v0000025560c23ce0_0 .var "Jump_out", 0 0;
o0000025560c2e1b8 .functor BUFZ 1, C4<z>; HiZ drive
v0000025560c23d80_0 .net "MemRead_in", 0 0, o0000025560c2e1b8;  0 drivers
v0000025560c23e20_0 .var "MemRead_out", 0 0;
o0000025560c2e218 .functor BUFZ 1, C4<z>; HiZ drive
v0000025560c23ec0_0 .net "MemToReg_in", 0 0, o0000025560c2e218;  0 drivers
v0000025560c23f60_0 .var "MemToReg_out", 0 0;
o0000025560c2e278 .functor BUFZ 1, C4<z>; HiZ drive
v0000025560c24000_0 .net "MemWrite_in", 0 0, o0000025560c2e278;  0 drivers
v0000025560c75240_0 .var "MemWrite_out", 0 0;
o0000025560c2e2d8 .functor BUFZ 32, C4<zzzzzzzzzzzzzzzzzzzzzzzzzzzzzzzz>; HiZ drive
v0000025560c75740_0 .net "PC_Plus_4_in", 31 0, o0000025560c2e2d8;  0 drivers
v0000025560c752e0_0 .var "PC_Plus_4_out", 31 0;
o0000025560c2e338 .functor BUFZ 32, C4<zzzzzzzzzzzzzzzzzzzzzzzzzzzzzzzz>; HiZ drive
v0000025560c75100_0 .net "Read_Data_1_in", 31 0, o0000025560c2e338;  0 drivers
v0000025560c75380_0 .var "Read_Data_1_out", 31 0;
o0000025560c2e398 .functor BUFZ 32, C4<zzzzzzzzzzzzzzzzzzzzzzzzzzzzzzzz>; HiZ drive
v0000025560c757e0_0 .net "Read_Data_2_in", 31 0, o0000025560c2e398;  0 drivers
v0000025560c74d40_0 .var "Read_Data_2_out", 31 0;
o0000025560c2e3f8 .functor BUFZ 1, C4<z>; HiZ drive
v0000025560c74e80_0 .net "RegWrite_in", 0 0, o0000025560c2e3f8;  0 drivers
v0000025560c75600_0 .var "RegWrite_out", 0 0;
o0000025560c2e458 .functor BUFZ 1, C4<z>; HiZ drive
v0000025560c759c0_0 .net "clk", 0 0, o0000025560c2e458;  0 drivers
o0000025560c2e488 .functor BUFZ 5, C4<zzzzz>; HiZ drive
v0000025560c75560_0 .net "reg_dest_addr_in", 4 0, o0000025560c2e488;  0 drivers
v0000025560c74de0_0 .var "reg_dest_addr_out", 4 0;
o0000025560c2e4e8 .functor BUFZ 5, C4<zzzzz>; HiZ drive
v0000025560c75880_0 .net "rs2_addr_in", 4 0, o0000025560c2e4e8;  0 drivers
v0000025560c75420_0 .var "rs2_addr_out", 4 0;
o0000025560c2e548 .functor BUFZ 1, C4<z>; HiZ drive
v0000025560c75a60_0 .net "rst", 0 0, o0000025560c2e548;  0 drivers
E_0000025560c26c40/0 .event negedge, v0000025560c75a60_0;
E_0000025560c26c40/1 .event posedge, v0000025560c759c0_0;
E_0000025560c26c40 .event/or E_0000025560c26c40/0, E_0000025560c26c40/1;
    .scope S_0000025560bd67d0;
T_0 ;
    %wait E_0000025560c26c40;
    %load/vec4 v0000025560c75a60_0;
    %flag_set/vec4 8;
    %jmp/0xz  T_0.0, 8;
    %pushi/vec4 0, 0, 32;
    %assign/vec4 v0000025560c752e0_0, 0;
    %pushi/vec4 0, 0, 32;
    %assign/vec4 v0000025560c75380_0, 0;
    %pushi/vec4 0, 0, 32;
    %assign/vec4 v0000025560c74d40_0, 0;
    %pushi/vec4 0, 0, 32;
    %assign/vec4 v0000025560c23ba0_0, 0;
    %pushi/vec4 0, 0, 5;
    %assign/vec4 v0000025560c74de0_0, 0;
    %pushi/vec4 0, 0, 5;
    %assign/vec4 v0000025560c75420_0, 0;
    %pushi/vec4 0, 0, 1;
    %assign/vec4 v0000025560c75600_0, 0;
    %pushi/vec4 0, 0, 1;
    %assign/vec4 v0000025560c23e20_0, 0;
    %pushi/vec4 0, 0, 1;
    %assign/vec4 v0000025560c75240_0, 0;
    %pushi/vec4 0, 0, 1;
    %assign/vec4 v0000025560c23f60_0, 0;
    %pushi/vec4 0, 0, 1;
    %assign/vec4 v0000025560c23920_0, 0;
    %pushi/vec4 0, 0, 1;
    %assign/vec4 v0000025560c23a60_0, 0;
    %pushi/vec4 0, 0, 1;
    %assign/vec4 v0000025560c23ce0_0, 0;
    %pushi/vec4 0, 0, 3;
    %assign/vec4 v0000025560c237e0_0, 0;
    %jmp T_0.1;
T_0.0 ;
    %load/vec4 v0000025560c75740_0;
    %assign/vec4 v0000025560c752e0_0, 0;
    %load/vec4 v0000025560c75100_0;
    %assign/vec4 v0000025560c75380_0, 0;
    %load/vec4 v0000025560c757e0_0;
    %assign/vec4 v0000025560c74d40_0, 0;
    %load/vec4 v0000025560c23b00_0;
    %assign/vec4 v0000025560c23ba0_0, 0;
    %load/vec4 v0000025560c75560_0;
    %assign/vec4 v0000025560c74de0_0, 0;
    %load/vec4 v0000025560c75880_0;
    %assign/vec4 v0000025560c75420_0, 0;
    %load/vec4 v0000025560c74e80_0;
    %assign/vec4 v0000025560c75600_0, 0;
    %load/vec4 v0000025560c23d80_0;
    %assign/vec4 v0000025560c23e20_0, 0;
    %load/vec4 v0000025560c24000_0;
    %assign/vec4 v0000025560c75240_0, 0;
    %load/vec4 v0000025560c23ec0_0;
    %assign/vec4 v0000025560c23f60_0, 0;
    %load/vec4 v0000025560c23880_0;
    %assign/vec4 v0000025560c23920_0, 0;
    %load/vec4 v0000025560c239c0_0;
    %assign/vec4 v0000025560c23a60_0, 0;
    %load/vec4 v0000025560c23c40_0;
    %assign/vec4 v0000025560c23ce0_0, 0;
    %load/vec4 v0000025560bd6d20_0;
    %assign/vec4 v0000025560c237e0_0, 0;
T_0.1 ;
    %jmp T_0;
    .thread T_0;
# The file index is used to find the file name in the following table.
:file_names 3;
    "N/A";
    "<interactive>";
    "ID_eX_reg.v";
