#! /c/Source/iverilog-install/bin/vvp
:ivl_version "12.0 (devel)" "(s20150603-1539-g2693dd32b)";
:ivl_delay_selection "TYPICAL";
:vpi_time_precision + 0;
:vpi_module "C:\iverilog\lib\ivl\system.vpi";
:vpi_module "C:\iverilog\lib\ivl\vhdl_sys.vpi";
:vpi_module "C:\iverilog\lib\ivl\vhdl_textio.vpi";
:vpi_module "C:\iverilog\lib\ivl\v2005_math.vpi";
:vpi_module "C:\iverilog\lib\ivl\va_math.vpi";
S_000002224ec867d0 .scope module, "IF_ID_reg" "IF_ID_reg" 2 1;
 .timescale 0 0;
    .port_info 0 /INPUT 1 "clk";
    .port_info 1 /INPUT 1 "rst";
    .port_info 2 /INPUT 1 "IF_ID_Write";
    .port_info 3 /INPUT 1 "IF_ID_Flush";
    .port_info 4 /INPUT 32 "Instruction_In";
    .port_info 5 /INPUT 32 "PC_Plus_4_in";
    .port_info 6 /OUTPUT 32 "Instruction_out";
    .port_info 7 /OUTPUT 32 "PC_Plus_4_out";
o000002224ecd6fb8 .functor BUFZ 1, C4<z>; HiZ drive
v000002224ec86960_0 .net "IF_ID_Flush", 0 0, o000002224ecd6fb8;  0 drivers
o000002224ecd6fe8 .functor BUFZ 1, C4<z>; HiZ drive
v000002224ec86a00_0 .net "IF_ID_Write", 0 0, o000002224ecd6fe8;  0 drivers
o000002224ecd7018 .functor BUFZ 32, C4<zzzzzzzzzzzzzzzzzzzzzzzzzzzzzzzz>; HiZ drive
v000002224ec86aa0_0 .net "Instruction_In", 31 0, o000002224ecd7018;  0 drivers
v000002224ec8bd10_0 .var "Instruction_out", 31 0;
o000002224ecd7078 .functor BUFZ 32, C4<zzzzzzzzzzzzzzzzzzzzzzzzzzzzzzzz>; HiZ drive
v000002224ec8bdb0_0 .net "PC_Plus_4_in", 31 0, o000002224ecd7078;  0 drivers
v000002224ec8be50_0 .var "PC_Plus_4_out", 31 0;
o000002224ecd70d8 .functor BUFZ 1, C4<z>; HiZ drive
v000002224ed1bc20_0 .net "clk", 0 0, o000002224ecd70d8;  0 drivers
o000002224ecd7108 .functor BUFZ 1, C4<z>; HiZ drive
v000002224ed1bcc0_0 .net "rst", 0 0, o000002224ecd7108;  0 drivers
E_000002224ecd6ba0/0 .event negedge, v000002224ed1bcc0_0;
E_000002224ecd6ba0/1 .event posedge, v000002224ed1bc20_0;
E_000002224ecd6ba0 .event/or E_000002224ecd6ba0/0, E_000002224ecd6ba0/1;
    .scope S_000002224ec867d0;
T_0 ;
    %wait E_000002224ecd6ba0;
    %load/vec4 v000002224ed1bcc0_0;
    %nor/r;
    %flag_set/vec4 8;
    %jmp/1 T_0.2, 8;
    %load/vec4 v000002224ec86960_0;
    %flag_set/vec4 9;
    %flag_or 8, 9;
T_0.2;
    %jmp/0xz  T_0.0, 8;
    %pushi/vec4 19, 0, 32;
    %assign/vec4 v000002224ec8bd10_0, 0;
    %pushi/vec4 0, 0, 32;
    %assign/vec4 v000002224ec8be50_0, 0;
    %jmp T_0.1;
T_0.0 ;
    %load/vec4 v000002224ec86a00_0;
    %flag_set/vec4 8;
    %jmp/0xz  T_0.3, 8;
    %load/vec4 v000002224ec86aa0_0;
    %assign/vec4 v000002224ec8bd10_0, 0;
    %load/vec4 v000002224ec8bdb0_0;
    %assign/vec4 v000002224ec8be50_0, 0;
T_0.3 ;
T_0.1 ;
    %jmp T_0;
    .thread T_0;
# The file index is used to find the file name in the following table.
:file_names 3;
    "N/A";
    "<interactive>";
    "IF_ID_reg.v";
