#! /c/Source/iverilog-install/bin/vvp
:ivl_version "12.0 (devel)" "(s20150603-1539-g2693dd32b)";
:ivl_delay_selection "TYPICAL";
:vpi_time_precision + 0;
:vpi_module "C:\iverilog\lib\ivl\system.vpi";
:vpi_module "C:\iverilog\lib\ivl\vhdl_sys.vpi";
:vpi_module "C:\iverilog\lib\ivl\vhdl_textio.vpi";
:vpi_module "C:\iverilog\lib\ivl\v2005_math.vpi";
:vpi_module "C:\iverilog\lib\ivl\va_math.vpi";
S_0000021fd5fb6470 .scope module, "imm_gen" "imm_gen" 2 1;
 .timescale 0 0;
    .port_info 0 /INPUT 32 "instruction";
    .port_info 1 /INPUT 3 "imm_sel";
    .port_info 2 /OUTPUT 32 "immediate_out";
P_0000021fd5ff94f0 .param/l "B_Type" 1 2 8, C4<011>;
P_0000021fd5ff9528 .param/l "I_Type" 1 2 6, C4<001>;
P_0000021fd5ff9560 .param/l "J_Type" 1 2 10, C4<101>;
P_0000021fd5ff9598 .param/l "S_Type" 1 2 7, C4<010>;
P_0000021fd5ff95d0 .param/l "U_Type" 1 2 9, C4<100>;
L_0000021fd5ffd1d0 .functor BUFZ 32, v0000021fd6058590_0, C4<00000000000000000000000000000000>, C4<00000000000000000000000000000000>, C4<00000000000000000000000000000000>;
v0000021fd5ffb150_0 .net *"_ivl_1", 0 0, L_0000021fd6059850;  1 drivers
v0000021fd5ffb8d0_0 .net *"_ivl_10", 19 0, L_0000021fd6059e90;  1 drivers
v0000021fd5ffb1f0_0 .net *"_ivl_13", 6 0, L_0000021fd6058db0;  1 drivers
v0000021fd5ffb290_0 .net *"_ivl_15", 4 0, L_0000021fd6058630;  1 drivers
v0000021fd5ffb790_0 .net *"_ivl_19", 0 0, L_0000021fd6058e50;  1 drivers
v0000021fd5ffaf70_0 .net *"_ivl_2", 19 0, L_0000021fd6058950;  1 drivers
v0000021fd5ffb6f0_0 .net *"_ivl_20", 18 0, L_0000021fd60581d0;  1 drivers
v0000021fd5ffb3d0_0 .net *"_ivl_23", 0 0, L_0000021fd6058450;  1 drivers
v0000021fd5ffb830_0 .net *"_ivl_25", 0 0, L_0000021fd60586d0;  1 drivers
v0000021fd5ffb970_0 .net *"_ivl_27", 5 0, L_0000021fd6059ad0;  1 drivers
v0000021fd5ffb470_0 .net *"_ivl_29", 3 0, L_0000021fd6058bd0;  1 drivers
L_0000021fd605a058 .functor BUFT 1, C4<0>, C4<0>, C4<0>, C4<0>;
v0000021fd5ffba10_0 .net/2u *"_ivl_30", 0 0, L_0000021fd605a058;  1 drivers
v0000021fd5ffb510_0 .net *"_ivl_35", 19 0, L_0000021fd60593f0;  1 drivers
L_0000021fd605a0a0 .functor BUFT 1, C4<000000000000>, C4<0>, C4<0>, C4<0>;
v0000021fd5ffbab0_0 .net/2u *"_ivl_36", 11 0, L_0000021fd605a0a0;  1 drivers
v0000021fd5ffbd30_0 .net *"_ivl_41", 0 0, L_0000021fd60598f0;  1 drivers
v0000021fd5ffbb50_0 .net *"_ivl_42", 10 0, L_0000021fd6059210;  1 drivers
v0000021fd5ffb0b0_0 .net *"_ivl_45", 0 0, L_0000021fd6059990;  1 drivers
v0000021fd5ffbbf0_0 .net *"_ivl_47", 7 0, L_0000021fd6059170;  1 drivers
v0000021fd5ffbc90_0 .net *"_ivl_49", 0 0, L_0000021fd6059670;  1 drivers
v0000021fd5ffbdd0_0 .net *"_ivl_5", 11 0, L_0000021fd6058d10;  1 drivers
v0000021fd5ffb010_0 .net *"_ivl_51", 9 0, L_0000021fd6059d50;  1 drivers
L_0000021fd605a0e8 .functor BUFT 1, C4<0>, C4<0>, C4<0>, C4<0>;
v0000021fd5ffb5b0_0 .net/2u *"_ivl_52", 0 0, L_0000021fd605a0e8;  1 drivers
v0000021fd60597b0_0 .net *"_ivl_9", 0 0, L_0000021fd60590d0;  1 drivers
v0000021fd6058a90_0 .net "b_imm", 31 0, L_0000021fd6058770;  1 drivers
v0000021fd60589f0_0 .net "i_imm", 31 0, L_0000021fd6059b70;  1 drivers
o0000021fd600a428 .functor BUFZ 3, C4<zzz>; HiZ drive
v0000021fd6058270_0 .net "imm_sel", 2 0, o0000021fd600a428;  0 drivers
v0000021fd60584f0_0 .net "immediate_out", 31 0, L_0000021fd5ffd1d0;  1 drivers
o0000021fd600a488 .functor BUFZ 32, C4<zzzzzzzzzzzzzzzzzzzzzzzzzzzzzzzz>; HiZ drive
v0000021fd6059710_0 .net "instruction", 31 0, o0000021fd600a488;  0 drivers
v0000021fd6058310_0 .net "j_imm", 31 0, L_0000021fd6059f30;  1 drivers
v0000021fd6058590_0 .var "out_imm", 31 0;
v0000021fd6058b30_0 .net "s_imm", 31 0, L_0000021fd60583b0;  1 drivers
v0000021fd6058130_0 .net "u_imm", 31 0, L_0000021fd6058c70;  1 drivers
E_0000021fd5ff7060/0 .event anyedge, v0000021fd6058270_0, v0000021fd60589f0_0, v0000021fd6058b30_0, v0000021fd6058a90_0;
E_0000021fd5ff7060/1 .event anyedge, v0000021fd6058130_0, v0000021fd6058310_0;
E_0000021fd5ff7060 .event/or E_0000021fd5ff7060/0, E_0000021fd5ff7060/1;
L_0000021fd6059850 .part o0000021fd600a488, 31, 1;
LS_0000021fd6058950_0_0 .concat [ 1 1 1 1], L_0000021fd6059850, L_0000021fd6059850, L_0000021fd6059850, L_0000021fd6059850;
LS_0000021fd6058950_0_4 .concat [ 1 1 1 1], L_0000021fd6059850, L_0000021fd6059850, L_0000021fd6059850, L_0000021fd6059850;
LS_0000021fd6058950_0_8 .concat [ 1 1 1 1], L_0000021fd6059850, L_0000021fd6059850, L_0000021fd6059850, L_0000021fd6059850;
LS_0000021fd6058950_0_12 .concat [ 1 1 1 1], L_0000021fd6059850, L_0000021fd6059850, L_0000021fd6059850, L_0000021fd6059850;
LS_0000021fd6058950_0_16 .concat [ 1 1 1 1], L_0000021fd6059850, L_0000021fd6059850, L_0000021fd6059850, L_0000021fd6059850;
LS_0000021fd6058950_1_0 .concat [ 4 4 4 4], LS_0000021fd6058950_0_0, LS_0000021fd6058950_0_4, LS_0000021fd6058950_0_8, LS_0000021fd6058950_0_12;
LS_0000021fd6058950_1_4 .concat [ 4 0 0 0], LS_0000021fd6058950_0_16;
L_0000021fd6058950 .concat [ 16 4 0 0], LS_0000021fd6058950_1_0, LS_0000021fd6058950_1_4;
L_0000021fd6058d10 .part o0000021fd600a488, 20, 12;
L_0000021fd6059b70 .concat [ 12 20 0 0], L_0000021fd6058d10, L_0000021fd6058950;
L_0000021fd60590d0 .part o0000021fd600a488, 31, 1;
LS_0000021fd6059e90_0_0 .concat [ 1 1 1 1], L_0000021fd60590d0, L_0000021fd60590d0, L_0000021fd60590d0, L_0000021fd60590d0;
LS_0000021fd6059e90_0_4 .concat [ 1 1 1 1], L_0000021fd60590d0, L_0000021fd60590d0, L_0000021fd60590d0, L_0000021fd60590d0;
LS_0000021fd6059e90_0_8 .concat [ 1 1 1 1], L_0000021fd60590d0, L_0000021fd60590d0, L_0000021fd60590d0, L_0000021fd60590d0;
LS_0000021fd6059e90_0_12 .concat [ 1 1 1 1], L_0000021fd60590d0, L_0000021fd60590d0, L_0000021fd60590d0, L_0000021fd60590d0;
LS_0000021fd6059e90_0_16 .concat [ 1 1 1 1], L_0000021fd60590d0, L_0000021fd60590d0, L_0000021fd60590d0, L_0000021fd60590d0;
LS_0000021fd6059e90_1_0 .concat [ 4 4 4 4], LS_0000021fd6059e90_0_0, LS_0000021fd6059e90_0_4, LS_0000021fd6059e90_0_8, LS_0000021fd6059e90_0_12;
LS_0000021fd6059e90_1_4 .concat [ 4 0 0 0], LS_0000021fd6059e90_0_16;
L_0000021fd6059e90 .concat [ 16 4 0 0], LS_0000021fd6059e90_1_0, LS_0000021fd6059e90_1_4;
L_0000021fd6058db0 .part o0000021fd600a488, 25, 7;
L_0000021fd6058630 .part o0000021fd600a488, 7, 5;
L_0000021fd60583b0 .concat [ 5 7 20 0], L_0000021fd6058630, L_0000021fd6058db0, L_0000021fd6059e90;
L_0000021fd6058e50 .part o0000021fd600a488, 31, 1;
LS_0000021fd60581d0_0_0 .concat [ 1 1 1 1], L_0000021fd6058e50, L_0000021fd6058e50, L_0000021fd6058e50, L_0000021fd6058e50;
LS_0000021fd60581d0_0_4 .concat [ 1 1 1 1], L_0000021fd6058e50, L_0000021fd6058e50, L_0000021fd6058e50, L_0000021fd6058e50;
LS_0000021fd60581d0_0_8 .concat [ 1 1 1 1], L_0000021fd6058e50, L_0000021fd6058e50, L_0000021fd6058e50, L_0000021fd6058e50;
LS_0000021fd60581d0_0_12 .concat [ 1 1 1 1], L_0000021fd6058e50, L_0000021fd6058e50, L_0000021fd6058e50, L_0000021fd6058e50;
LS_0000021fd60581d0_0_16 .concat [ 1 1 1 0], L_0000021fd6058e50, L_0000021fd6058e50, L_0000021fd6058e50;
LS_0000021fd60581d0_1_0 .concat [ 4 4 4 4], LS_0000021fd60581d0_0_0, LS_0000021fd60581d0_0_4, LS_0000021fd60581d0_0_8, LS_0000021fd60581d0_0_12;
LS_0000021fd60581d0_1_4 .concat [ 3 0 0 0], LS_0000021fd60581d0_0_16;
L_0000021fd60581d0 .concat [ 16 3 0 0], LS_0000021fd60581d0_1_0, LS_0000021fd60581d0_1_4;
L_0000021fd6058450 .part o0000021fd600a488, 31, 1;
L_0000021fd60586d0 .part o0000021fd600a488, 7, 1;
L_0000021fd6059ad0 .part o0000021fd600a488, 25, 6;
L_0000021fd6058bd0 .part o0000021fd600a488, 8, 4;
LS_0000021fd6058770_0_0 .concat [ 1 4 6 1], L_0000021fd605a058, L_0000021fd6058bd0, L_0000021fd6059ad0, L_0000021fd60586d0;
LS_0000021fd6058770_0_4 .concat [ 1 19 0 0], L_0000021fd6058450, L_0000021fd60581d0;
L_0000021fd6058770 .concat [ 12 20 0 0], LS_0000021fd6058770_0_0, LS_0000021fd6058770_0_4;
L_0000021fd60593f0 .part o0000021fd600a488, 12, 20;
L_0000021fd6058c70 .concat [ 12 20 0 0], L_0000021fd605a0a0, L_0000021fd60593f0;
L_0000021fd60598f0 .part o0000021fd600a488, 31, 1;
LS_0000021fd6059210_0_0 .concat [ 1 1 1 1], L_0000021fd60598f0, L_0000021fd60598f0, L_0000021fd60598f0, L_0000021fd60598f0;
LS_0000021fd6059210_0_4 .concat [ 1 1 1 1], L_0000021fd60598f0, L_0000021fd60598f0, L_0000021fd60598f0, L_0000021fd60598f0;
LS_0000021fd6059210_0_8 .concat [ 1 1 1 0], L_0000021fd60598f0, L_0000021fd60598f0, L_0000021fd60598f0;
L_0000021fd6059210 .concat [ 4 4 3 0], LS_0000021fd6059210_0_0, LS_0000021fd6059210_0_4, LS_0000021fd6059210_0_8;
L_0000021fd6059990 .part o0000021fd600a488, 31, 1;
L_0000021fd6059170 .part o0000021fd600a488, 12, 8;
L_0000021fd6059670 .part o0000021fd600a488, 20, 1;
L_0000021fd6059d50 .part o0000021fd600a488, 21, 10;
LS_0000021fd6059f30_0_0 .concat [ 1 10 1 8], L_0000021fd605a0e8, L_0000021fd6059d50, L_0000021fd6059670, L_0000021fd6059170;
LS_0000021fd6059f30_0_4 .concat [ 1 11 0 0], L_0000021fd6059990, L_0000021fd6059210;
L_0000021fd6059f30 .concat [ 20 12 0 0], LS_0000021fd6059f30_0_0, LS_0000021fd6059f30_0_4;
    .scope S_0000021fd5fb6470;
T_0 ;
    %wait E_0000021fd5ff7060;
    %load/vec4 v0000021fd6058270_0;
    %dup/vec4;
    %pushi/vec4 1, 0, 3;
    %cmp/u;
    %jmp/1 T_0.0, 6;
    %dup/vec4;
    %pushi/vec4 2, 0, 3;
    %cmp/u;
    %jmp/1 T_0.1, 6;
    %dup/vec4;
    %pushi/vec4 3, 0, 3;
    %cmp/u;
    %jmp/1 T_0.2, 6;
    %dup/vec4;
    %pushi/vec4 4, 0, 3;
    %cmp/u;
    %jmp/1 T_0.3, 6;
    %dup/vec4;
    %pushi/vec4 5, 0, 3;
    %cmp/u;
    %jmp/1 T_0.4, 6;
    %pushi/vec4 0, 0, 32;
    %store/vec4 v0000021fd6058590_0, 0, 32;
    %jmp T_0.6;
T_0.0 ;
    %load/vec4 v0000021fd60589f0_0;
    %store/vec4 v0000021fd6058590_0, 0, 32;
    %jmp T_0.6;
T_0.1 ;
    %load/vec4 v0000021fd6058b30_0;
    %store/vec4 v0000021fd6058590_0, 0, 32;
    %jmp T_0.6;
T_0.2 ;
    %load/vec4 v0000021fd6058a90_0;
    %store/vec4 v0000021fd6058590_0, 0, 32;
    %jmp T_0.6;
T_0.3 ;
    %load/vec4 v0000021fd6058130_0;
    %store/vec4 v0000021fd6058590_0, 0, 32;
    %jmp T_0.6;
T_0.4 ;
    %load/vec4 v0000021fd6058310_0;
    %store/vec4 v0000021fd6058590_0, 0, 32;
    %jmp T_0.6;
T_0.6 ;
    %pop/vec4 1;
    %jmp T_0;
    .thread T_0, $push;
# The file index is used to find the file name in the following table.
:file_names 3;
    "N/A";
    "<interactive>";
    "imm_gen.v";
