#! /c/Source/iverilog-install/bin/vvp
:ivl_version "12.0 (devel)" "(s20150603-1539-g2693dd32b)";
:ivl_delay_selection "TYPICAL";
:vpi_time_precision + 0;
:vpi_module "C:\iverilog\lib\ivl\system.vpi";
:vpi_module "C:\iverilog\lib\ivl\vhdl_sys.vpi";
:vpi_module "C:\iverilog\lib\ivl\vhdl_textio.vpi";
:vpi_module "C:\iverilog\lib\ivl\v2005_math.vpi";
:vpi_module "C:\iverilog\lib\ivl\va_math.vpi";
S_000002a0344166d0 .scope module, "Not" "Not" 2 1;
 .timescale 0 0;
    .port_info 0 /INPUT 8 "a";
    .port_info 1 /OUTPUT 8 "c";
o000002a034466538 .functor BUFZ 8, C4<zzzzzzzz>; HiZ drive
L_000002a034416f80 .functor NOT 8, o000002a034466538, C4<00000000>, C4<00000000>, C4<00000000>;
v000002a034416860_0 .net "a", 7 0, o000002a034466538;  0 drivers
v000002a034416900_0 .net "c", 7 0, L_000002a034416f80;  1 drivers
# The file index is used to find the file name in the following table.
:file_names 3;
    "N/A";
    "<interactive>";
    "Not.v";
