#! /c/Source/iverilog-install/bin/vvp
:ivl_version "12.0 (devel)" "(s20150603-1539-g2693dd32b)";
:ivl_delay_selection "TYPICAL";
:vpi_time_precision + 0;
:vpi_module "C:\iverilog\lib\ivl\system.vpi";
:vpi_module "C:\iverilog\lib\ivl\vhdl_sys.vpi";
:vpi_module "C:\iverilog\lib\ivl\vhdl_textio.vpi";
:vpi_module "C:\iverilog\lib\ivl\v2005_math.vpi";
:vpi_module "C:\iverilog\lib\ivl\va_math.vpi";
S_000001cf47d467e0 .scope module, "register_file" "register_file" 2 1;
 .timescale 0 0;
    .port_info 0 /INPUT 1 "clk";
    .port_info 1 /INPUT 1 "rst";
    .port_info 2 /INPUT 1 "we";
    .port_info 3 /INPUT 5 "rd_adr1";
    .port_info 4 /INPUT 5 "rd_adr2";
    .port_info 5 /INPUT 5 "w_adr";
    .port_info 6 /INPUT 32 "w_data";
    .port_info 7 /OUTPUT 32 "rd_data1";
    .port_info 8 /OUTPUT 32 "rd_data2";
L_000001cf48180158 .functor BUFT 1, C4<00000>, C4<0>, C4<0>, C4<0>;
v000001cf47d46970_0 .net/2u *"_ivl_0", 4 0, L_000001cf48180158;  1 drivers
L_000001cf481801e8 .functor BUFT 1, C4<00>, C4<0>, C4<0>, C4<0>;
v000001cf481345c0_0 .net *"_ivl_11", 1 0, L_000001cf481801e8;  1 drivers
L_000001cf48180230 .functor BUFT 1, C4<00000>, C4<0>, C4<0>, C4<0>;
v000001cf47d46a10_0 .net/2u *"_ivl_14", 4 0, L_000001cf48180230;  1 drivers
v000001cf4817fa80_0 .net *"_ivl_16", 0 0, L_000001cf4817f260;  1 drivers
L_000001cf48180278 .functor BUFT 1, C4<00000000000000000000000000000000>, C4<0>, C4<0>, C4<0>;
v000001cf4817f8a0_0 .net/2u *"_ivl_18", 31 0, L_000001cf48180278;  1 drivers
v000001cf4817fda0_0 .net *"_ivl_2", 0 0, L_000001cf4817f6c0;  1 drivers
v000001cf4817fb20_0 .net *"_ivl_20", 31 0, L_000001cf481d90c0;  1 drivers
v000001cf4817f800_0 .net *"_ivl_22", 6 0, L_000001cf481d9de0;  1 drivers
L_000001cf481802c0 .functor BUFT 1, C4<00>, C4<0>, C4<0>, C4<0>;
v000001cf4817fe40_0 .net *"_ivl_25", 1 0, L_000001cf481802c0;  1 drivers
L_000001cf481801a0 .functor BUFT 1, C4<00000000000000000000000000000000>, C4<0>, C4<0>, C4<0>;
v000001cf4817f940_0 .net/2u *"_ivl_4", 31 0, L_000001cf481801a0;  1 drivers
v000001cf4817f580_0 .net *"_ivl_6", 31 0, L_000001cf4817f3a0;  1 drivers
v000001cf4817f9e0_0 .net *"_ivl_8", 6 0, L_000001cf4817f760;  1 drivers
o000001cf481381d8 .functor BUFZ 1, C4<z>; HiZ drive
v000001cf4817f120_0 .net "clk", 0 0, o000001cf481381d8;  0 drivers
v000001cf4817fbc0_0 .var/i "i", 31 0;
o000001cf48138238 .functor BUFZ 5, C4<zzzzz>; HiZ drive
v000001cf4817f620_0 .net "rd_adr1", 4 0, o000001cf48138238;  0 drivers
o000001cf48138268 .functor BUFZ 5, C4<zzzzz>; HiZ drive
v000001cf4817f080_0 .net "rd_adr2", 4 0, o000001cf48138268;  0 drivers
v000001cf4817f4e0_0 .net "rd_data1", 31 0, L_000001cf4817fee0;  1 drivers
v000001cf4817fc60_0 .net "rd_data2", 31 0, L_000001cf481d84e0;  1 drivers
v000001cf4817f300 .array "reg_array", 31 0, 31 0;
o000001cf481382f8 .functor BUFZ 1, C4<z>; HiZ drive
v000001cf4817fd00_0 .net "rst", 0 0, o000001cf481382f8;  0 drivers
o000001cf48138328 .functor BUFZ 5, C4<zzzzz>; HiZ drive
v000001cf4817f1c0_0 .net "w_adr", 4 0, o000001cf48138328;  0 drivers
o000001cf48138358 .functor BUFZ 32, C4<zzzzzzzzzzzzzzzzzzzzzzzzzzzzzzzz>; HiZ drive
v000001cf4817f440_0 .net "w_data", 31 0, o000001cf48138358;  0 drivers
o000001cf48138388 .functor BUFZ 1, C4<z>; HiZ drive
v000001cf4817ff80_0 .net "we", 0 0, o000001cf48138388;  0 drivers
E_000001cf47d49ee0/0 .event negedge, v000001cf4817fd00_0;
E_000001cf47d49ee0/1 .event posedge, v000001cf4817f120_0;
E_000001cf47d49ee0 .event/or E_000001cf47d49ee0/0, E_000001cf47d49ee0/1;
L_000001cf4817f6c0 .cmp/eq 5, o000001cf48138238, L_000001cf48180158;
L_000001cf4817f3a0 .array/port v000001cf4817f300, L_000001cf4817f760;
L_000001cf4817f760 .concat [ 5 2 0 0], o000001cf48138238, L_000001cf481801e8;
L_000001cf4817fee0 .functor MUXZ 32, L_000001cf4817f3a0, L_000001cf481801a0, L_000001cf4817f6c0, C4<>;
L_000001cf4817f260 .cmp/eq 5, o000001cf48138268, L_000001cf48180230;
L_000001cf481d90c0 .array/port v000001cf4817f300, L_000001cf481d9de0;
L_000001cf481d9de0 .concat [ 5 2 0 0], o000001cf48138268, L_000001cf481802c0;
L_000001cf481d84e0 .functor MUXZ 32, L_000001cf481d90c0, L_000001cf48180278, L_000001cf4817f260, C4<>;
    .scope S_000001cf47d467e0;
T_0 ;
    %wait E_000001cf47d49ee0;
    %load/vec4 v000001cf4817fd00_0;
    %nor/r;
    %flag_set/vec4 8;
    %jmp/0xz  T_0.0, 8;
    %pushi/vec4 0, 0, 32;
    %store/vec4 v000001cf4817fbc0_0, 0, 32;
T_0.2 ;
    %load/vec4 v000001cf4817fbc0_0;
    %cmpi/s 32, 0, 32;
    %jmp/0xz T_0.3, 5;
    %pushi/vec4 0, 0, 32;
    %ix/getv/s 3, v000001cf4817fbc0_0;
    %ix/load 4, 0, 0; Constant delay
    %assign/vec4/a/d v000001cf4817f300, 0, 4;
    ; show_stmt_assign_vector: Get l-value for compressed += operand
    %load/vec4 v000001cf4817fbc0_0;
    %pushi/vec4 1, 0, 32;
    %add;
    %store/vec4 v000001cf4817fbc0_0, 0, 32;
    %jmp T_0.2;
T_0.3 ;
    %jmp T_0.1;
T_0.0 ;
    %load/vec4 v000001cf4817ff80_0;
    %flag_set/vec4 9;
    %flag_get/vec4 9;
    %jmp/0 T_0.6, 9;
    %load/vec4 v000001cf4817f1c0_0;
    %pushi/vec4 0, 0, 5;
    %cmp/ne;
    %flag_get/vec4 4;
    %and;
T_0.6;
    %flag_set/vec4 8;
    %jmp/0xz  T_0.4, 8;
    %load/vec4 v000001cf4817f440_0;
    %load/vec4 v000001cf4817f1c0_0;
    %pad/u 7;
    %ix/vec4 3;
    %ix/load 4, 0, 0; Constant delay
    %assign/vec4/a/d v000001cf4817f300, 0, 4;
T_0.4 ;
T_0.1 ;
    %jmp T_0;
    .thread T_0;
# The file index is used to find the file name in the following table.
:file_names 3;
    "N/A";
    "<interactive>";
    "reg32x32.v";
