#! /c/Source/iverilog-install/bin/vvp
:ivl_version "12.0 (devel)" "(s20150603-1539-g2693dd32b)";
:ivl_delay_selection "TYPICAL";
:vpi_time_precision - 12;
:vpi_module "C:\iverilog\lib\ivl\system.vpi";
:vpi_module "C:\iverilog\lib\ivl\vhdl_sys.vpi";
:vpi_module "C:\iverilog\lib\ivl\vhdl_textio.vpi";
:vpi_module "C:\iverilog\lib\ivl\v2005_math.vpi";
:vpi_module "C:\iverilog\lib\ivl\va_math.vpi";
S_000001b492d8b180 .scope module, "reg_tb" "reg_tb" 2 2;
 .timescale -9 -12;
v000001b492df2480_0 .var "R_Ad1", 4 0;
v000001b492df2520_0 .var "R_Ad2", 4 0;
v000001b492df2660_0 .net "R_Data1", 31 0, L_000001b492df4750;  1 drivers
v000001b492df20c0_0 .net "R_Data2", 31 0, L_000001b492df47f0;  1 drivers
v000001b492df38f0_0 .var "W_Ad", 4 0;
v000001b492df4570_0 .var "W_Data", 31 0;
v000001b492df3990_0 .var "clk", 0 0;
v000001b492df49d0_0 .var "rst", 0 0;
v000001b492df3350_0 .var "we", 0 0;
S_000001b492d8be70 .scope module, "dut" "register_file" 2 14, 2 87 0, S_000001b492d8b180;
 .timescale -9 -12;
    .port_info 0 /INPUT 1 "clk";
    .port_info 1 /INPUT 1 "rst";
    .port_info 2 /INPUT 1 "we";
    .port_info 3 /INPUT 5 "rd_adr1";
    .port_info 4 /INPUT 5 "rd_adr2";
    .port_info 5 /INPUT 5 "w_adr";
    .port_info 6 /INPUT 32 "w_data";
    .port_info 7 /OUTPUT 32 "rd_data1";
    .port_info 8 /OUTPUT 32 "rd_data2";
L_000001b492df5098 .functor BUFT 1, C4<00000>, C4<0>, C4<0>, C4<0>;
v000001b492d8ec60_0 .net/2u *"_ivl_0", 4 0, L_000001b492df5098;  1 drivers
L_000001b492df5128 .functor BUFT 1, C4<00>, C4<0>, C4<0>, C4<0>;
v000001b492d8b310_0 .net *"_ivl_11", 1 0, L_000001b492df5128;  1 drivers
L_000001b492df5170 .functor BUFT 1, C4<00000>, C4<0>, C4<0>, C4<0>;
v000001b492df22a0_0 .net/2u *"_ivl_14", 4 0, L_000001b492df5170;  1 drivers
v000001b492df2840_0 .net *"_ivl_16", 0 0, L_000001b492df4110;  1 drivers
L_000001b492df51b8 .functor BUFT 1, C4<00000000000000000000000000000000>, C4<0>, C4<0>, C4<0>;
v000001b492df2b60_0 .net/2u *"_ivl_18", 31 0, L_000001b492df51b8;  1 drivers
v000001b492df2fc0_0 .net *"_ivl_2", 0 0, L_000001b492df3530;  1 drivers
v000001b492df2a20_0 .net *"_ivl_20", 31 0, L_000001b492df46b0;  1 drivers
v000001b492df2160_0 .net *"_ivl_22", 6 0, L_000001b492df4f70;  1 drivers
L_000001b492df5200 .functor BUFT 1, C4<00>, C4<0>, C4<0>, C4<0>;
v000001b492df2340_0 .net *"_ivl_25", 1 0, L_000001b492df5200;  1 drivers
L_000001b492df50e0 .functor BUFT 1, C4<00000000000000000000000000000000>, C4<0>, C4<0>, C4<0>;
v000001b492df2700_0 .net/2u *"_ivl_4", 31 0, L_000001b492df50e0;  1 drivers
v000001b492df2f20_0 .net *"_ivl_6", 31 0, L_000001b492df4a70;  1 drivers
v000001b492df2980_0 .net *"_ivl_8", 6 0, L_000001b492df4610;  1 drivers
v000001b492df2d40_0 .net "clk", 0 0, v000001b492df3990_0;  1 drivers
v000001b492df2ac0_0 .var/i "i", 31 0;
v000001b492df2200_0 .net "rd_adr1", 4 0, v000001b492df2480_0;  1 drivers
v000001b492df27a0_0 .net "rd_adr2", 4 0, v000001b492df2520_0;  1 drivers
v000001b492df2c00_0 .net "rd_data1", 31 0, L_000001b492df4750;  alias, 1 drivers
v000001b492df2ca0_0 .net "rd_data2", 31 0, L_000001b492df47f0;  alias, 1 drivers
v000001b492df28e0 .array "reg_array", 31 0, 31 0;
v000001b492df2de0_0 .net "rst", 0 0, v000001b492df49d0_0;  1 drivers
v000001b492df25c0_0 .net "w_adr", 4 0, v000001b492df38f0_0;  1 drivers
v000001b492df2e80_0 .net "w_data", 31 0, v000001b492df4570_0;  1 drivers
v000001b492df23e0_0 .net "we", 0 0, v000001b492df3350_0;  1 drivers
E_000001b492d8a730/0 .event negedge, v000001b492df2de0_0;
E_000001b492d8a730/1 .event posedge, v000001b492df2d40_0;
E_000001b492d8a730 .event/or E_000001b492d8a730/0, E_000001b492d8a730/1;
L_000001b492df3530 .cmp/eq 5, v000001b492df2480_0, L_000001b492df5098;
L_000001b492df4a70 .array/port v000001b492df28e0, L_000001b492df4610;
L_000001b492df4610 .concat [ 5 2 0 0], v000001b492df2480_0, L_000001b492df5128;
L_000001b492df4750 .functor MUXZ 32, L_000001b492df4a70, L_000001b492df50e0, L_000001b492df3530, C4<>;
L_000001b492df4110 .cmp/eq 5, v000001b492df2520_0, L_000001b492df5170;
L_000001b492df46b0 .array/port v000001b492df28e0, L_000001b492df4f70;
L_000001b492df4f70 .concat [ 5 2 0 0], v000001b492df2520_0, L_000001b492df5200;
L_000001b492df47f0 .functor MUXZ 32, L_000001b492df46b0, L_000001b492df51b8, L_000001b492df4110, C4<>;
    .scope S_000001b492d8be70;
T_0 ;
    %wait E_000001b492d8a730;
    %load/vec4 v000001b492df2de0_0;
    %nor/r;
    %flag_set/vec4 8;
    %jmp/0xz  T_0.0, 8;
    %pushi/vec4 0, 0, 32;
    %store/vec4 v000001b492df2ac0_0, 0, 32;
T_0.2 ;
    %load/vec4 v000001b492df2ac0_0;
    %cmpi/s 32, 0, 32;
    %jmp/0xz T_0.3, 5;
    %pushi/vec4 0, 0, 32;
    %ix/getv/s 3, v000001b492df2ac0_0;
    %ix/load 4, 0, 0; Constant delay
    %assign/vec4/a/d v000001b492df28e0, 0, 4;
    %load/vec4 v000001b492df2ac0_0;
    %addi 1, 0, 32;
    %store/vec4 v000001b492df2ac0_0, 0, 32;
    %jmp T_0.2;
T_0.3 ;
    %jmp T_0.1;
T_0.0 ;
    %load/vec4 v000001b492df23e0_0;
    %flag_set/vec4 9;
    %flag_get/vec4 9;
    %jmp/0 T_0.6, 9;
    %load/vec4 v000001b492df25c0_0;
    %pushi/vec4 0, 0, 5;
    %cmp/ne;
    %flag_get/vec4 4;
    %and;
T_0.6;
    %flag_set/vec4 8;
    %jmp/0xz  T_0.4, 8;
    %load/vec4 v000001b492df2e80_0;
    %load/vec4 v000001b492df25c0_0;
    %pad/u 7;
    %ix/vec4 3;
    %ix/load 4, 0, 0; Constant delay
    %assign/vec4/a/d v000001b492df28e0, 0, 4;
T_0.4 ;
T_0.1 ;
    %jmp T_0;
    .thread T_0;
    .scope S_000001b492d8b180;
T_1 ;
    %delay 5000, 0;
    %load/vec4 v000001b492df3990_0;
    %inv;
    %store/vec4 v000001b492df3990_0, 0, 1;
    %jmp T_1;
    .thread T_1;
    .scope S_000001b492d8b180;
T_2 ;
    %vpi_call 2 28 "$dumpfile", "regfile_tb.vcd" {0 0 0};
    %vpi_call 2 29 "$dumpvars", 32'sb00000000000000000000000000000000, S_000001b492d8b180 {0 0 0};
    %pushi/vec4 0, 0, 1;
    %store/vec4 v000001b492df3990_0, 0, 1;
    %pushi/vec4 0, 0, 1;
    %store/vec4 v000001b492df49d0_0, 0, 1;
    %pushi/vec4 0, 0, 1;
    %store/vec4 v000001b492df3350_0, 0, 1;
    %pushi/vec4 0, 0, 5;
    %store/vec4 v000001b492df2480_0, 0, 5;
    %pushi/vec4 0, 0, 5;
    %store/vec4 v000001b492df2520_0, 0, 5;
    %pushi/vec4 0, 0, 5;
    %store/vec4 v000001b492df38f0_0, 0, 5;
    %pushi/vec4 0, 0, 32;
    %store/vec4 v000001b492df4570_0, 0, 32;
    %vpi_call 2 39 "$display", "Starting Simulation" {0 0 0};
    %delay 10000, 0;
    %pushi/vec4 1, 0, 1;
    %store/vec4 v000001b492df49d0_0, 0, 1;
    %delay 10000, 0;
    %pushi/vec4 1, 0, 5;
    %store/vec4 v000001b492df38f0_0, 0, 5;
    %pushi/vec4 2883514386, 0, 32;
    %store/vec4 v000001b492df4570_0, 0, 32;
    %pushi/vec4 1, 0, 1;
    %store/vec4 v000001b492df3350_0, 0, 1;
    %delay 10000, 0;
    %pushi/vec4 0, 0, 1;
    %store/vec4 v000001b492df3350_0, 0, 1;
    %pushi/vec4 1, 0, 5;
    %store/vec4 v000001b492df2480_0, 0, 5;
    %delay 1000, 0;
    %load/vec4 v000001b492df2660_0;
    %cmpi/e 2883514386, 0, 32;
    %jmp/0xz  T_2.0, 4;
    %vpi_call 2 50 "$display", "Reg 1 Write/Read succesful. Data:%h", v000001b492df2660_0 {0 0 0};
    %jmp T_2.1;
T_2.0 ;
    %vpi_call 2 52 "$display", "Reg 1 Write/Read Failed.Got Data:%h", v000001b492df2660_0 {0 0 0};
T_2.1 ;
    %delay 10000, 0;
    %pushi/vec4 2, 0, 5;
    %store/vec4 v000001b492df38f0_0, 0, 5;
    %pushi/vec4 19114957, 0, 32;
    %store/vec4 v000001b492df4570_0, 0, 32;
    %pushi/vec4 1, 0, 1;
    %store/vec4 v000001b492df3350_0, 0, 1;
    %delay 10000, 0;
    %pushi/vec4 0, 0, 1;
    %store/vec4 v000001b492df3350_0, 0, 1;
    %pushi/vec4 1, 0, 5;
    %store/vec4 v000001b492df2480_0, 0, 5;
    %pushi/vec4 2, 0, 5;
    %store/vec4 v000001b492df2520_0, 0, 5;
    %delay 1000, 0;
    %load/vec4 v000001b492df2660_0;
    %cmpi/e 2883514386, 0, 32;
    %flag_get/vec4 4;
    %jmp/0 T_2.4, 4;
    %load/vec4 v000001b492df20c0_0;
    %pushi/vec4 19114957, 0, 32;
    %cmp/e;
    %flag_get/vec4 4;
    %and;
T_2.4;
    %flag_set/vec4 8;
    %jmp/0xz  T_2.2, 8;
    %vpi_call 2 64 "$display", "Dual port Write/Read succesful. Data1:%h, Data2:%h", v000001b492df2660_0, v000001b492df20c0_0 {0 0 0};
    %jmp T_2.3;
T_2.2 ;
    %vpi_call 2 66 "$display", "Dual port Write/Read Failed." {0 0 0};
T_2.3 ;
    %delay 10000, 0;
    %pushi/vec4 0, 0, 5;
    %store/vec4 v000001b492df38f0_0, 0, 5;
    %pushi/vec4 4294967295, 0, 32;
    %store/vec4 v000001b492df4570_0, 0, 32;
    %pushi/vec4 1, 0, 1;
    %store/vec4 v000001b492df3350_0, 0, 1;
    %delay 10000, 0;
    %pushi/vec4 0, 0, 1;
    %store/vec4 v000001b492df3350_0, 0, 1;
    %pushi/vec4 0, 0, 5;
    %store/vec4 v000001b492df2480_0, 0, 5;
    %delay 1000, 0;
    %load/vec4 v000001b492df2660_0;
    %cmpi/e 0, 0, 32;
    %jmp/0xz  T_2.5, 4;
    %vpi_call 2 77 "$display", "Reg 0 is hardwired to 0.Write ignored" {0 0 0};
    %jmp T_2.6;
T_2.5 ;
    %vpi_call 2 79 "$display", "Reg 0 was overwritten. Data: %h", v000001b492df2660_0 {0 0 0};
T_2.6 ;
    %vpi_call 2 80 "$display", "Simulation Finished" {0 0 0};
    %vpi_call 2 81 "$finish" {0 0 0};
    %end;
    .thread T_2;
# The file index is used to find the file name in the following table.
:file_names 3;
    "N/A";
    "<interactive>";
    "reg_tb.v";
