#! /c/Source/iverilog-install/bin/vvp
:ivl_version "12.0 (devel)" "(s20150603-1539-g2693dd32b)";
:ivl_delay_selection "TYPICAL";
:vpi_time_precision - 12;
:vpi_module "C:\iverilog\lib\ivl\system.vpi";
:vpi_module "C:\iverilog\lib\ivl\vhdl_sys.vpi";
:vpi_module "C:\iverilog\lib\ivl\vhdl_textio.vpi";
:vpi_module "C:\iverilog\lib\ivl\v2005_math.vpi";
:vpi_module "C:\iverilog\lib\ivl\va_math.vpi";
S_000002a7402fd540 .scope module, "EX_MEM_reg" "EX_MEM_reg" 2 464;
 .timescale -9 -12;
    .port_info 0 /INPUT 1 "clk";
    .port_info 1 /INPUT 1 "rst";
    .port_info 2 /INPUT 1 "EX_MEM_Write";
    .port_info 3 /INPUT 32 "alu_result_in";
    .port_info 4 /INPUT 32 "Read_Data_2_in";
    .port_info 5 /INPUT 32 "PC_Plus_4_in";
    .port_info 6 /INPUT 5 "reg_dest_addr_in";
    .port_info 7 /INPUT 1 "RegWrite_in";
    .port_info 8 /INPUT 1 "MemRead_in";
    .port_info 9 /INPUT 1 "MemWrite_in";
    .port_info 10 /INPUT 1 "MemToReg_in";
    .port_info 11 /OUTPUT 32 "alu_result_out";
    .port_info 12 /OUTPUT 32 "Read_Data_2_out";
    .port_info 13 /OUTPUT 32 "PC_Plus_4_out";
    .port_info 14 /OUTPUT 5 "reg_dest_addr_out";
    .port_info 15 /OUTPUT 1 "RegWrite_out";
    .port_info 16 /OUTPUT 1 "MemWrite_out";
    .port_info 17 /OUTPUT 1 "MemToReg_out";
o000002a740390088 .functor BUFZ 1, C4<z>; HiZ drive
v000002a740345280_0 .net "EX_MEM_Write", 0 0, o000002a740390088;  0 drivers
o000002a7403900b8 .functor BUFZ 1, C4<z>; HiZ drive
v000002a740346680_0 .net "MemRead_in", 0 0, o000002a7403900b8;  0 drivers
o000002a7403900e8 .functor BUFZ 1, C4<z>; HiZ drive
v000002a740346720_0 .net "MemToReg_in", 0 0, o000002a7403900e8;  0 drivers
v000002a7403467c0_0 .var "MemToReg_out", 0 0;
o000002a740390148 .functor BUFZ 1, C4<z>; HiZ drive
v000002a740346040_0 .net "MemWrite_in", 0 0, o000002a740390148;  0 drivers
v000002a740345a00_0 .var "MemWrite_out", 0 0;
o000002a7403901a8 .functor BUFZ 32, C4<zzzzzzzzzzzzzzzzzzzzzzzzzzzzzzzz>; HiZ drive
v000002a74037c0d0_0 .net "PC_Plus_4_in", 31 0, o000002a7403901a8;  0 drivers
v000002a74037ce90_0 .var "PC_Plus_4_out", 31 0;
o000002a740390208 .functor BUFZ 32, C4<zzzzzzzzzzzzzzzzzzzzzzzzzzzzzzzz>; HiZ drive
v000002a74037cf30_0 .net "Read_Data_2_in", 31 0, o000002a740390208;  0 drivers
v000002a74037be50_0 .var "Read_Data_2_out", 31 0;
o000002a740390268 .functor BUFZ 1, C4<z>; HiZ drive
v000002a74037bef0_0 .net "RegWrite_in", 0 0, o000002a740390268;  0 drivers
v000002a74037c990_0 .var "RegWrite_out", 0 0;
o000002a7403902c8 .functor BUFZ 32, C4<zzzzzzzzzzzzzzzzzzzzzzzzzzzzzzzz>; HiZ drive
v000002a74037d390_0 .net "alu_result_in", 31 0, o000002a7403902c8;  0 drivers
v000002a74037bf90_0 .var "alu_result_out", 31 0;
o000002a740390328 .functor BUFZ 1, C4<z>; HiZ drive
v000002a74037b630_0 .net "clk", 0 0, o000002a740390328;  0 drivers
o000002a740390358 .functor BUFZ 5, C4<zzzzz>; HiZ drive
v000002a74037cc10_0 .net "reg_dest_addr_in", 4 0, o000002a740390358;  0 drivers
v000002a74037c2b0_0 .var "reg_dest_addr_out", 4 0;
o000002a7403903b8 .functor BUFZ 1, C4<z>; HiZ drive
v000002a74037b6d0_0 .net "rst", 0 0, o000002a7403903b8;  0 drivers
E_000002a7403541f0/0 .event negedge, v000002a74037b6d0_0;
E_000002a7403541f0/1 .event posedge, v000002a74037b630_0;
E_000002a7403541f0 .event/or E_000002a7403541f0/0, E_000002a7403541f0/1;
S_000002a7402fd6d0 .scope module, "ID_EX_reg" "ID_EX_reg" 2 405;
 .timescale -9 -12;
    .port_info 0 /INPUT 1 "clk";
    .port_info 1 /INPUT 1 "rst";
    .port_info 2 /INPUT 32 "PC_Plus_4_in";
    .port_info 3 /INPUT 32 "Read_Data_1_in";
    .port_info 4 /INPUT 32 "Read_Data_2_in";
    .port_info 5 /INPUT 32 "Immediate_in";
    .port_info 6 /INPUT 5 "reg_dest_addr_in";
    .port_info 7 /INPUT 5 "rs2_addr_in";
    .port_info 8 /INPUT 1 "RegWrite_in";
    .port_info 9 /INPUT 1 "MemRead_in";
    .port_info 10 /INPUT 1 "MemWrite_in";
    .port_info 11 /INPUT 1 "MemToReg_in";
    .port_info 12 /INPUT 1 "ALUSrc_in";
    .port_info 13 /INPUT 1 "Branch_in";
    .port_info 14 /INPUT 1 "Jump_in";
    .port_info 15 /INPUT 3 "ALUOp_in";
    .port_info 16 /OUTPUT 32 "PC_Plus_4_out";
    .port_info 17 /OUTPUT 32 "Read_Data_1_out";
    .port_info 18 /OUTPUT 32 "Read_Data_2_out";
    .port_info 19 /OUTPUT 32 "Immediate_out";
    .port_info 20 /OUTPUT 5 "reg_dest_addr_out";
    .port_info 21 /OUTPUT 5 "rs2_addr_out";
    .port_info 22 /OUTPUT 1 "RegWrite_out";
    .port_info 23 /OUTPUT 1 "MemRead_out";
    .port_info 24 /OUTPUT 1 "MemWrite_out";
    .port_info 25 /OUTPUT 1 "MemToReg_out";
    .port_info 26 /OUTPUT 1 "ALUSrc_out";
    .port_info 27 /OUTPUT 1 "Branch_out";
    .port_info 28 /OUTPUT 1 "Jump_out";
    .port_info 29 /OUTPUT 3 "ALUOp_out";
o000002a740390748 .functor BUFZ 3, C4<zzz>; HiZ drive
v000002a74037d4d0_0 .net "ALUOp_in", 2 0, o000002a740390748;  0 drivers
v000002a74037c030_0 .var "ALUOp_out", 2 0;
o000002a7403907a8 .functor BUFZ 1, C4<z>; HiZ drive
v000002a74037c710_0 .net "ALUSrc_in", 0 0, o000002a7403907a8;  0 drivers
v000002a74037ca30_0 .var "ALUSrc_out", 0 0;
o000002a740390808 .functor BUFZ 1, C4<z>; HiZ drive
v000002a74037cfd0_0 .net "Branch_in", 0 0, o000002a740390808;  0 drivers
v000002a74037b9f0_0 .var "Branch_out", 0 0;
o000002a740390868 .functor BUFZ 32, C4<zzzzzzzzzzzzzzzzzzzzzzzzzzzzzzzz>; HiZ drive
v000002a74037b770_0 .net "Immediate_in", 31 0, o000002a740390868;  0 drivers
v000002a74037ccb0_0 .var "Immediate_out", 31 0;
o000002a7403908c8 .functor BUFZ 1, C4<z>; HiZ drive
v000002a74037d250_0 .net "Jump_in", 0 0, o000002a7403908c8;  0 drivers
v000002a74037d110_0 .var "Jump_out", 0 0;
o000002a740390928 .functor BUFZ 1, C4<z>; HiZ drive
v000002a74037c850_0 .net "MemRead_in", 0 0, o000002a740390928;  0 drivers
v000002a74037ba90_0 .var "MemRead_out", 0 0;
o000002a740390988 .functor BUFZ 1, C4<z>; HiZ drive
v000002a74037d430_0 .net "MemToReg_in", 0 0, o000002a740390988;  0 drivers
v000002a74037b810_0 .var "MemToReg_out", 0 0;
o000002a7403909e8 .functor BUFZ 1, C4<z>; HiZ drive
v000002a74037c170_0 .net "MemWrite_in", 0 0, o000002a7403909e8;  0 drivers
v000002a74037d070_0 .var "MemWrite_out", 0 0;
o000002a740390a48 .functor BUFZ 32, C4<zzzzzzzzzzzzzzzzzzzzzzzzzzzzzzzz>; HiZ drive
v000002a74037c210_0 .net "PC_Plus_4_in", 31 0, o000002a740390a48;  0 drivers
v000002a74037cb70_0 .var "PC_Plus_4_out", 31 0;
o000002a740390aa8 .functor BUFZ 32, C4<zzzzzzzzzzzzzzzzzzzzzzzzzzzzzzzz>; HiZ drive
v000002a74037c350_0 .net "Read_Data_1_in", 31 0, o000002a740390aa8;  0 drivers
v000002a74037d2f0_0 .var "Read_Data_1_out", 31 0;
o000002a740390b08 .functor BUFZ 32, C4<zzzzzzzzzzzzzzzzzzzzzzzzzzzzzzzz>; HiZ drive
v000002a74037bb30_0 .net "Read_Data_2_in", 31 0, o000002a740390b08;  0 drivers
v000002a74037cd50_0 .var "Read_Data_2_out", 31 0;
o000002a740390b68 .functor BUFZ 1, C4<z>; HiZ drive
v000002a74037c530_0 .net "RegWrite_in", 0 0, o000002a740390b68;  0 drivers
v000002a74037b8b0_0 .var "RegWrite_out", 0 0;
o000002a740390bc8 .functor BUFZ 1, C4<z>; HiZ drive
v000002a74037bd10_0 .net "clk", 0 0, o000002a740390bc8;  0 drivers
o000002a740390bf8 .functor BUFZ 5, C4<zzzzz>; HiZ drive
v000002a74037cdf0_0 .net "reg_dest_addr_in", 4 0, o000002a740390bf8;  0 drivers
v000002a74037bbd0_0 .var "reg_dest_addr_out", 4 0;
o000002a740390c58 .functor BUFZ 5, C4<zzzzz>; HiZ drive
v000002a74037b950_0 .net "rs2_addr_in", 4 0, o000002a740390c58;  0 drivers
v000002a74037bc70_0 .var "rs2_addr_out", 4 0;
o000002a740390cb8 .functor BUFZ 1, C4<z>; HiZ drive
v000002a74037c3f0_0 .net "rst", 0 0, o000002a740390cb8;  0 drivers
E_000002a7403547b0/0 .event negedge, v000002a74037c3f0_0;
E_000002a7403547b0/1 .event posedge, v000002a74037bd10_0;
E_000002a7403547b0 .event/or E_000002a7403547b0/0, E_000002a7403547b0/1;
S_000002a7402df670 .scope module, "IF_ID_reg" "IF_ID_reg" 2 384;
 .timescale -9 -12;
    .port_info 0 /INPUT 1 "clk";
    .port_info 1 /INPUT 1 "rst";
    .port_info 2 /INPUT 1 "IF_ID_Write";
    .port_info 3 /INPUT 1 "IF_ID_Flush";
    .port_info 4 /INPUT 32 "Instruction_In";
    .port_info 5 /INPUT 32 "PC_Plus_4_in";
    .port_info 6 /OUTPUT 32 "Instruction_out";
    .port_info 7 /OUTPUT 32 "PC_Plus_4_out";
o000002a740391288 .functor BUFZ 1, C4<z>; HiZ drive
v000002a74037cad0_0 .net "IF_ID_Flush", 0 0, o000002a740391288;  0 drivers
o000002a7403912b8 .functor BUFZ 1, C4<z>; HiZ drive
v000002a74037bdb0_0 .net "IF_ID_Write", 0 0, o000002a7403912b8;  0 drivers
o000002a7403912e8 .functor BUFZ 32, C4<zzzzzzzzzzzzzzzzzzzzzzzzzzzzzzzz>; HiZ drive
v000002a74037c490_0 .net "Instruction_In", 31 0, o000002a7403912e8;  0 drivers
v000002a74037c5d0_0 .var "Instruction_out", 31 0;
o000002a740391348 .functor BUFZ 32, C4<zzzzzzzzzzzzzzzzzzzzzzzzzzzzzzzz>; HiZ drive
v000002a74037c670_0 .net "PC_Plus_4_in", 31 0, o000002a740391348;  0 drivers
v000002a74037c7b0_0 .var "PC_Plus_4_out", 31 0;
o000002a7403913a8 .functor BUFZ 1, C4<z>; HiZ drive
v000002a74037c8f0_0 .net "clk", 0 0, o000002a7403913a8;  0 drivers
o000002a7403913d8 .functor BUFZ 1, C4<z>; HiZ drive
v000002a740346900_0 .net "rst", 0 0, o000002a7403913d8;  0 drivers
E_000002a7403543f0/0 .event negedge, v000002a740346900_0;
E_000002a7403543f0/1 .event posedge, v000002a74037c8f0_0;
E_000002a7403543f0 .event/or E_000002a7403543f0/0, E_000002a7403543f0/1;
S_000002a7402c5e80 .scope module, "RISCV_tb" "RISCV_tb" 2 3;
 .timescale -9 -12;
v000002a7403d5fe0_0 .var "clk", 0 0;
v000002a7403d5900_0 .var "rst", 0 0;
S_000002a7402ec830 .scope module, "uut" "cpu_core" 2 8, 2 26 0, S_000002a7402c5e80;
 .timescale -9 -12;
    .port_info 0 /INPUT 1 "clk";
    .port_info 1 /INPUT 1 "rst";
P_000002a7402e40b0 .param/l "PC_BRANCH" 1 2 38, C4<01>;
P_000002a7402e40e8 .param/l "PC_JUMP" 1 2 39, C4<10>;
P_000002a7402e4120 .param/l "PC_PLUS_4" 1 2 37, C4<00>;
L_000002a7403578c0 .functor BUFZ 1, v000002a7403cea70_0, C4<0>, C4<0>, C4<0>;
L_000002a7403580a0 .functor BUFZ 32, L_000002a74042f430, C4<00000000000000000000000000000000>, C4<00000000000000000000000000000000>, C4<00000000000000000000000000000000>;
v000002a7403d5c20_0 .net "ALUOp_ctrl", 2 0, v000002a7403cf5b0_0;  1 drivers
v000002a7403d5540_0 .net "ALUSrc_ctrl", 0 0, v000002a7403cef70_0;  1 drivers
v000002a7403d4fa0_0 .net "Branch_ctrl", 0 0, v000002a7403cfab0_0;  1 drivers
o000002a740393778 .functor BUFZ 1, C4<z>; HiZ drive
v000002a7403d5cc0_0 .net "Jump_ctrl", 0 0, o000002a740393778;  0 drivers
v000002a7403d41e0_0 .net "MemRead_ctrl", 0 0, v000002a7403cfe70_0;  1 drivers
v000002a7403d4aa0_0 .net "MemToReg_ctrl", 0 0, v000002a7403ce390_0;  1 drivers
v000002a7403d4960_0 .net "MemWrite_ctrl", 0 0, v000002a7403cf970_0;  1 drivers
v000002a7403d4820_0 .var "Next_PC_Mux_out", 31 0;
v000002a7403d48c0_0 .var "PCSource_ctrl", 0 0;
v000002a7403d5d60_0 .net "PC_Write_ctrl", 0 0, v000002a7403cea70_0;  1 drivers
v000002a7403d5040_0 .net "PC_Write_in", 0 0, L_000002a7403578c0;  1 drivers
v000002a7403d4320_0 .net "PC_out", 31 0, v000002a7403d08a0_0;  1 drivers
v000002a7403d5680_0 .net "PC_plus_4", 31 0, L_000002a7403d5180;  1 drivers
v000002a7403d4dc0_0 .net "RegWrite_ctrl", 0 0, v000002a7403cfb50_0;  1 drivers
L_000002a7403d6108 .functor BUFT 1, C4<00000000000000000000000000000100>, C4<0>, C4<0>, C4<0>;
v000002a7403d4280_0 .net/2u *"_ivl_4", 31 0, L_000002a7403d6108;  1 drivers
v000002a7403d4500_0 .net "alu_input_A", 31 0, L_000002a7403580a0;  1 drivers
v000002a7403d4e60_0 .net "alu_input_B", 31 0, L_000002a74042fbb0;  1 drivers
v000002a7403d54a0_0 .net "alu_result", 31 0, v000002a7403cddc0_0;  1 drivers
v000002a7403d5e00_0 .net "branch_target_addr", 31 0, L_000002a7403d5a40;  1 drivers
v000002a7403d5f40_0 .net "clk", 0 0, v000002a7403d5fe0_0;  1 drivers
v000002a7403d4a00_0 .net "imm_sel_ctrl", 2 0, v000002a7403cf650_0;  1 drivers
v000002a7403d5220_0 .net "immediate_value", 31 0, v000002a7403d0260_0;  1 drivers
v000002a7403d43c0_0 .net "instruction", 31 0, L_000002a7403d57c0;  1 drivers
v000002a7403d5ea0_0 .net "jump_target_addr", 31 0, L_000002a7403d5720;  1 drivers
v000002a7403d59a0_0 .net "mem_read_data", 31 0, L_000002a74042fa70;  1 drivers
v000002a7403d4460_0 .net "read_data1", 31 0, L_000002a74042f430;  1 drivers
v000002a7403d50e0_0 .net "read_data2", 31 0, L_000002a74042f6b0;  1 drivers
v000002a7403d5400_0 .net "reg_dest_addr", 4 0, L_000002a74042f890;  1 drivers
v000002a7403d4f00_0 .net "rs1_addr", 4 0, L_000002a74042f250;  1 drivers
v000002a7403d5ae0_0 .net "rs2_addr", 4 0, L_000002a74042f070;  1 drivers
v000002a7403d55e0_0 .net "rst", 0 0, v000002a7403d5900_0;  1 drivers
v000002a7403d52c0_0 .net "write_data_mux_out", 31 0, L_000002a740433630;  1 drivers
v000002a7403d46e0_0 .net "zero_flag", 0 0, v000002a7403cd320_0;  1 drivers
E_000002a740354230 .event anyedge, v000002a7403d48c0_0, v000002a7403d5680_0, v000002a7403d5e00_0, v000002a7403d5ea0_0;
E_000002a740354bf0 .event anyedge, v000002a7403d5cc0_0, v000002a7403cfab0_0, v000002a7403cd320_0;
L_000002a7403d5a40 .arith/sum 32, v000002a7403d08a0_0, v000002a7403d0260_0;
L_000002a7403d5720 .arith/sum 32, v000002a7403d08a0_0, v000002a7403d0260_0;
L_000002a7403d5180 .arith/sum 32, v000002a7403d08a0_0, L_000002a7403d6108;
L_000002a74042f110 .part L_000002a7403d57c0, 0, 7;
L_000002a74042f250 .part L_000002a7403d57c0, 15, 5;
L_000002a74042f070 .part L_000002a7403d57c0, 20, 5;
L_000002a74042f890 .part L_000002a7403d57c0, 7, 5;
L_000002a74042fbb0 .functor MUXZ 32, L_000002a74042f6b0, v000002a7403d0260_0, v000002a7403cef70_0, C4<>;
L_000002a740433630 .functor MUXZ 32, v000002a7403cddc0_0, L_000002a74042fa70, v000002a7403ce390_0, C4<>;
S_000002a7402ec9c0 .scope module, "ALU_U" "alu_32_bit" 2 105, 2 265 0, S_000002a7402ec830;
 .timescale -9 -12;
    .port_info 0 /INPUT 32 "A";
    .port_info 1 /INPUT 32 "B";
    .port_info 2 /INPUT 16 "A_m";
    .port_info 3 /INPUT 16 "B_m";
    .port_info 4 /INPUT 3 "OpCode";
    .port_info 5 /OUTPUT 32 "Result";
    .port_info 6 /OUTPUT 1 "Flag";
v000002a7403cdd20_0 .net "A", 31 0, L_000002a7403580a0;  alias, 1 drivers
o000002a740391a98 .functor BUFZ 16, C4<zzzzzzzzzzzzzzzz>; HiZ drive
v000002a7403cd280_0 .net "A_m", 15 0, o000002a740391a98;  0 drivers
v000002a7403cde60_0 .net "B", 31 0, L_000002a74042fbb0;  alias, 1 drivers
o000002a740391ac8 .functor BUFZ 16, C4<zzzzzzzzzzzzzzzz>; HiZ drive
v000002a7403cc560_0 .net "B_m", 15 0, o000002a740391ac8;  0 drivers
v000002a7403cd320_0 .var "Flag", 0 0;
v000002a7403cd3c0_0 .net "OpCode", 2 0, v000002a7403cf5b0_0;  alias, 1 drivers
v000002a7403cddc0_0 .var "Result", 31 0;
v000002a7403cc600_0 .net "and_res", 31 0, L_000002a740357f50;  1 drivers
v000002a7403cc880_0 .net "borrow", 0 0, L_000002a74042e670;  1 drivers
v000002a7403cc9c0_0 .net "carry", 0 0, L_000002a74042e350;  1 drivers
v000002a7403cca60_0 .net "cy", 0 0, L_000002a740432190;  1 drivers
v000002a7403ccb00_0 .net "diff", 31 0, L_000002a74042e710;  1 drivers
v000002a7403ce6b0_0 .net "mul", 31 0, L_000002a740433270;  1 drivers
v000002a7403cfd30_0 .net "not1_res", 31 0, L_000002a740357fc0;  1 drivers
v000002a7403cec50_0 .net "not2_res", 31 0, L_000002a740357380;  1 drivers
v000002a7403cfdd0_0 .net "or_res", 31 0, L_000002a7403572a0;  1 drivers
v000002a7403ce890_0 .net "sum", 31 0, L_000002a74042e5d0;  1 drivers
v000002a7403ce9d0_0 .net "xor_res", 31 0, L_000002a7403577e0;  1 drivers
E_000002a740354b30/0 .event anyedge, v000002a7403cd3c0_0, v000002a7403cdf00_0, v000002a7403cd780_0, v000002a7403cd460_0;
E_000002a740354b30/1 .event anyedge, v000002a7403cc1a0_0, v000002a7403cd5a0_0, v000002a7403cd8c0_0, v000002a7403cd960_0;
E_000002a740354b30/2 .event anyedge, v000002a7403cdaa0_0, v000002a7403cc420_0, v000002a7403cce20_0, v000002a7403cc6a0_0;
E_000002a740354b30 .event/or E_000002a740354b30/0, E_000002a740354b30/1, E_000002a740354b30/2;
S_000002a7402fa820 .scope module, "u0" "adder" 2 276, 2 305 0, S_000002a7402ec9c0;
 .timescale -9 -12;
    .port_info 0 /INPUT 32 "a";
    .port_info 1 /INPUT 32 "b";
    .port_info 2 /OUTPUT 32 "c";
    .port_info 3 /OUTPUT 1 "carry";
L_000002a7403d65d0 .functor BUFT 1, C4<0>, C4<0>, C4<0>, C4<0>;
v000002a7403cc240_0 .net *"_ivl_10", 0 0, L_000002a7403d65d0;  1 drivers
v000002a7403cc920_0 .net *"_ivl_11", 32 0, L_000002a74042fd90;  1 drivers
v000002a7403cda00_0 .net *"_ivl_3", 32 0, L_000002a74042fc50;  1 drivers
L_000002a7403d6588 .functor BUFT 1, C4<0>, C4<0>, C4<0>, C4<0>;
v000002a7403cc740_0 .net *"_ivl_6", 0 0, L_000002a7403d6588;  1 drivers
v000002a7403ccf60_0 .net *"_ivl_7", 32 0, L_000002a74042fcf0;  1 drivers
v000002a7403cd6e0_0 .net "a", 31 0, L_000002a7403580a0;  alias, 1 drivers
v000002a7403ccce0_0 .net "b", 31 0, L_000002a74042fbb0;  alias, 1 drivers
v000002a7403cdf00_0 .net "c", 31 0, L_000002a74042e5d0;  alias, 1 drivers
v000002a7403cd780_0 .net "carry", 0 0, L_000002a74042e350;  alias, 1 drivers
L_000002a74042e350 .part L_000002a74042fd90, 32, 1;
L_000002a74042e5d0 .part L_000002a74042fd90, 0, 32;
L_000002a74042fc50 .concat [ 32 1 0 0], L_000002a7403580a0, L_000002a7403d6588;
L_000002a74042fcf0 .concat [ 32 1 0 0], L_000002a74042fbb0, L_000002a7403d65d0;
L_000002a74042fd90 .arith/sum 33, L_000002a74042fc50, L_000002a74042fcf0;
S_000002a7402fa9b0 .scope module, "u1" "SuB" 2 277, 2 314 0, S_000002a7402ec9c0;
 .timescale -9 -12;
    .port_info 0 /INPUT 32 "a";
    .port_info 1 /INPUT 32 "b";
    .port_info 2 /OUTPUT 1 "borrow";
    .port_info 3 /OUTPUT 32 "diff";
L_000002a7403d6660 .functor BUFT 1, C4<0>, C4<0>, C4<0>, C4<0>;
v000002a7403cdfa0_0 .net *"_ivl_10", 0 0, L_000002a7403d6660;  1 drivers
v000002a7403ccc40_0 .net *"_ivl_11", 32 0, L_000002a740433590;  1 drivers
v000002a7403cd500_0 .net *"_ivl_3", 32 0, L_000002a74042e7b0;  1 drivers
L_000002a7403d6618 .functor BUFT 1, C4<0>, C4<0>, C4<0>, C4<0>;
v000002a7403cd820_0 .net *"_ivl_6", 0 0, L_000002a7403d6618;  1 drivers
v000002a7403ccd80_0 .net *"_ivl_7", 32 0, L_000002a740432d70;  1 drivers
v000002a7403cd000_0 .net "a", 31 0, L_000002a7403580a0;  alias, 1 drivers
v000002a7403ccec0_0 .net "b", 31 0, L_000002a74042fbb0;  alias, 1 drivers
v000002a7403cc1a0_0 .net "borrow", 0 0, L_000002a74042e670;  alias, 1 drivers
v000002a7403cd460_0 .net "diff", 31 0, L_000002a74042e710;  alias, 1 drivers
L_000002a74042e670 .part L_000002a740433590, 32, 1;
L_000002a74042e710 .part L_000002a740433590, 0, 32;
L_000002a74042e7b0 .concat [ 32 1 0 0], L_000002a7403580a0, L_000002a7403d6618;
L_000002a740432d70 .concat [ 32 1 0 0], L_000002a74042fbb0, L_000002a7403d6660;
L_000002a740433590 .arith/sub 33, L_000002a74042e7b0, L_000002a740432d70;
S_000002a7402fb0b0 .scope module, "u2" "Mul" 2 278, 2 352 0, S_000002a7402ec9c0;
 .timescale -9 -12;
    .port_info 0 /INPUT 16 "a";
    .port_info 1 /INPUT 16 "b";
    .port_info 2 /OUTPUT 32 "c";
    .port_info 3 /OUTPUT 1 "cy";
v000002a7403cc2e0_0 .net *"_ivl_12", 32 0, L_000002a740433310;  1 drivers
L_000002a7403d66a8 .functor BUFT 1, C4<00000000000000000zzzzzzzzzzzzzzzz>, C4<0>, C4<0>, C4<0>;
v000002a7403cd640_0 .net *"_ivl_3", 32 0, L_000002a7403d66a8;  1 drivers
L_000002a7403d66f0 .functor BUFT 1, C4<00000000000000000zzzzzzzzzzzzzzzz>, C4<0>, C4<0>, C4<0>;
v000002a7403cdbe0_0 .net *"_ivl_7", 32 0, L_000002a7403d66f0;  1 drivers
v000002a7403cc100_0 .net "a", 15 0, o000002a740391a98;  alias, 0 drivers
v000002a7403cd0a0_0 .net "b", 15 0, o000002a740391ac8;  alias, 0 drivers
v000002a7403cd5a0_0 .net "c", 31 0, L_000002a740433270;  alias, 1 drivers
v000002a7403cd8c0_0 .net "cy", 0 0, L_000002a740432190;  alias, 1 drivers
L_000002a740432190 .part L_000002a740433310, 32, 1;
L_000002a740433270 .part L_000002a740433310, 0, 32;
L_000002a740433310 .arith/mult 33, L_000002a7403d66a8, L_000002a7403d66f0;
S_000002a7402fb240 .scope module, "u3" "oR" 2 279, 2 323 0, S_000002a7402ec9c0;
 .timescale -9 -12;
    .port_info 0 /INPUT 32 "a";
    .port_info 1 /INPUT 32 "b";
    .port_info 2 /OUTPUT 32 "c";
L_000002a7403572a0 .functor OR 32, L_000002a7403580a0, L_000002a74042fbb0, C4<00000000000000000000000000000000>, C4<00000000000000000000000000000000>;
v000002a7403cdb40_0 .net "a", 31 0, L_000002a7403580a0;  alias, 1 drivers
v000002a7403cc7e0_0 .net "b", 31 0, L_000002a74042fbb0;  alias, 1 drivers
v000002a7403cd960_0 .net "c", 31 0, L_000002a7403572a0;  alias, 1 drivers
S_000002a7402e5b90 .scope module, "u4" "And" 2 280, 2 330 0, S_000002a7402ec9c0;
 .timescale -9 -12;
    .port_info 0 /INPUT 32 "a";
    .port_info 1 /INPUT 32 "b";
    .port_info 2 /OUTPUT 32 "c";
L_000002a740357f50 .functor AND 32, L_000002a7403580a0, L_000002a74042fbb0, C4<11111111111111111111111111111111>, C4<11111111111111111111111111111111>;
v000002a7403cd140_0 .net "a", 31 0, L_000002a7403580a0;  alias, 1 drivers
v000002a7403cd1e0_0 .net "b", 31 0, L_000002a74042fbb0;  alias, 1 drivers
v000002a7403cdaa0_0 .net "c", 31 0, L_000002a740357f50;  alias, 1 drivers
S_000002a7402e5d20 .scope module, "u5" "Xor" 2 281, 2 338 0, S_000002a7402ec9c0;
 .timescale -9 -12;
    .port_info 0 /INPUT 32 "a";
    .port_info 1 /INPUT 32 "b";
    .port_info 2 /OUTPUT 32 "c";
L_000002a7403577e0 .functor XOR 32, L_000002a7403580a0, L_000002a74042fbb0, C4<00000000000000000000000000000000>, C4<00000000000000000000000000000000>;
v000002a7403ccba0_0 .net "a", 31 0, L_000002a7403580a0;  alias, 1 drivers
v000002a7403cc380_0 .net "b", 31 0, L_000002a74042fbb0;  alias, 1 drivers
v000002a7403cc420_0 .net "c", 31 0, L_000002a7403577e0;  alias, 1 drivers
S_000002a7402ea380 .scope module, "u6" "Not" 2 282, 2 345 0, S_000002a7402ec9c0;
 .timescale -9 -12;
    .port_info 0 /INPUT 32 "a";
    .port_info 1 /OUTPUT 32 "c";
L_000002a740357fc0 .functor NOT 32, L_000002a7403580a0, C4<00000000000000000000000000000000>, C4<00000000000000000000000000000000>, C4<00000000000000000000000000000000>;
v000002a7403cc4c0_0 .net "a", 31 0, L_000002a7403580a0;  alias, 1 drivers
v000002a7403cce20_0 .net "c", 31 0, L_000002a740357fc0;  alias, 1 drivers
S_000002a7402ea510 .scope module, "u7" "Not" 2 283, 2 345 0, S_000002a7402ec9c0;
 .timescale -9 -12;
    .port_info 0 /INPUT 32 "a";
    .port_info 1 /OUTPUT 32 "c";
L_000002a740357380 .functor NOT 32, L_000002a74042fbb0, C4<00000000000000000000000000000000>, C4<00000000000000000000000000000000>, C4<00000000000000000000000000000000>;
v000002a7403cdc80_0 .net "a", 31 0, L_000002a74042fbb0;  alias, 1 drivers
v000002a7403cc6a0_0 .net "c", 31 0, L_000002a740357380;  alias, 1 drivers
S_000002a740300070 .scope module, "CU_U" "Cntrl_Unit" 2 88, 2 111 0, S_000002a7402ec830;
 .timescale -9 -12;
    .port_info 0 /INPUT 7 "opcode";
    .port_info 1 /OUTPUT 1 "PC_Write";
    .port_info 2 /OUTPUT 2 "PCSource";
    .port_info 3 /OUTPUT 1 "Jump";
    .port_info 4 /OUTPUT 3 "imm_sel";
    .port_info 5 /OUTPUT 1 "RegWrite";
    .port_info 6 /OUTPUT 1 "ALUSrc";
    .port_info 7 /OUTPUT 3 "ALUOp";
    .port_info 8 /OUTPUT 1 "MemRead";
    .port_info 9 /OUTPUT 1 "MemWrite";
    .port_info 10 /OUTPUT 1 "MemToReg";
    .port_info 11 /OUTPUT 1 "Branch";
P_000002a740308e30 .param/l "OP_BRANCH" 1 2 130, C4<1100011>;
P_000002a740308e68 .param/l "OP_I_Type" 1 2 127, C4<0010011>;
P_000002a740308ea0 .param/l "OP_JAL" 1 2 131, C4<0111011>;
P_000002a740308ed8 .param/l "OP_LOAD" 1 2 128, C4<0000011>;
P_000002a740308f10 .param/l "OP_R_Type" 1 2 126, C4<0110011>;
P_000002a740308f48 .param/l "OP_STORE" 1 2 129, C4<0100011>;
P_000002a740308f80 .param/l "PC_BRANCH" 1 2 133, C4<01>;
P_000002a740308fb8 .param/l "PC_JUMP" 1 2 134, C4<10>;
P_000002a740308ff0 .param/l "PC_PLUS_4" 1 2 132, C4<00>;
v000002a7403cf5b0_0 .var "ALUOp", 2 0;
v000002a7403cef70_0 .var "ALUSrc", 0 0;
v000002a7403cfab0_0 .var "Branch", 0 0;
v000002a7403ce2f0_0 .var "Jump", 0 0;
v000002a7403cfe70_0 .var "MemRead", 0 0;
v000002a7403ce390_0 .var "MemToReg", 0 0;
v000002a7403cf970_0 .var "MemWrite", 0 0;
v000002a7403cecf0_0 .var "PCSource", 1 0;
v000002a7403cea70_0 .var "PC_Write", 0 0;
v000002a7403cfb50_0 .var "RegWrite", 0 0;
v000002a7403cf650_0 .var "imm_sel", 2 0;
v000002a7403cf470_0 .net "opcode", 6 0, L_000002a74042f110;  1 drivers
E_000002a740353fb0 .event anyedge, v000002a7403cf470_0;
S_000002a7402ffbc0 .scope module, "DMEM_U" "data_memory" 2 99, 2 359 0, S_000002a7402ec830;
 .timescale -9 -12;
    .port_info 0 /INPUT 1 "clk";
    .port_info 1 /INPUT 1 "MemRead";
    .port_info 2 /INPUT 1 "MemWrite";
    .port_info 3 /INPUT 32 "addr";
    .port_info 4 /INPUT 32 "wr_data";
    .port_info 5 /OUTPUT 32 "rd_data";
P_000002a740354030 .param/l "Mem_Depth" 1 2 368, +C4<00000000000000000000010000000000>;
v000002a7403cf3d0_0 .net "MemRead", 0 0, v000002a7403cfe70_0;  alias, 1 drivers
v000002a7403ce4d0_0 .net "MemWrite", 0 0, v000002a7403cf970_0;  alias, 1 drivers
v000002a7403cf1f0_0 .net *"_ivl_2", 31 0, L_000002a74042f7f0;  1 drivers
v000002a7403cf6f0_0 .net *"_ivl_4", 11 0, L_000002a74042e530;  1 drivers
L_000002a7403d64f8 .functor BUFT 1, C4<00>, C4<0>, C4<0>, C4<0>;
v000002a7403cfbf0_0 .net *"_ivl_7", 1 0, L_000002a7403d64f8;  1 drivers
L_000002a7403d6540 .functor BUFT 1, C4<00000000000000000000000000000000>, C4<0>, C4<0>, C4<0>;
v000002a7403cfc90_0 .net/2u *"_ivl_8", 31 0, L_000002a7403d6540;  1 drivers
v000002a7403ce430_0 .net "addr", 31 0, v000002a7403cddc0_0;  alias, 1 drivers
v000002a7403cf330_0 .net "clk", 0 0, v000002a7403d5fe0_0;  alias, 1 drivers
v000002a7403ce570 .array "mem", 1023 0, 31 0;
v000002a7403cf790_0 .net "rd_data", 31 0, L_000002a74042fa70;  alias, 1 drivers
v000002a7403cff10_0 .net "read_write_index", 9 0, L_000002a74042f750;  1 drivers
v000002a7403cf510_0 .net "wr_data", 31 0, L_000002a74042f6b0;  alias, 1 drivers
E_000002a740354b70 .event posedge, v000002a7403cf330_0;
L_000002a74042f750 .part v000002a7403cddc0_0, 2, 10;
L_000002a74042f7f0 .array/port v000002a7403ce570, L_000002a74042e530;
L_000002a74042e530 .concat [ 10 2 0 0], L_000002a74042f750, L_000002a7403d64f8;
L_000002a74042fa70 .functor MUXZ 32, L_000002a7403d6540, L_000002a74042f7f0, v000002a7403cfe70_0, C4<>;
S_000002a740300390 .scope module, "IMM_U" "imm_gen" 2 91, 2 196 0, S_000002a7402ec830;
 .timescale -9 -12;
    .port_info 0 /INPUT 32 "instruction";
    .port_info 1 /INPUT 3 "imm_sel";
    .port_info 2 /OUTPUT 32 "immediate_out";
P_000002a74034f6f0 .param/l "B_Type" 1 2 203, C4<011>;
P_000002a74034f728 .param/l "I_Type" 1 2 201, C4<001>;
P_000002a74034f760 .param/l "J_Type" 1 2 205, C4<101>;
P_000002a74034f798 .param/l "S_Type" 1 2 202, C4<010>;
P_000002a74034f7d0 .param/l "U_Type" 1 2 204, C4<100>;
v000002a7403ce610_0 .net *"_ivl_1", 0 0, L_000002a74042efd0;  1 drivers
v000002a7403cffb0_0 .net *"_ivl_10", 19 0, L_000002a74042fed0;  1 drivers
v000002a7403cf830_0 .net *"_ivl_13", 6 0, L_000002a74042ee90;  1 drivers
v000002a7403cf8d0_0 .net *"_ivl_15", 4 0, L_000002a74042ff70;  1 drivers
v000002a7403cfa10_0 .net *"_ivl_19", 0 0, L_000002a74042e170;  1 drivers
v000002a7403ce110_0 .net *"_ivl_2", 19 0, L_000002a74042e8f0;  1 drivers
v000002a7403ce1b0_0 .net *"_ivl_20", 18 0, L_000002a74042e990;  1 drivers
v000002a7403ce250_0 .net *"_ivl_23", 0 0, L_000002a74042ed50;  1 drivers
v000002a7403ce750_0 .net *"_ivl_25", 0 0, L_000002a74042f1b0;  1 drivers
v000002a7403cf150_0 .net *"_ivl_27", 5 0, L_000002a74042e2b0;  1 drivers
v000002a7403ce7f0_0 .net *"_ivl_29", 3 0, L_000002a74042eb70;  1 drivers
L_000002a7403d6270 .functor BUFT 1, C4<0>, C4<0>, C4<0>, C4<0>;
v000002a7403ce930_0 .net/2u *"_ivl_30", 0 0, L_000002a7403d6270;  1 drivers
v000002a7403ceb10_0 .net *"_ivl_35", 19 0, L_000002a74042e3f0;  1 drivers
L_000002a7403d62b8 .functor BUFT 1, C4<000000000000>, C4<0>, C4<0>, C4<0>;
v000002a7403ced90_0 .net/2u *"_ivl_36", 11 0, L_000002a7403d62b8;  1 drivers
v000002a7403cebb0_0 .net *"_ivl_41", 0 0, L_000002a74042f9d0;  1 drivers
v000002a7403cee30_0 .net *"_ivl_42", 10 0, L_000002a74042ef30;  1 drivers
v000002a7403ceed0_0 .net *"_ivl_45", 0 0, L_000002a74042e490;  1 drivers
v000002a7403cf010_0 .net *"_ivl_47", 7 0, L_000002a74042ec10;  1 drivers
v000002a7403cf0b0_0 .net *"_ivl_49", 0 0, L_000002a74042ecb0;  1 drivers
v000002a7403cf290_0 .net *"_ivl_5", 11 0, L_000002a74042fe30;  1 drivers
v000002a7403d0ee0_0 .net *"_ivl_51", 9 0, L_000002a74042f4d0;  1 drivers
L_000002a7403d6300 .functor BUFT 1, C4<0>, C4<0>, C4<0>, C4<0>;
v000002a7403d1b60_0 .net/2u *"_ivl_52", 0 0, L_000002a7403d6300;  1 drivers
v000002a7403d1980_0 .net *"_ivl_9", 0 0, L_000002a74042f610;  1 drivers
v000002a7403d09e0_0 .net "b_imm", 31 0, L_000002a74042ea30;  1 drivers
v000002a7403d06c0_0 .net "i_imm", 31 0, L_000002a74042e210;  1 drivers
v000002a7403d0760_0 .net "imm_sel", 2 0, v000002a7403cf650_0;  alias, 1 drivers
v000002a7403d1ac0_0 .net "immediate_out", 31 0, v000002a7403d0260_0;  alias, 1 drivers
v000002a7403d1ca0_0 .net "instruction", 31 0, L_000002a7403d57c0;  alias, 1 drivers
v000002a7403d1160_0 .net "j_imm", 31 0, L_000002a74042f930;  1 drivers
v000002a7403d0260_0 .var "out_imm", 31 0;
v000002a7403d0120_0 .net "s_imm", 31 0, L_000002a74042edf0;  1 drivers
v000002a7403d0300_0 .net "u_imm", 31 0, L_000002a74042ead0;  1 drivers
E_000002a740354db0/0 .event anyedge, v000002a7403cf650_0, v000002a7403d06c0_0, v000002a7403d0120_0, v000002a7403d09e0_0;
E_000002a740354db0/1 .event anyedge, v000002a7403d0300_0, v000002a7403d1160_0;
E_000002a740354db0 .event/or E_000002a740354db0/0, E_000002a740354db0/1;
L_000002a74042efd0 .part L_000002a7403d57c0, 31, 1;
LS_000002a74042e8f0_0_0 .concat [ 1 1 1 1], L_000002a74042efd0, L_000002a74042efd0, L_000002a74042efd0, L_000002a74042efd0;
LS_000002a74042e8f0_0_4 .concat [ 1 1 1 1], L_000002a74042efd0, L_000002a74042efd0, L_000002a74042efd0, L_000002a74042efd0;
LS_000002a74042e8f0_0_8 .concat [ 1 1 1 1], L_000002a74042efd0, L_000002a74042efd0, L_000002a74042efd0, L_000002a74042efd0;
LS_000002a74042e8f0_0_12 .concat [ 1 1 1 1], L_000002a74042efd0, L_000002a74042efd0, L_000002a74042efd0, L_000002a74042efd0;
LS_000002a74042e8f0_0_16 .concat [ 1 1 1 1], L_000002a74042efd0, L_000002a74042efd0, L_000002a74042efd0, L_000002a74042efd0;
LS_000002a74042e8f0_1_0 .concat [ 4 4 4 4], LS_000002a74042e8f0_0_0, LS_000002a74042e8f0_0_4, LS_000002a74042e8f0_0_8, LS_000002a74042e8f0_0_12;
LS_000002a74042e8f0_1_4 .concat [ 4 0 0 0], LS_000002a74042e8f0_0_16;
L_000002a74042e8f0 .concat [ 16 4 0 0], LS_000002a74042e8f0_1_0, LS_000002a74042e8f0_1_4;
L_000002a74042fe30 .part L_000002a7403d57c0, 20, 12;
L_000002a74042e210 .concat [ 12 20 0 0], L_000002a74042fe30, L_000002a74042e8f0;
L_000002a74042f610 .part L_000002a7403d57c0, 31, 1;
LS_000002a74042fed0_0_0 .concat [ 1 1 1 1], L_000002a74042f610, L_000002a74042f610, L_000002a74042f610, L_000002a74042f610;
LS_000002a74042fed0_0_4 .concat [ 1 1 1 1], L_000002a74042f610, L_000002a74042f610, L_000002a74042f610, L_000002a74042f610;
LS_000002a74042fed0_0_8 .concat [ 1 1 1 1], L_000002a74042f610, L_000002a74042f610, L_000002a74042f610, L_000002a74042f610;
LS_000002a74042fed0_0_12 .concat [ 1 1 1 1], L_000002a74042f610, L_000002a74042f610, L_000002a74042f610, L_000002a74042f610;
LS_000002a74042fed0_0_16 .concat [ 1 1 1 1], L_000002a74042f610, L_000002a74042f610, L_000002a74042f610, L_000002a74042f610;
LS_000002a74042fed0_1_0 .concat [ 4 4 4 4], LS_000002a74042fed0_0_0, LS_000002a74042fed0_0_4, LS_000002a74042fed0_0_8, LS_000002a74042fed0_0_12;
LS_000002a74042fed0_1_4 .concat [ 4 0 0 0], LS_000002a74042fed0_0_16;
L_000002a74042fed0 .concat [ 16 4 0 0], LS_000002a74042fed0_1_0, LS_000002a74042fed0_1_4;
L_000002a74042ee90 .part L_000002a7403d57c0, 25, 7;
L_000002a74042ff70 .part L_000002a7403d57c0, 7, 5;
L_000002a74042edf0 .concat [ 5 7 20 0], L_000002a74042ff70, L_000002a74042ee90, L_000002a74042fed0;
L_000002a74042e170 .part L_000002a7403d57c0, 31, 1;
LS_000002a74042e990_0_0 .concat [ 1 1 1 1], L_000002a74042e170, L_000002a74042e170, L_000002a74042e170, L_000002a74042e170;
LS_000002a74042e990_0_4 .concat [ 1 1 1 1], L_000002a74042e170, L_000002a74042e170, L_000002a74042e170, L_000002a74042e170;
LS_000002a74042e990_0_8 .concat [ 1 1 1 1], L_000002a74042e170, L_000002a74042e170, L_000002a74042e170, L_000002a74042e170;
LS_000002a74042e990_0_12 .concat [ 1 1 1 1], L_000002a74042e170, L_000002a74042e170, L_000002a74042e170, L_000002a74042e170;
LS_000002a74042e990_0_16 .concat [ 1 1 1 0], L_000002a74042e170, L_000002a74042e170, L_000002a74042e170;
LS_000002a74042e990_1_0 .concat [ 4 4 4 4], LS_000002a74042e990_0_0, LS_000002a74042e990_0_4, LS_000002a74042e990_0_8, LS_000002a74042e990_0_12;
LS_000002a74042e990_1_4 .concat [ 3 0 0 0], LS_000002a74042e990_0_16;
L_000002a74042e990 .concat [ 16 3 0 0], LS_000002a74042e990_1_0, LS_000002a74042e990_1_4;
L_000002a74042ed50 .part L_000002a7403d57c0, 31, 1;
L_000002a74042f1b0 .part L_000002a7403d57c0, 7, 1;
L_000002a74042e2b0 .part L_000002a7403d57c0, 25, 6;
L_000002a74042eb70 .part L_000002a7403d57c0, 8, 4;
LS_000002a74042ea30_0_0 .concat [ 1 4 6 1], L_000002a7403d6270, L_000002a74042eb70, L_000002a74042e2b0, L_000002a74042f1b0;
LS_000002a74042ea30_0_4 .concat [ 1 19 0 0], L_000002a74042ed50, L_000002a74042e990;
L_000002a74042ea30 .concat [ 12 20 0 0], LS_000002a74042ea30_0_0, LS_000002a74042ea30_0_4;
L_000002a74042e3f0 .part L_000002a7403d57c0, 12, 20;
L_000002a74042ead0 .concat [ 12 20 0 0], L_000002a7403d62b8, L_000002a74042e3f0;
L_000002a74042f9d0 .part L_000002a7403d57c0, 31, 1;
LS_000002a74042ef30_0_0 .concat [ 1 1 1 1], L_000002a74042f9d0, L_000002a74042f9d0, L_000002a74042f9d0, L_000002a74042f9d0;
LS_000002a74042ef30_0_4 .concat [ 1 1 1 1], L_000002a74042f9d0, L_000002a74042f9d0, L_000002a74042f9d0, L_000002a74042f9d0;
LS_000002a74042ef30_0_8 .concat [ 1 1 1 0], L_000002a74042f9d0, L_000002a74042f9d0, L_000002a74042f9d0;
L_000002a74042ef30 .concat [ 4 4 3 0], LS_000002a74042ef30_0_0, LS_000002a74042ef30_0_4, LS_000002a74042ef30_0_8;
L_000002a74042e490 .part L_000002a7403d57c0, 31, 1;
L_000002a74042ec10 .part L_000002a7403d57c0, 12, 8;
L_000002a74042ecb0 .part L_000002a7403d57c0, 20, 1;
L_000002a74042f4d0 .part L_000002a7403d57c0, 21, 10;
LS_000002a74042f930_0_0 .concat [ 1 10 1 8], L_000002a7403d6300, L_000002a74042f4d0, L_000002a74042ecb0, L_000002a74042ec10;
LS_000002a74042f930_0_4 .concat [ 1 11 0 0], L_000002a74042e490, L_000002a74042ef30;
L_000002a74042f930 .concat [ 20 12 0 0], LS_000002a74042f930_0_0, LS_000002a74042f930_0_4;
S_000002a7402ffd50 .scope module, "IM_U" "Instruction_Mem" 2 86, 2 249 0, S_000002a7402ec830;
 .timescale -9 -12;
    .port_info 0 /INPUT 32 "address_i";
    .port_info 1 /OUTPUT 32 "instruction_o";
P_000002a740389830 .param/l "Add_width" 1 2 254, +C4<00000000000000000000000000001010>;
P_000002a740389868 .param/l "Mem_Depth" 1 2 253, +C4<00000000000000000000010000000000>;
v000002a7403d17a0_0 .net *"_ivl_10", 31 0, L_000002a7403d4c80;  1 drivers
v000002a7403d01c0_0 .net *"_ivl_12", 11 0, L_000002a7403d4d20;  1 drivers
L_000002a7403d61e0 .functor BUFT 1, C4<00>, C4<0>, C4<0>, C4<0>;
v000002a7403d03a0_0 .net *"_ivl_15", 1 0, L_000002a7403d61e0;  1 drivers
L_000002a7403d6228 .functor BUFT 1, C4<00000000000000000000000000000000>, C4<0>, C4<0>, C4<0>;
v000002a7403d1520_0 .net/2u *"_ivl_16", 31 0, L_000002a7403d6228;  1 drivers
v000002a7403d0580_0 .net *"_ivl_2", 31 0, L_000002a7403d4b40;  1 drivers
L_000002a7403d6150 .functor BUFT 1, C4<0000000000000000000000>, C4<0>, C4<0>, C4<0>;
v000002a7403d0440_0 .net *"_ivl_5", 21 0, L_000002a7403d6150;  1 drivers
L_000002a7403d6198 .functor BUFT 1, C4<00000000000000000000010000000000>, C4<0>, C4<0>, C4<0>;
v000002a7403d0800_0 .net/2u *"_ivl_6", 31 0, L_000002a7403d6198;  1 drivers
v000002a7403d1020_0 .net "address_i", 31 0, v000002a7403d08a0_0;  alias, 1 drivers
v000002a7403d13e0_0 .net "instruction_o", 31 0, L_000002a7403d57c0;  alias, 1 drivers
v000002a7403d1d40 .array "mem", 1023 0, 31 0;
v000002a7403d1200_0 .net "read_index", 9 0, L_000002a7403d5360;  1 drivers
v000002a7403d0e40_0 .net "valid_address", 0 0, L_000002a7403d4be0;  1 drivers
L_000002a7403d5360 .part v000002a7403d08a0_0, 2, 10;
L_000002a7403d4b40 .concat [ 10 22 0 0], L_000002a7403d5360, L_000002a7403d6150;
L_000002a7403d4be0 .cmp/gt 32, L_000002a7403d6198, L_000002a7403d4b40;
L_000002a7403d4c80 .array/port v000002a7403d1d40, L_000002a7403d4d20;
L_000002a7403d4d20 .concat [ 10 2 0 0], L_000002a7403d5360, L_000002a7403d61e0;
L_000002a7403d57c0 .functor MUXZ 32, L_000002a7403d6228, L_000002a7403d4c80, L_000002a7403d4be0, C4<>;
S_000002a7402ffa30 .scope module, "PC_U" "ProgCntr" 2 84, 2 230 0, S_000002a7402ec830;
 .timescale -9 -12;
    .port_info 0 /INPUT 1 "clk";
    .port_info 1 /INPUT 1 "rst";
    .port_info 2 /INPUT 1 "PC_Write";
    .port_info 3 /INPUT 32 "Next_PC";
    .port_info 4 /OUTPUT 32 "PC";
P_000002a740354430 .param/l "Start_Add" 1 2 238, C4<00000000000000000000000000000000>;
v000002a7403d1c00_0 .net "Next_PC", 31 0, v000002a7403d4820_0;  1 drivers
v000002a7403d08a0_0 .var "PC", 31 0;
v000002a7403d10c0_0 .net "PC_Write", 0 0, L_000002a7403578c0;  alias, 1 drivers
v000002a7403d12a0_0 .net "clk", 0 0, v000002a7403d5fe0_0;  alias, 1 drivers
v000002a7403d1840_0 .net "rst", 0 0, v000002a7403d5900_0;  alias, 1 drivers
E_000002a740354570/0 .event negedge, v000002a7403d1840_0;
E_000002a740354570/1 .event posedge, v000002a7403cf330_0;
E_000002a740354570 .event/or E_000002a740354570/0, E_000002a740354570/1;
S_000002a7402ffee0 .scope module, "RF_U" "register_file" 2 97, 2 490 0, S_000002a7402ec830;
 .timescale -9 -12;
    .port_info 0 /INPUT 1 "clk";
    .port_info 1 /INPUT 1 "rst";
    .port_info 2 /INPUT 1 "we";
    .port_info 3 /INPUT 5 "rd_adr1";
    .port_info 4 /INPUT 5 "rd_adr2";
    .port_info 5 /INPUT 5 "w_adr";
    .port_info 6 /INPUT 32 "w_data";
    .port_info 7 /OUTPUT 32 "rd_data1";
    .port_info 8 /OUTPUT 32 "rd_data2";
L_000002a7403d6348 .functor BUFT 1, C4<00000>, C4<0>, C4<0>, C4<0>;
v000002a7403d04e0_0 .net/2u *"_ivl_0", 4 0, L_000002a7403d6348;  1 drivers
L_000002a7403d63d8 .functor BUFT 1, C4<00>, C4<0>, C4<0>, C4<0>;
v000002a7403d1de0_0 .net *"_ivl_11", 1 0, L_000002a7403d63d8;  1 drivers
L_000002a7403d6420 .functor BUFT 1, C4<00000>, C4<0>, C4<0>, C4<0>;
v000002a7403d1a20_0 .net/2u *"_ivl_14", 4 0, L_000002a7403d6420;  1 drivers
v000002a7403d1e80_0 .net *"_ivl_16", 0 0, L_000002a74042f570;  1 drivers
L_000002a7403d6468 .functor BUFT 1, C4<00000000000000000000000000000000>, C4<0>, C4<0>, C4<0>;
v000002a7403d1f20_0 .net/2u *"_ivl_18", 31 0, L_000002a7403d6468;  1 drivers
v000002a7403d0620_0 .net *"_ivl_2", 0 0, L_000002a74042f2f0;  1 drivers
v000002a7403d0f80_0 .net *"_ivl_20", 31 0, L_000002a74042fb10;  1 drivers
v000002a7403d1fc0_0 .net *"_ivl_22", 6 0, L_000002a74042e850;  1 drivers
L_000002a7403d64b0 .functor BUFT 1, C4<00>, C4<0>, C4<0>, C4<0>;
v000002a7403d0940_0 .net *"_ivl_25", 1 0, L_000002a7403d64b0;  1 drivers
L_000002a7403d6390 .functor BUFT 1, C4<00000000000000000000000000000000>, C4<0>, C4<0>, C4<0>;
v000002a7403d1340_0 .net/2u *"_ivl_4", 31 0, L_000002a7403d6390;  1 drivers
v000002a7403d15c0_0 .net *"_ivl_6", 31 0, L_000002a740430010;  1 drivers
v000002a7403d0a80_0 .net *"_ivl_8", 6 0, L_000002a74042f390;  1 drivers
v000002a7403d0b20_0 .net "clk", 0 0, v000002a7403d5fe0_0;  alias, 1 drivers
v000002a7403d0bc0_0 .var/i "i", 31 0;
v000002a7403d0d00_0 .net "rd_adr1", 4 0, L_000002a74042f250;  alias, 1 drivers
v000002a7403d0c60_0 .net "rd_adr2", 4 0, L_000002a74042f070;  alias, 1 drivers
v000002a7403d0da0_0 .net "rd_data1", 31 0, L_000002a74042f430;  alias, 1 drivers
v000002a7403d1480_0 .net "rd_data2", 31 0, L_000002a74042f6b0;  alias, 1 drivers
v000002a7403d1660 .array "reg_array", 31 0, 31 0;
v000002a7403d1700_0 .net "rst", 0 0, v000002a7403d5900_0;  alias, 1 drivers
v000002a7403d4640_0 .net "w_adr", 4 0, L_000002a74042f890;  alias, 1 drivers
v000002a7403d4140_0 .net "w_data", 31 0, L_000002a740433630;  alias, 1 drivers
v000002a7403d5860_0 .net "we", 0 0, v000002a7403cfb50_0;  alias, 1 drivers
L_000002a74042f2f0 .cmp/eq 5, L_000002a74042f250, L_000002a7403d6348;
L_000002a740430010 .array/port v000002a7403d1660, L_000002a74042f390;
L_000002a74042f390 .concat [ 5 2 0 0], L_000002a74042f250, L_000002a7403d63d8;
L_000002a74042f430 .functor MUXZ 32, L_000002a740430010, L_000002a7403d6390, L_000002a74042f2f0, C4<>;
L_000002a74042f570 .cmp/eq 5, L_000002a74042f070, L_000002a7403d6420;
L_000002a74042fb10 .array/port v000002a7403d1660, L_000002a74042e850;
L_000002a74042e850 .concat [ 5 2 0 0], L_000002a74042f070, L_000002a7403d64b0;
L_000002a74042f6b0 .functor MUXZ 32, L_000002a74042fb10, L_000002a7403d6468, L_000002a74042f570, C4<>;
S_000002a7402c6010 .scope module, "instr_mem" "instr_mem" 2 519;
 .timescale -9 -12;
    .port_info 0 /INPUT 32 "addr";
    .port_info 1 /OUTPUT 32 "instr";
o000002a7403938f8 .functor BUFZ 32, C4<zzzzzzzzzzzzzzzzzzzzzzzzzzzzzzzz>; HiZ drive
v000002a7403d5b80_0 .net "addr", 31 0, o000002a7403938f8;  0 drivers
v000002a7403d45a0_0 .var "instr", 31 0;
v000002a7403d4780 .array "mem", 255 0, 31 0;
v000002a7403d4780_0 .array/port v000002a7403d4780, 0;
v000002a7403d4780_1 .array/port v000002a7403d4780, 1;
v000002a7403d4780_2 .array/port v000002a7403d4780, 2;
E_000002a7403547f0/0 .event anyedge, v000002a7403d5b80_0, v000002a7403d4780_0, v000002a7403d4780_1, v000002a7403d4780_2;
v000002a7403d4780_3 .array/port v000002a7403d4780, 3;
v000002a7403d4780_4 .array/port v000002a7403d4780, 4;
v000002a7403d4780_5 .array/port v000002a7403d4780, 5;
v000002a7403d4780_6 .array/port v000002a7403d4780, 6;
E_000002a7403547f0/1 .event anyedge, v000002a7403d4780_3, v000002a7403d4780_4, v000002a7403d4780_5, v000002a7403d4780_6;
v000002a7403d4780_7 .array/port v000002a7403d4780, 7;
v000002a7403d4780_8 .array/port v000002a7403d4780, 8;
v000002a7403d4780_9 .array/port v000002a7403d4780, 9;
v000002a7403d4780_10 .array/port v000002a7403d4780, 10;
E_000002a7403547f0/2 .event anyedge, v000002a7403d4780_7, v000002a7403d4780_8, v000002a7403d4780_9, v000002a7403d4780_10;
v000002a7403d4780_11 .array/port v000002a7403d4780, 11;
v000002a7403d4780_12 .array/port v000002a7403d4780, 12;
v000002a7403d4780_13 .array/port v000002a7403d4780, 13;
v000002a7403d4780_14 .array/port v000002a7403d4780, 14;
E_000002a7403547f0/3 .event anyedge, v000002a7403d4780_11, v000002a7403d4780_12, v000002a7403d4780_13, v000002a7403d4780_14;
v000002a7403d4780_15 .array/port v000002a7403d4780, 15;
v000002a7403d4780_16 .array/port v000002a7403d4780, 16;
v000002a7403d4780_17 .array/port v000002a7403d4780, 17;
v000002a7403d4780_18 .array/port v000002a7403d4780, 18;
E_000002a7403547f0/4 .event anyedge, v000002a7403d4780_15, v000002a7403d4780_16, v000002a7403d4780_17, v000002a7403d4780_18;
v000002a7403d4780_19 .array/port v000002a7403d4780, 19;
v000002a7403d4780_20 .array/port v000002a7403d4780, 20;
v000002a7403d4780_21 .array/port v000002a7403d4780, 21;
v000002a7403d4780_22 .array/port v000002a7403d4780, 22;
E_000002a7403547f0/5 .event anyedge, v000002a7403d4780_19, v000002a7403d4780_20, v000002a7403d4780_21, v000002a7403d4780_22;
v000002a7403d4780_23 .array/port v000002a7403d4780, 23;
v000002a7403d4780_24 .array/port v000002a7403d4780, 24;
v000002a7403d4780_25 .array/port v000002a7403d4780, 25;
v000002a7403d4780_26 .array/port v000002a7403d4780, 26;
E_000002a7403547f0/6 .event anyedge, v000002a7403d4780_23, v000002a7403d4780_24, v000002a7403d4780_25, v000002a7403d4780_26;
v000002a7403d4780_27 .array/port v000002a7403d4780, 27;
v000002a7403d4780_28 .array/port v000002a7403d4780, 28;
v000002a7403d4780_29 .array/port v000002a7403d4780, 29;
v000002a7403d4780_30 .array/port v000002a7403d4780, 30;
E_000002a7403547f0/7 .event anyedge, v000002a7403d4780_27, v000002a7403d4780_28, v000002a7403d4780_29, v000002a7403d4780_30;
v000002a7403d4780_31 .array/port v000002a7403d4780, 31;
v000002a7403d4780_32 .array/port v000002a7403d4780, 32;
v000002a7403d4780_33 .array/port v000002a7403d4780, 33;
v000002a7403d4780_34 .array/port v000002a7403d4780, 34;
E_000002a7403547f0/8 .event anyedge, v000002a7403d4780_31, v000002a7403d4780_32, v000002a7403d4780_33, v000002a7403d4780_34;
v000002a7403d4780_35 .array/port v000002a7403d4780, 35;
v000002a7403d4780_36 .array/port v000002a7403d4780, 36;
v000002a7403d4780_37 .array/port v000002a7403d4780, 37;
v000002a7403d4780_38 .array/port v000002a7403d4780, 38;
E_000002a7403547f0/9 .event anyedge, v000002a7403d4780_35, v000002a7403d4780_36, v000002a7403d4780_37, v000002a7403d4780_38;
v000002a7403d4780_39 .array/port v000002a7403d4780, 39;
v000002a7403d4780_40 .array/port v000002a7403d4780, 40;
v000002a7403d4780_41 .array/port v000002a7403d4780, 41;
v000002a7403d4780_42 .array/port v000002a7403d4780, 42;
E_000002a7403547f0/10 .event anyedge, v000002a7403d4780_39, v000002a7403d4780_40, v000002a7403d4780_41, v000002a7403d4780_42;
v000002a7403d4780_43 .array/port v000002a7403d4780, 43;
v000002a7403d4780_44 .array/port v000002a7403d4780, 44;
v000002a7403d4780_45 .array/port v000002a7403d4780, 45;
v000002a7403d4780_46 .array/port v000002a7403d4780, 46;
E_000002a7403547f0/11 .event anyedge, v000002a7403d4780_43, v000002a7403d4780_44, v000002a7403d4780_45, v000002a7403d4780_46;
v000002a7403d4780_47 .array/port v000002a7403d4780, 47;
v000002a7403d4780_48 .array/port v000002a7403d4780, 48;
v000002a7403d4780_49 .array/port v000002a7403d4780, 49;
v000002a7403d4780_50 .array/port v000002a7403d4780, 50;
E_000002a7403547f0/12 .event anyedge, v000002a7403d4780_47, v000002a7403d4780_48, v000002a7403d4780_49, v000002a7403d4780_50;
v000002a7403d4780_51 .array/port v000002a7403d4780, 51;
v000002a7403d4780_52 .array/port v000002a7403d4780, 52;
v000002a7403d4780_53 .array/port v000002a7403d4780, 53;
v000002a7403d4780_54 .array/port v000002a7403d4780, 54;
E_000002a7403547f0/13 .event anyedge, v000002a7403d4780_51, v000002a7403d4780_52, v000002a7403d4780_53, v000002a7403d4780_54;
v000002a7403d4780_55 .array/port v000002a7403d4780, 55;
v000002a7403d4780_56 .array/port v000002a7403d4780, 56;
v000002a7403d4780_57 .array/port v000002a7403d4780, 57;
v000002a7403d4780_58 .array/port v000002a7403d4780, 58;
E_000002a7403547f0/14 .event anyedge, v000002a7403d4780_55, v000002a7403d4780_56, v000002a7403d4780_57, v000002a7403d4780_58;
v000002a7403d4780_59 .array/port v000002a7403d4780, 59;
v000002a7403d4780_60 .array/port v000002a7403d4780, 60;
v000002a7403d4780_61 .array/port v000002a7403d4780, 61;
v000002a7403d4780_62 .array/port v000002a7403d4780, 62;
E_000002a7403547f0/15 .event anyedge, v000002a7403d4780_59, v000002a7403d4780_60, v000002a7403d4780_61, v000002a7403d4780_62;
v000002a7403d4780_63 .array/port v000002a7403d4780, 63;
v000002a7403d4780_64 .array/port v000002a7403d4780, 64;
v000002a7403d4780_65 .array/port v000002a7403d4780, 65;
v000002a7403d4780_66 .array/port v000002a7403d4780, 66;
E_000002a7403547f0/16 .event anyedge, v000002a7403d4780_63, v000002a7403d4780_64, v000002a7403d4780_65, v000002a7403d4780_66;
v000002a7403d4780_67 .array/port v000002a7403d4780, 67;
v000002a7403d4780_68 .array/port v000002a7403d4780, 68;
v000002a7403d4780_69 .array/port v000002a7403d4780, 69;
v000002a7403d4780_70 .array/port v000002a7403d4780, 70;
E_000002a7403547f0/17 .event anyedge, v000002a7403d4780_67, v000002a7403d4780_68, v000002a7403d4780_69, v000002a7403d4780_70;
v000002a7403d4780_71 .array/port v000002a7403d4780, 71;
v000002a7403d4780_72 .array/port v000002a7403d4780, 72;
v000002a7403d4780_73 .array/port v000002a7403d4780, 73;
v000002a7403d4780_74 .array/port v000002a7403d4780, 74;
E_000002a7403547f0/18 .event anyedge, v000002a7403d4780_71, v000002a7403d4780_72, v000002a7403d4780_73, v000002a7403d4780_74;
v000002a7403d4780_75 .array/port v000002a7403d4780, 75;
v000002a7403d4780_76 .array/port v000002a7403d4780, 76;
v000002a7403d4780_77 .array/port v000002a7403d4780, 77;
v000002a7403d4780_78 .array/port v000002a7403d4780, 78;
E_000002a7403547f0/19 .event anyedge, v000002a7403d4780_75, v000002a7403d4780_76, v000002a7403d4780_77, v000002a7403d4780_78;
v000002a7403d4780_79 .array/port v000002a7403d4780, 79;
v000002a7403d4780_80 .array/port v000002a7403d4780, 80;
v000002a7403d4780_81 .array/port v000002a7403d4780, 81;
v000002a7403d4780_82 .array/port v000002a7403d4780, 82;
E_000002a7403547f0/20 .event anyedge, v000002a7403d4780_79, v000002a7403d4780_80, v000002a7403d4780_81, v000002a7403d4780_82;
v000002a7403d4780_83 .array/port v000002a7403d4780, 83;
v000002a7403d4780_84 .array/port v000002a7403d4780, 84;
v000002a7403d4780_85 .array/port v000002a7403d4780, 85;
v000002a7403d4780_86 .array/port v000002a7403d4780, 86;
E_000002a7403547f0/21 .event anyedge, v000002a7403d4780_83, v000002a7403d4780_84, v000002a7403d4780_85, v000002a7403d4780_86;
v000002a7403d4780_87 .array/port v000002a7403d4780, 87;
v000002a7403d4780_88 .array/port v000002a7403d4780, 88;
v000002a7403d4780_89 .array/port v000002a7403d4780, 89;
v000002a7403d4780_90 .array/port v000002a7403d4780, 90;
E_000002a7403547f0/22 .event anyedge, v000002a7403d4780_87, v000002a7403d4780_88, v000002a7403d4780_89, v000002a7403d4780_90;
v000002a7403d4780_91 .array/port v000002a7403d4780, 91;
v000002a7403d4780_92 .array/port v000002a7403d4780, 92;
v000002a7403d4780_93 .array/port v000002a7403d4780, 93;
v000002a7403d4780_94 .array/port v000002a7403d4780, 94;
E_000002a7403547f0/23 .event anyedge, v000002a7403d4780_91, v000002a7403d4780_92, v000002a7403d4780_93, v000002a7403d4780_94;
v000002a7403d4780_95 .array/port v000002a7403d4780, 95;
v000002a7403d4780_96 .array/port v000002a7403d4780, 96;
v000002a7403d4780_97 .array/port v000002a7403d4780, 97;
v000002a7403d4780_98 .array/port v000002a7403d4780, 98;
E_000002a7403547f0/24 .event anyedge, v000002a7403d4780_95, v000002a7403d4780_96, v000002a7403d4780_97, v000002a7403d4780_98;
v000002a7403d4780_99 .array/port v000002a7403d4780, 99;
v000002a7403d4780_100 .array/port v000002a7403d4780, 100;
v000002a7403d4780_101 .array/port v000002a7403d4780, 101;
v000002a7403d4780_102 .array/port v000002a7403d4780, 102;
E_000002a7403547f0/25 .event anyedge, v000002a7403d4780_99, v000002a7403d4780_100, v000002a7403d4780_101, v000002a7403d4780_102;
v000002a7403d4780_103 .array/port v000002a7403d4780, 103;
v000002a7403d4780_104 .array/port v000002a7403d4780, 104;
v000002a7403d4780_105 .array/port v000002a7403d4780, 105;
v000002a7403d4780_106 .array/port v000002a7403d4780, 106;
E_000002a7403547f0/26 .event anyedge, v000002a7403d4780_103, v000002a7403d4780_104, v000002a7403d4780_105, v000002a7403d4780_106;
v000002a7403d4780_107 .array/port v000002a7403d4780, 107;
v000002a7403d4780_108 .array/port v000002a7403d4780, 108;
v000002a7403d4780_109 .array/port v000002a7403d4780, 109;
v000002a7403d4780_110 .array/port v000002a7403d4780, 110;
E_000002a7403547f0/27 .event anyedge, v000002a7403d4780_107, v000002a7403d4780_108, v000002a7403d4780_109, v000002a7403d4780_110;
v000002a7403d4780_111 .array/port v000002a7403d4780, 111;
v000002a7403d4780_112 .array/port v000002a7403d4780, 112;
v000002a7403d4780_113 .array/port v000002a7403d4780, 113;
v000002a7403d4780_114 .array/port v000002a7403d4780, 114;
E_000002a7403547f0/28 .event anyedge, v000002a7403d4780_111, v000002a7403d4780_112, v000002a7403d4780_113, v000002a7403d4780_114;
v000002a7403d4780_115 .array/port v000002a7403d4780, 115;
v000002a7403d4780_116 .array/port v000002a7403d4780, 116;
v000002a7403d4780_117 .array/port v000002a7403d4780, 117;
v000002a7403d4780_118 .array/port v000002a7403d4780, 118;
E_000002a7403547f0/29 .event anyedge, v000002a7403d4780_115, v000002a7403d4780_116, v000002a7403d4780_117, v000002a7403d4780_118;
v000002a7403d4780_119 .array/port v000002a7403d4780, 119;
v000002a7403d4780_120 .array/port v000002a7403d4780, 120;
v000002a7403d4780_121 .array/port v000002a7403d4780, 121;
v000002a7403d4780_122 .array/port v000002a7403d4780, 122;
E_000002a7403547f0/30 .event anyedge, v000002a7403d4780_119, v000002a7403d4780_120, v000002a7403d4780_121, v000002a7403d4780_122;
v000002a7403d4780_123 .array/port v000002a7403d4780, 123;
v000002a7403d4780_124 .array/port v000002a7403d4780, 124;
v000002a7403d4780_125 .array/port v000002a7403d4780, 125;
v000002a7403d4780_126 .array/port v000002a7403d4780, 126;
E_000002a7403547f0/31 .event anyedge, v000002a7403d4780_123, v000002a7403d4780_124, v000002a7403d4780_125, v000002a7403d4780_126;
v000002a7403d4780_127 .array/port v000002a7403d4780, 127;
v000002a7403d4780_128 .array/port v000002a7403d4780, 128;
v000002a7403d4780_129 .array/port v000002a7403d4780, 129;
v000002a7403d4780_130 .array/port v000002a7403d4780, 130;
E_000002a7403547f0/32 .event anyedge, v000002a7403d4780_127, v000002a7403d4780_128, v000002a7403d4780_129, v000002a7403d4780_130;
v000002a7403d4780_131 .array/port v000002a7403d4780, 131;
v000002a7403d4780_132 .array/port v000002a7403d4780, 132;
v000002a7403d4780_133 .array/port v000002a7403d4780, 133;
v000002a7403d4780_134 .array/port v000002a7403d4780, 134;
E_000002a7403547f0/33 .event anyedge, v000002a7403d4780_131, v000002a7403d4780_132, v000002a7403d4780_133, v000002a7403d4780_134;
v000002a7403d4780_135 .array/port v000002a7403d4780, 135;
v000002a7403d4780_136 .array/port v000002a7403d4780, 136;
v000002a7403d4780_137 .array/port v000002a7403d4780, 137;
v000002a7403d4780_138 .array/port v000002a7403d4780, 138;
E_000002a7403547f0/34 .event anyedge, v000002a7403d4780_135, v000002a7403d4780_136, v000002a7403d4780_137, v000002a7403d4780_138;
v000002a7403d4780_139 .array/port v000002a7403d4780, 139;
v000002a7403d4780_140 .array/port v000002a7403d4780, 140;
v000002a7403d4780_141 .array/port v000002a7403d4780, 141;
v000002a7403d4780_142 .array/port v000002a7403d4780, 142;
E_000002a7403547f0/35 .event anyedge, v000002a7403d4780_139, v000002a7403d4780_140, v000002a7403d4780_141, v000002a7403d4780_142;
v000002a7403d4780_143 .array/port v000002a7403d4780, 143;
v000002a7403d4780_144 .array/port v000002a7403d4780, 144;
v000002a7403d4780_145 .array/port v000002a7403d4780, 145;
v000002a7403d4780_146 .array/port v000002a7403d4780, 146;
E_000002a7403547f0/36 .event anyedge, v000002a7403d4780_143, v000002a7403d4780_144, v000002a7403d4780_145, v000002a7403d4780_146;
v000002a7403d4780_147 .array/port v000002a7403d4780, 147;
v000002a7403d4780_148 .array/port v000002a7403d4780, 148;
v000002a7403d4780_149 .array/port v000002a7403d4780, 149;
v000002a7403d4780_150 .array/port v000002a7403d4780, 150;
E_000002a7403547f0/37 .event anyedge, v000002a7403d4780_147, v000002a7403d4780_148, v000002a7403d4780_149, v000002a7403d4780_150;
v000002a7403d4780_151 .array/port v000002a7403d4780, 151;
v000002a7403d4780_152 .array/port v000002a7403d4780, 152;
v000002a7403d4780_153 .array/port v000002a7403d4780, 153;
v000002a7403d4780_154 .array/port v000002a7403d4780, 154;
E_000002a7403547f0/38 .event anyedge, v000002a7403d4780_151, v000002a7403d4780_152, v000002a7403d4780_153, v000002a7403d4780_154;
v000002a7403d4780_155 .array/port v000002a7403d4780, 155;
v000002a7403d4780_156 .array/port v000002a7403d4780, 156;
v000002a7403d4780_157 .array/port v000002a7403d4780, 157;
v000002a7403d4780_158 .array/port v000002a7403d4780, 158;
E_000002a7403547f0/39 .event anyedge, v000002a7403d4780_155, v000002a7403d4780_156, v000002a7403d4780_157, v000002a7403d4780_158;
v000002a7403d4780_159 .array/port v000002a7403d4780, 159;
v000002a7403d4780_160 .array/port v000002a7403d4780, 160;
v000002a7403d4780_161 .array/port v000002a7403d4780, 161;
v000002a7403d4780_162 .array/port v000002a7403d4780, 162;
E_000002a7403547f0/40 .event anyedge, v000002a7403d4780_159, v000002a7403d4780_160, v000002a7403d4780_161, v000002a7403d4780_162;
v000002a7403d4780_163 .array/port v000002a7403d4780, 163;
v000002a7403d4780_164 .array/port v000002a7403d4780, 164;
v000002a7403d4780_165 .array/port v000002a7403d4780, 165;
v000002a7403d4780_166 .array/port v000002a7403d4780, 166;
E_000002a7403547f0/41 .event anyedge, v000002a7403d4780_163, v000002a7403d4780_164, v000002a7403d4780_165, v000002a7403d4780_166;
v000002a7403d4780_167 .array/port v000002a7403d4780, 167;
v000002a7403d4780_168 .array/port v000002a7403d4780, 168;
v000002a7403d4780_169 .array/port v000002a7403d4780, 169;
v000002a7403d4780_170 .array/port v000002a7403d4780, 170;
E_000002a7403547f0/42 .event anyedge, v000002a7403d4780_167, v000002a7403d4780_168, v000002a7403d4780_169, v000002a7403d4780_170;
v000002a7403d4780_171 .array/port v000002a7403d4780, 171;
v000002a7403d4780_172 .array/port v000002a7403d4780, 172;
v000002a7403d4780_173 .array/port v000002a7403d4780, 173;
v000002a7403d4780_174 .array/port v000002a7403d4780, 174;
E_000002a7403547f0/43 .event anyedge, v000002a7403d4780_171, v000002a7403d4780_172, v000002a7403d4780_173, v000002a7403d4780_174;
v000002a7403d4780_175 .array/port v000002a7403d4780, 175;
v000002a7403d4780_176 .array/port v000002a7403d4780, 176;
v000002a7403d4780_177 .array/port v000002a7403d4780, 177;
v000002a7403d4780_178 .array/port v000002a7403d4780, 178;
E_000002a7403547f0/44 .event anyedge, v000002a7403d4780_175, v000002a7403d4780_176, v000002a7403d4780_177, v000002a7403d4780_178;
v000002a7403d4780_179 .array/port v000002a7403d4780, 179;
v000002a7403d4780_180 .array/port v000002a7403d4780, 180;
v000002a7403d4780_181 .array/port v000002a7403d4780, 181;
v000002a7403d4780_182 .array/port v000002a7403d4780, 182;
E_000002a7403547f0/45 .event anyedge, v000002a7403d4780_179, v000002a7403d4780_180, v000002a7403d4780_181, v000002a7403d4780_182;
v000002a7403d4780_183 .array/port v000002a7403d4780, 183;
v000002a7403d4780_184 .array/port v000002a7403d4780, 184;
v000002a7403d4780_185 .array/port v000002a7403d4780, 185;
v000002a7403d4780_186 .array/port v000002a7403d4780, 186;
E_000002a7403547f0/46 .event anyedge, v000002a7403d4780_183, v000002a7403d4780_184, v000002a7403d4780_185, v000002a7403d4780_186;
v000002a7403d4780_187 .array/port v000002a7403d4780, 187;
v000002a7403d4780_188 .array/port v000002a7403d4780, 188;
v000002a7403d4780_189 .array/port v000002a7403d4780, 189;
v000002a7403d4780_190 .array/port v000002a7403d4780, 190;
E_000002a7403547f0/47 .event anyedge, v000002a7403d4780_187, v000002a7403d4780_188, v000002a7403d4780_189, v000002a7403d4780_190;
v000002a7403d4780_191 .array/port v000002a7403d4780, 191;
v000002a7403d4780_192 .array/port v000002a7403d4780, 192;
v000002a7403d4780_193 .array/port v000002a7403d4780, 193;
v000002a7403d4780_194 .array/port v000002a7403d4780, 194;
E_000002a7403547f0/48 .event anyedge, v000002a7403d4780_191, v000002a7403d4780_192, v000002a7403d4780_193, v000002a7403d4780_194;
v000002a7403d4780_195 .array/port v000002a7403d4780, 195;
v000002a7403d4780_196 .array/port v000002a7403d4780, 196;
v000002a7403d4780_197 .array/port v000002a7403d4780, 197;
v000002a7403d4780_198 .array/port v000002a7403d4780, 198;
E_000002a7403547f0/49 .event anyedge, v000002a7403d4780_195, v000002a7403d4780_196, v000002a7403d4780_197, v000002a7403d4780_198;
v000002a7403d4780_199 .array/port v000002a7403d4780, 199;
v000002a7403d4780_200 .array/port v000002a7403d4780, 200;
v000002a7403d4780_201 .array/port v000002a7403d4780, 201;
v000002a7403d4780_202 .array/port v000002a7403d4780, 202;
E_000002a7403547f0/50 .event anyedge, v000002a7403d4780_199, v000002a7403d4780_200, v000002a7403d4780_201, v000002a7403d4780_202;
v000002a7403d4780_203 .array/port v000002a7403d4780, 203;
v000002a7403d4780_204 .array/port v000002a7403d4780, 204;
v000002a7403d4780_205 .array/port v000002a7403d4780, 205;
v000002a7403d4780_206 .array/port v000002a7403d4780, 206;
E_000002a7403547f0/51 .event anyedge, v000002a7403d4780_203, v000002a7403d4780_204, v000002a7403d4780_205, v000002a7403d4780_206;
v000002a7403d4780_207 .array/port v000002a7403d4780, 207;
v000002a7403d4780_208 .array/port v000002a7403d4780, 208;
v000002a7403d4780_209 .array/port v000002a7403d4780, 209;
v000002a7403d4780_210 .array/port v000002a7403d4780, 210;
E_000002a7403547f0/52 .event anyedge, v000002a7403d4780_207, v000002a7403d4780_208, v000002a7403d4780_209, v000002a7403d4780_210;
v000002a7403d4780_211 .array/port v000002a7403d4780, 211;
v000002a7403d4780_212 .array/port v000002a7403d4780, 212;
v000002a7403d4780_213 .array/port v000002a7403d4780, 213;
v000002a7403d4780_214 .array/port v000002a7403d4780, 214;
E_000002a7403547f0/53 .event anyedge, v000002a7403d4780_211, v000002a7403d4780_212, v000002a7403d4780_213, v000002a7403d4780_214;
v000002a7403d4780_215 .array/port v000002a7403d4780, 215;
v000002a7403d4780_216 .array/port v000002a7403d4780, 216;
v000002a7403d4780_217 .array/port v000002a7403d4780, 217;
v000002a7403d4780_218 .array/port v000002a7403d4780, 218;
E_000002a7403547f0/54 .event anyedge, v000002a7403d4780_215, v000002a7403d4780_216, v000002a7403d4780_217, v000002a7403d4780_218;
v000002a7403d4780_219 .array/port v000002a7403d4780, 219;
v000002a7403d4780_220 .array/port v000002a7403d4780, 220;
v000002a7403d4780_221 .array/port v000002a7403d4780, 221;
v000002a7403d4780_222 .array/port v000002a7403d4780, 222;
E_000002a7403547f0/55 .event anyedge, v000002a7403d4780_219, v000002a7403d4780_220, v000002a7403d4780_221, v000002a7403d4780_222;
v000002a7403d4780_223 .array/port v000002a7403d4780, 223;
v000002a7403d4780_224 .array/port v000002a7403d4780, 224;
v000002a7403d4780_225 .array/port v000002a7403d4780, 225;
v000002a7403d4780_226 .array/port v000002a7403d4780, 226;
E_000002a7403547f0/56 .event anyedge, v000002a7403d4780_223, v000002a7403d4780_224, v000002a7403d4780_225, v000002a7403d4780_226;
v000002a7403d4780_227 .array/port v000002a7403d4780, 227;
v000002a7403d4780_228 .array/port v000002a7403d4780, 228;
v000002a7403d4780_229 .array/port v000002a7403d4780, 229;
v000002a7403d4780_230 .array/port v000002a7403d4780, 230;
E_000002a7403547f0/57 .event anyedge, v000002a7403d4780_227, v000002a7403d4780_228, v000002a7403d4780_229, v000002a7403d4780_230;
v000002a7403d4780_231 .array/port v000002a7403d4780, 231;
v000002a7403d4780_232 .array/port v000002a7403d4780, 232;
v000002a7403d4780_233 .array/port v000002a7403d4780, 233;
v000002a7403d4780_234 .array/port v000002a7403d4780, 234;
E_000002a7403547f0/58 .event anyedge, v000002a7403d4780_231, v000002a7403d4780_232, v000002a7403d4780_233, v000002a7403d4780_234;
v000002a7403d4780_235 .array/port v000002a7403d4780, 235;
v000002a7403d4780_236 .array/port v000002a7403d4780, 236;
v000002a7403d4780_237 .array/port v000002a7403d4780, 237;
v000002a7403d4780_238 .array/port v000002a7403d4780, 238;
E_000002a7403547f0/59 .event anyedge, v000002a7403d4780_235, v000002a7403d4780_236, v000002a7403d4780_237, v000002a7403d4780_238;
v000002a7403d4780_239 .array/port v000002a7403d4780, 239;
v000002a7403d4780_240 .array/port v000002a7403d4780, 240;
v000002a7403d4780_241 .array/port v000002a7403d4780, 241;
v000002a7403d4780_242 .array/port v000002a7403d4780, 242;
E_000002a7403547f0/60 .event anyedge, v000002a7403d4780_239, v000002a7403d4780_240, v000002a7403d4780_241, v000002a7403d4780_242;
v000002a7403d4780_243 .array/port v000002a7403d4780, 243;
v000002a7403d4780_244 .array/port v000002a7403d4780, 244;
v000002a7403d4780_245 .array/port v000002a7403d4780, 245;
v000002a7403d4780_246 .array/port v000002a7403d4780, 246;
E_000002a7403547f0/61 .event anyedge, v000002a7403d4780_243, v000002a7403d4780_244, v000002a7403d4780_245, v000002a7403d4780_246;
v000002a7403d4780_247 .array/port v000002a7403d4780, 247;
v000002a7403d4780_248 .array/port v000002a7403d4780, 248;
v000002a7403d4780_249 .array/port v000002a7403d4780, 249;
v000002a7403d4780_250 .array/port v000002a7403d4780, 250;
E_000002a7403547f0/62 .event anyedge, v000002a7403d4780_247, v000002a7403d4780_248, v000002a7403d4780_249, v000002a7403d4780_250;
v000002a7403d4780_251 .array/port v000002a7403d4780, 251;
v000002a7403d4780_252 .array/port v000002a7403d4780, 252;
v000002a7403d4780_253 .array/port v000002a7403d4780, 253;
v000002a7403d4780_254 .array/port v000002a7403d4780, 254;
E_000002a7403547f0/63 .event anyedge, v000002a7403d4780_251, v000002a7403d4780_252, v000002a7403d4780_253, v000002a7403d4780_254;
v000002a7403d4780_255 .array/port v000002a7403d4780, 255;
E_000002a7403547f0/64 .event anyedge, v000002a7403d4780_255;
E_000002a7403547f0 .event/or E_000002a7403547f0/0, E_000002a7403547f0/1, E_000002a7403547f0/2, E_000002a7403547f0/3, E_000002a7403547f0/4, E_000002a7403547f0/5, E_000002a7403547f0/6, E_000002a7403547f0/7, E_000002a7403547f0/8, E_000002a7403547f0/9, E_000002a7403547f0/10, E_000002a7403547f0/11, E_000002a7403547f0/12, E_000002a7403547f0/13, E_000002a7403547f0/14, E_000002a7403547f0/15, E_000002a7403547f0/16, E_000002a7403547f0/17, E_000002a7403547f0/18, E_000002a7403547f0/19, E_000002a7403547f0/20, E_000002a7403547f0/21, E_000002a7403547f0/22, E_000002a7403547f0/23, E_000002a7403547f0/24, E_000002a7403547f0/25, E_000002a7403547f0/26, E_000002a7403547f0/27, E_000002a7403547f0/28, E_000002a7403547f0/29, E_000002a7403547f0/30, E_000002a7403547f0/31, E_000002a7403547f0/32, E_000002a7403547f0/33, E_000002a7403547f0/34, E_000002a7403547f0/35, E_000002a7403547f0/36, E_000002a7403547f0/37, E_000002a7403547f0/38, E_000002a7403547f0/39, E_000002a7403547f0/40, E_000002a7403547f0/41, E_000002a7403547f0/42, E_000002a7403547f0/43, E_000002a7403547f0/44, E_000002a7403547f0/45, E_000002a7403547f0/46, E_000002a7403547f0/47, E_000002a7403547f0/48, E_000002a7403547f0/49, E_000002a7403547f0/50, E_000002a7403547f0/51, E_000002a7403547f0/52, E_000002a7403547f0/53, E_000002a7403547f0/54, E_000002a7403547f0/55, E_000002a7403547f0/56, E_000002a7403547f0/57, E_000002a7403547f0/58, E_000002a7403547f0/59, E_000002a7403547f0/60, E_000002a7403547f0/61, E_000002a7403547f0/62, E_000002a7403547f0/63, E_000002a7403547f0/64;
    .scope S_000002a7402fd540;
T_0 ;
    %wait E_000002a7403541f0;
    %load/vec4 v000002a74037b6d0_0;
    %nor/r;
    %flag_set/vec4 8;
    %jmp/0xz  T_0.0, 8;
    %pushi/vec4 0, 0, 32;
    %assign/vec4 v000002a74037bf90_0, 0;
    %pushi/vec4 0, 0, 1;
    %assign/vec4 v000002a74037c990_0, 0;
    %jmp T_0.1;
T_0.0 ;
    %load/vec4 v000002a740345280_0;
    %flag_set/vec4 8;
    %jmp/0xz  T_0.2, 8;
    %load/vec4 v000002a74037d390_0;
    %assign/vec4 v000002a74037bf90_0, 0;
    %load/vec4 v000002a74037cf30_0;
    %assign/vec4 v000002a74037be50_0, 0;
    %load/vec4 v000002a74037bef0_0;
    %assign/vec4 v000002a74037c990_0, 0;
T_0.2 ;
T_0.1 ;
    %jmp T_0;
    .thread T_0;
    .scope S_000002a7402fd6d0;
T_1 ;
    %wait E_000002a7403547b0;
    %load/vec4 v000002a74037c3f0_0;
    %flag_set/vec4 8;
    %jmp/0xz  T_1.0, 8;
    %pushi/vec4 0, 0, 32;
    %assign/vec4 v000002a74037cb70_0, 0;
    %pushi/vec4 0, 0, 32;
    %assign/vec4 v000002a74037d2f0_0, 0;
    %pushi/vec4 0, 0, 32;
    %assign/vec4 v000002a74037cd50_0, 0;
    %pushi/vec4 0, 0, 32;
    %assign/vec4 v000002a74037ccb0_0, 0;
    %pushi/vec4 0, 0, 5;
    %assign/vec4 v000002a74037bbd0_0, 0;
    %pushi/vec4 0, 0, 5;
    %assign/vec4 v000002a74037bc70_0, 0;
    %pushi/vec4 0, 0, 1;
    %assign/vec4 v000002a74037b8b0_0, 0;
    %pushi/vec4 0, 0, 1;
    %assign/vec4 v000002a74037ba90_0, 0;
    %pushi/vec4 0, 0, 1;
    %assign/vec4 v000002a74037d070_0, 0;
    %pushi/vec4 0, 0, 1;
    %assign/vec4 v000002a74037b810_0, 0;
    %pushi/vec4 0, 0, 1;
    %assign/vec4 v000002a74037ca30_0, 0;
    %pushi/vec4 0, 0, 1;
    %assign/vec4 v000002a74037b9f0_0, 0;
    %pushi/vec4 0, 0, 1;
    %assign/vec4 v000002a74037d110_0, 0;
    %pushi/vec4 0, 0, 3;
    %assign/vec4 v000002a74037c030_0, 0;
    %jmp T_1.1;
T_1.0 ;
    %load/vec4 v000002a74037c210_0;
    %assign/vec4 v000002a74037cb70_0, 0;
    %load/vec4 v000002a74037c350_0;
    %assign/vec4 v000002a74037d2f0_0, 0;
    %load/vec4 v000002a74037bb30_0;
    %assign/vec4 v000002a74037cd50_0, 0;
    %load/vec4 v000002a74037b770_0;
    %assign/vec4 v000002a74037ccb0_0, 0;
    %load/vec4 v000002a74037cdf0_0;
    %assign/vec4 v000002a74037bbd0_0, 0;
    %load/vec4 v000002a74037b950_0;
    %assign/vec4 v000002a74037bc70_0, 0;
    %load/vec4 v000002a74037c530_0;
    %assign/vec4 v000002a74037b8b0_0, 0;
    %load/vec4 v000002a74037c850_0;
    %assign/vec4 v000002a74037ba90_0, 0;
    %load/vec4 v000002a74037c170_0;
    %assign/vec4 v000002a74037d070_0, 0;
    %load/vec4 v000002a74037d430_0;
    %assign/vec4 v000002a74037b810_0, 0;
    %load/vec4 v000002a74037c710_0;
    %assign/vec4 v000002a74037ca30_0, 0;
    %load/vec4 v000002a74037cfd0_0;
    %assign/vec4 v000002a74037b9f0_0, 0;
    %load/vec4 v000002a74037d250_0;
    %assign/vec4 v000002a74037d110_0, 0;
    %load/vec4 v000002a74037d4d0_0;
    %assign/vec4 v000002a74037c030_0, 0;
T_1.1 ;
    %jmp T_1;
    .thread T_1;
    .scope S_000002a7402df670;
T_2 ;
    %wait E_000002a7403543f0;
    %load/vec4 v000002a740346900_0;
    %nor/r;
    %flag_set/vec4 8;
    %jmp/1 T_2.2, 8;
    %load/vec4 v000002a74037cad0_0;
    %flag_set/vec4 9;
    %flag_or 8, 9;
T_2.2;
    %jmp/0xz  T_2.0, 8;
    %pushi/vec4 19, 0, 32;
    %assign/vec4 v000002a74037c5d0_0, 0;
    %pushi/vec4 0, 0, 32;
    %assign/vec4 v000002a74037c7b0_0, 0;
    %jmp T_2.1;
T_2.0 ;
    %load/vec4 v000002a74037bdb0_0;
    %flag_set/vec4 8;
    %jmp/0xz  T_2.3, 8;
    %load/vec4 v000002a74037c490_0;
    %assign/vec4 v000002a74037c5d0_0, 0;
    %load/vec4 v000002a74037c670_0;
    %assign/vec4 v000002a74037c7b0_0, 0;
T_2.3 ;
T_2.1 ;
    %jmp T_2;
    .thread T_2;
    .scope S_000002a7402ffa30;
T_3 ;
    %wait E_000002a740354570;
    %load/vec4 v000002a7403d1840_0;
    %nor/r;
    %flag_set/vec4 8;
    %jmp/0xz  T_3.0, 8;
    %pushi/vec4 0, 0, 32;
    %assign/vec4 v000002a7403d08a0_0, 0;
    %jmp T_3.1;
T_3.0 ;
    %load/vec4 v000002a7403d10c0_0;
    %flag_set/vec4 8;
    %jmp/0xz  T_3.2, 8;
    %load/vec4 v000002a7403d1c00_0;
    %assign/vec4 v000002a7403d08a0_0, 0;
T_3.2 ;
T_3.1 ;
    %jmp T_3;
    .thread T_3;
    .scope S_000002a7402ffd50;
T_4 ;
    %vpi_call 2 261 "$readmemh", "program.hex", v000002a7403d1d40, 32'sb00000000000000000000000000000000, 32'sb00000000000000000000001111111111 {0 0 0};
    %end;
    .thread T_4;
    .scope S_000002a740300070;
T_5 ;
    %wait E_000002a740353fb0;
    %pushi/vec4 1, 0, 1;
    %store/vec4 v000002a7403cea70_0, 0, 1;
    %pushi/vec4 0, 0, 3;
    %store/vec4 v000002a7403cf650_0, 0, 3;
    %pushi/vec4 0, 0, 1;
    %store/vec4 v000002a7403cfb50_0, 0, 1;
    %pushi/vec4 0, 0, 1;
    %store/vec4 v000002a7403cef70_0, 0, 1;
    %pushi/vec4 0, 0, 3;
    %store/vec4 v000002a7403cf5b0_0, 0, 3;
    %pushi/vec4 0, 0, 1;
    %store/vec4 v000002a7403cfe70_0, 0, 1;
    %pushi/vec4 0, 0, 1;
    %store/vec4 v000002a7403cf970_0, 0, 1;
    %pushi/vec4 0, 0, 1;
    %store/vec4 v000002a7403ce390_0, 0, 1;
    %pushi/vec4 0, 0, 1;
    %store/vec4 v000002a7403cfab0_0, 0, 1;
    %pushi/vec4 0, 0, 2;
    %store/vec4 v000002a7403cecf0_0, 0, 2;
    %pushi/vec4 0, 0, 1;
    %store/vec4 v000002a7403ce2f0_0, 0, 1;
    %load/vec4 v000002a7403cf470_0;
    %dup/vec4;
    %pushi/vec4 51, 0, 7;
    %cmp/u;
    %jmp/1 T_5.0, 6;
    %dup/vec4;
    %pushi/vec4 19, 0, 7;
    %cmp/u;
    %jmp/1 T_5.1, 6;
    %dup/vec4;
    %pushi/vec4 3, 0, 7;
    %cmp/u;
    %jmp/1 T_5.2, 6;
    %dup/vec4;
    %pushi/vec4 35, 0, 7;
    %cmp/u;
    %jmp/1 T_5.3, 6;
    %dup/vec4;
    %pushi/vec4 99, 0, 7;
    %cmp/u;
    %jmp/1 T_5.4, 6;
    %dup/vec4;
    %pushi/vec4 59, 0, 7;
    %cmp/u;
    %jmp/1 T_5.5, 6;
    %pushi/vec4 1, 0, 1;
    %store/vec4 v000002a7403cea70_0, 0, 1;
    %pushi/vec4 0, 0, 1;
    %store/vec4 v000002a7403cfb50_0, 0, 1;
    %jmp T_5.7;
T_5.0 ;
    %pushi/vec4 1, 0, 1;
    %store/vec4 v000002a7403cfb50_0, 0, 1;
    %pushi/vec4 0, 0, 1;
    %store/vec4 v000002a7403cef70_0, 0, 1;
    %pushi/vec4 0, 0, 3;
    %store/vec4 v000002a7403cf5b0_0, 0, 3;
    %jmp T_5.7;
T_5.1 ;
    %pushi/vec4 1, 0, 1;
    %store/vec4 v000002a7403cfb50_0, 0, 1;
    %pushi/vec4 1, 0, 1;
    %store/vec4 v000002a7403cef70_0, 0, 1;
    %pushi/vec4 0, 0, 3;
    %store/vec4 v000002a7403cf5b0_0, 0, 3;
    %pushi/vec4 1, 0, 3;
    %store/vec4 v000002a7403cf650_0, 0, 3;
    %jmp T_5.7;
T_5.2 ;
    %pushi/vec4 1, 0, 1;
    %store/vec4 v000002a7403cfb50_0, 0, 1;
    %pushi/vec4 1, 0, 1;
    %store/vec4 v000002a7403cef70_0, 0, 1;
    %pushi/vec4 0, 0, 3;
    %store/vec4 v000002a7403cf5b0_0, 0, 3;
    %pushi/vec4 1, 0, 3;
    %store/vec4 v000002a7403cf650_0, 0, 3;
    %pushi/vec4 1, 0, 1;
    %store/vec4 v000002a7403cfe70_0, 0, 1;
    %pushi/vec4 1, 0, 1;
    %store/vec4 v000002a7403ce390_0, 0, 1;
    %jmp T_5.7;
T_5.3 ;
    %pushi/vec4 1, 0, 1;
    %store/vec4 v000002a7403cef70_0, 0, 1;
    %pushi/vec4 0, 0, 3;
    %store/vec4 v000002a7403cf5b0_0, 0, 3;
    %pushi/vec4 2, 0, 3;
    %store/vec4 v000002a7403cf650_0, 0, 3;
    %pushi/vec4 1, 0, 1;
    %store/vec4 v000002a7403cf970_0, 0, 1;
    %jmp T_5.7;
T_5.4 ;
    %pushi/vec4 1, 0, 1;
    %store/vec4 v000002a7403cfab0_0, 0, 1;
    %pushi/vec4 3, 0, 3;
    %store/vec4 v000002a7403cf650_0, 0, 3;
    %pushi/vec4 1, 0, 2;
    %store/vec4 v000002a7403cecf0_0, 0, 2;
    %pushi/vec4 1, 0, 1;
    %store/vec4 v000002a7403cea70_0, 0, 1;
    %jmp T_5.7;
T_5.5 ;
    %pushi/vec4 1, 0, 1;
    %store/vec4 v000002a7403ce2f0_0, 0, 1;
    %pushi/vec4 5, 0, 3;
    %store/vec4 v000002a7403cf650_0, 0, 3;
    %pushi/vec4 2, 0, 2;
    %store/vec4 v000002a7403cecf0_0, 0, 2;
    %pushi/vec4 1, 0, 1;
    %store/vec4 v000002a7403cfb50_0, 0, 1;
    %jmp T_5.7;
T_5.7 ;
    %pop/vec4 1;
    %jmp T_5;
    .thread T_5, $push;
    .scope S_000002a740300390;
T_6 ;
    %wait E_000002a740354db0;
    %load/vec4 v000002a7403d0760_0;
    %dup/vec4;
    %pushi/vec4 1, 0, 3;
    %cmp/u;
    %jmp/1 T_6.0, 6;
    %dup/vec4;
    %pushi/vec4 2, 0, 3;
    %cmp/u;
    %jmp/1 T_6.1, 6;
    %dup/vec4;
    %pushi/vec4 3, 0, 3;
    %cmp/u;
    %jmp/1 T_6.2, 6;
    %dup/vec4;
    %pushi/vec4 4, 0, 3;
    %cmp/u;
    %jmp/1 T_6.3, 6;
    %dup/vec4;
    %pushi/vec4 5, 0, 3;
    %cmp/u;
    %jmp/1 T_6.4, 6;
    %pushi/vec4 0, 0, 32;
    %store/vec4 v000002a7403d0260_0, 0, 32;
    %jmp T_6.6;
T_6.0 ;
    %load/vec4 v000002a7403d06c0_0;
    %store/vec4 v000002a7403d0260_0, 0, 32;
    %jmp T_6.6;
T_6.1 ;
    %load/vec4 v000002a7403d0120_0;
    %store/vec4 v000002a7403d0260_0, 0, 32;
    %jmp T_6.6;
T_6.2 ;
    %load/vec4 v000002a7403d09e0_0;
    %store/vec4 v000002a7403d0260_0, 0, 32;
    %jmp T_6.6;
T_6.3 ;
    %load/vec4 v000002a7403d0300_0;
    %store/vec4 v000002a7403d0260_0, 0, 32;
    %jmp T_6.6;
T_6.4 ;
    %load/vec4 v000002a7403d1160_0;
    %store/vec4 v000002a7403d0260_0, 0, 32;
    %jmp T_6.6;
T_6.6 ;
    %pop/vec4 1;
    %jmp T_6;
    .thread T_6, $push;
    .scope S_000002a7402ffee0;
T_7 ;
    %wait E_000002a740354570;
    %load/vec4 v000002a7403d1700_0;
    %nor/r;
    %flag_set/vec4 8;
    %jmp/0xz  T_7.0, 8;
    %pushi/vec4 0, 0, 32;
    %store/vec4 v000002a7403d0bc0_0, 0, 32;
T_7.2 ;
    %load/vec4 v000002a7403d0bc0_0;
    %cmpi/s 32, 0, 32;
    %jmp/0xz T_7.3, 5;
    %pushi/vec4 0, 0, 32;
    %ix/getv/s 3, v000002a7403d0bc0_0;
    %ix/load 4, 0, 0; Constant delay
    %assign/vec4/a/d v000002a7403d1660, 0, 4;
    %load/vec4 v000002a7403d0bc0_0;
    %addi 1, 0, 32;
    %store/vec4 v000002a7403d0bc0_0, 0, 32;
    %jmp T_7.2;
T_7.3 ;
    %jmp T_7.1;
T_7.0 ;
    %load/vec4 v000002a7403d5860_0;
    %flag_set/vec4 9;
    %flag_get/vec4 9;
    %jmp/0 T_7.6, 9;
    %load/vec4 v000002a7403d4640_0;
    %pushi/vec4 0, 0, 5;
    %cmp/ne;
    %flag_get/vec4 4;
    %and;
T_7.6;
    %flag_set/vec4 8;
    %jmp/0xz  T_7.4, 8;
    %load/vec4 v000002a7403d4140_0;
    %load/vec4 v000002a7403d4640_0;
    %pad/u 7;
    %ix/vec4 3;
    %ix/load 4, 0, 0; Constant delay
    %assign/vec4/a/d v000002a7403d1660, 0, 4;
T_7.4 ;
T_7.1 ;
    %jmp T_7;
    .thread T_7;
    .scope S_000002a7402ffbc0;
T_8 ;
    %wait E_000002a740354b70;
    %load/vec4 v000002a7403ce4d0_0;
    %flag_set/vec4 8;
    %jmp/0xz  T_8.0, 8;
    %load/vec4 v000002a7403cf510_0;
    %load/vec4 v000002a7403cff10_0;
    %pad/u 12;
    %ix/vec4 3;
    %ix/load 4, 0, 0; Constant delay
    %assign/vec4/a/d v000002a7403ce570, 0, 4;
T_8.0 ;
    %jmp T_8;
    .thread T_8;
    .scope S_000002a7402ec9c0;
T_9 ;
    %wait E_000002a740354b30;
    %pushi/vec4 0, 0, 32;
    %store/vec4 v000002a7403cddc0_0, 0, 32;
    %pushi/vec4 0, 0, 1;
    %store/vec4 v000002a7403cd320_0, 0, 1;
    %load/vec4 v000002a7403cd3c0_0;
    %dup/vec4;
    %pushi/vec4 0, 0, 3;
    %cmp/u;
    %jmp/1 T_9.0, 6;
    %dup/vec4;
    %pushi/vec4 1, 0, 3;
    %cmp/u;
    %jmp/1 T_9.1, 6;
    %dup/vec4;
    %pushi/vec4 2, 0, 3;
    %cmp/u;
    %jmp/1 T_9.2, 6;
    %dup/vec4;
    %pushi/vec4 3, 0, 3;
    %cmp/u;
    %jmp/1 T_9.3, 6;
    %dup/vec4;
    %pushi/vec4 4, 0, 3;
    %cmp/u;
    %jmp/1 T_9.4, 6;
    %dup/vec4;
    %pushi/vec4 5, 0, 3;
    %cmp/u;
    %jmp/1 T_9.5, 6;
    %dup/vec4;
    %pushi/vec4 6, 0, 3;
    %cmp/u;
    %jmp/1 T_9.6, 6;
    %dup/vec4;
    %pushi/vec4 7, 0, 3;
    %cmp/u;
    %jmp/1 T_9.7, 6;
    %pushi/vec4 0, 0, 32;
    %store/vec4 v000002a7403cddc0_0, 0, 32;
    %pushi/vec4 0, 0, 1;
    %store/vec4 v000002a7403cd320_0, 0, 1;
    %jmp T_9.9;
T_9.0 ;
    %load/vec4 v000002a7403ce890_0;
    %store/vec4 v000002a7403cddc0_0, 0, 32;
    %load/vec4 v000002a7403cc9c0_0;
    %store/vec4 v000002a7403cd320_0, 0, 1;
    %jmp T_9.9;
T_9.1 ;
    %load/vec4 v000002a7403ccb00_0;
    %store/vec4 v000002a7403cddc0_0, 0, 32;
    %load/vec4 v000002a7403cc880_0;
    %store/vec4 v000002a7403cd320_0, 0, 1;
    %jmp T_9.9;
T_9.2 ;
    %load/vec4 v000002a7403ce6b0_0;
    %store/vec4 v000002a7403cddc0_0, 0, 32;
    %load/vec4 v000002a7403cca60_0;
    %store/vec4 v000002a7403cd320_0, 0, 1;
    %jmp T_9.9;
T_9.3 ;
    %load/vec4 v000002a7403cfdd0_0;
    %store/vec4 v000002a7403cddc0_0, 0, 32;
    %pushi/vec4 0, 0, 1;
    %store/vec4 v000002a7403cd320_0, 0, 1;
    %jmp T_9.9;
T_9.4 ;
    %load/vec4 v000002a7403cc600_0;
    %store/vec4 v000002a7403cddc0_0, 0, 32;
    %pushi/vec4 0, 0, 1;
    %store/vec4 v000002a7403cd320_0, 0, 1;
    %jmp T_9.9;
T_9.5 ;
    %load/vec4 v000002a7403ce9d0_0;
    %store/vec4 v000002a7403cddc0_0, 0, 32;
    %pushi/vec4 0, 0, 1;
    %store/vec4 v000002a7403cd320_0, 0, 1;
    %jmp T_9.9;
T_9.6 ;
    %load/vec4 v000002a7403cfd30_0;
    %store/vec4 v000002a7403cddc0_0, 0, 32;
    %pushi/vec4 0, 0, 1;
    %store/vec4 v000002a7403cd320_0, 0, 1;
    %jmp T_9.9;
T_9.7 ;
    %load/vec4 v000002a7403cec50_0;
    %store/vec4 v000002a7403cddc0_0, 0, 32;
    %pushi/vec4 0, 0, 1;
    %store/vec4 v000002a7403cd320_0, 0, 1;
    %jmp T_9.9;
T_9.9 ;
    %pop/vec4 1;
    %jmp T_9;
    .thread T_9, $push;
    .scope S_000002a7402ec830;
T_10 ;
    %wait E_000002a740354bf0;
    %pushi/vec4 0, 0, 1;
    %store/vec4 v000002a7403d48c0_0, 0, 1;
    %load/vec4 v000002a7403d5cc0_0;
    %flag_set/vec4 8;
    %jmp/0xz  T_10.0, 8;
    %pushi/vec4 0, 0, 1;
    %store/vec4 v000002a7403d48c0_0, 0, 1;
    %jmp T_10.1;
T_10.0 ;
    %load/vec4 v000002a7403d4fa0_0;
    %flag_set/vec4 9;
    %flag_get/vec4 9;
    %jmp/0 T_10.4, 9;
    %load/vec4 v000002a7403d46e0_0;
    %and;
T_10.4;
    %flag_set/vec4 8;
    %jmp/0xz  T_10.2, 8;
    %pushi/vec4 1, 0, 1;
    %store/vec4 v000002a7403d48c0_0, 0, 1;
T_10.2 ;
T_10.1 ;
    %jmp T_10;
    .thread T_10, $push;
    .scope S_000002a7402ec830;
T_11 ;
    %wait E_000002a740354230;
    %load/vec4 v000002a7403d48c0_0;
    %pad/u 2;
    %dup/vec4;
    %pushi/vec4 0, 0, 2;
    %cmp/u;
    %jmp/1 T_11.0, 6;
    %dup/vec4;
    %pushi/vec4 1, 0, 2;
    %cmp/u;
    %jmp/1 T_11.1, 6;
    %dup/vec4;
    %pushi/vec4 2, 0, 2;
    %cmp/u;
    %jmp/1 T_11.2, 6;
    %load/vec4 v000002a7403d5680_0;
    %store/vec4 v000002a7403d4820_0, 0, 32;
    %jmp T_11.4;
T_11.0 ;
    %load/vec4 v000002a7403d5680_0;
    %store/vec4 v000002a7403d4820_0, 0, 32;
    %jmp T_11.4;
T_11.1 ;
    %load/vec4 v000002a7403d5e00_0;
    %store/vec4 v000002a7403d4820_0, 0, 32;
    %jmp T_11.4;
T_11.2 ;
    %load/vec4 v000002a7403d5ea0_0;
    %store/vec4 v000002a7403d4820_0, 0, 32;
    %jmp T_11.4;
T_11.4 ;
    %pop/vec4 1;
    %jmp T_11;
    .thread T_11, $push;
    .scope S_000002a7402c5e80;
T_12 ;
    %pushi/vec4 0, 0, 1;
    %store/vec4 v000002a7403d5fe0_0, 0, 1;
    %pushi/vec4 1, 0, 1;
    %store/vec4 v000002a7403d5900_0, 0, 1;
    %end;
    .thread T_12;
    .scope S_000002a7402c5e80;
T_13 ;
    %delay 5000, 0;
    %load/vec4 v000002a7403d5fe0_0;
    %inv;
    %store/vec4 v000002a7403d5fe0_0, 0, 1;
    %jmp T_13;
    .thread T_13;
    .scope S_000002a7402c5e80;
T_14 ;
    %delay 50000, 0;
    %pushi/vec4 0, 0, 1;
    %store/vec4 v000002a7403d5900_0, 0, 1;
    %delay 1000000, 0;
    %vpi_call 2 21 "$finish" {0 0 0};
    %end;
    .thread T_14;
    .scope S_000002a7402c6010;
T_15 ;
    %vpi_call 2 527 "$readmemh", "program.hex", v000002a7403d4780 {0 0 0};
    %end;
    .thread T_15;
    .scope S_000002a7402c6010;
T_16 ;
    %wait E_000002a7403547f0;
    %load/vec4 v000002a7403d5b80_0;
    %parti/s 8, 2, 3;
    %pad/u 10;
    %ix/vec4 4;
    %load/vec4a v000002a7403d4780, 4;
    %store/vec4 v000002a7403d45a0_0, 0, 32;
    %jmp T_16;
    .thread T_16, $push;
# The file index is used to find the file name in the following table.
:file_names 3;
    "N/A";
    "<interactive>";
    "RISCV_tb.v";
